2025-12-02 12:11:55.936: [INFO] VisibilityChanged: 0
2025-12-02 12:11:56.038: [INFO] RecordSyncInitDuration has_sync_been_enabled: 0 state: 0
2025-12-02 12:11:56.041: [INFO] RecordSyncInitDuration has_sync_been_enabled: 0 state: 0
2025-12-02 12:11:56.043: [INFO] RecordSyncInitDuration has_sync_been_enabled: 0 state: 0
2025-12-02 12:11:56.045: [INFO] RecordSyncInitDuration has_sync_been_enabled: 0 state: 0
2025-12-02 12:11:56.047: [INFO] RecordSyncInitDuration has_sync_been_enabled: 0 state: 0
2025-12-02 12:11:56.049: [INFO] RecordSyncInitDuration has_sync_been_enabled: 0 state: 0
2025-12-02 12:11:56.051: [INFO] RecordSyncInitDuration has_sync_been_enabled: 0 state: 0
2025-12-02 12:11:56.053: [INFO] RecordSyncInitDuration has_sync_been_enabled: 0 state: 0
2025-12-02 12:11:56.055: [INFO] RecordSyncInitDuration has_sync_been_enabled: 0 state: 0
2025-12-02 12:11:56.056: [INFO] RecordSyncInitDuration has_sync_been_enabled: 0 state: 0
2025-12-02 12:11:56.058: [INFO] RecordSyncInitDuration has_sync_been_enabled: 0 state: 0
2025-12-02 12:11:56.070: [INFO] BookmarkModelLoaded, ids_reassigned: 0
2025-12-02 12:11:56.070: [INFO] OnDoneLoading sync enabled: 0
2025-12-02 12:11:56.076: [INFO] RecordSyncInitDuration has_sync_been_enabled: 0 state: 0
2025-12-02 12:11:56.522: [INFO] RecordSyncInitDuration has_sync_been_enabled: 0 state: 3
2025-12-02 12:11:56.563: [INFO] Primary account changed.
2025-12-02 12:11:56.563: [INFO] OnPrimaryAccountChanged PrimaryAccountChangeEvent::Type::kSet
2025-12-02 12:11:56.572: [INFO] RecordSyncInitDuration has_sync_been_enabled: 0 state: 3
2025-12-02 12:11:57.537: [INFO] RecordSyncInitDuration has_sync_been_enabled: 0 state: 3
2025-12-02 12:12:02.462: [INFO] VisibilityChanged: 1
2025-12-02 12:12:02.737: [INFO] BookmarkNodeAdded, ABU: 0
2025-12-02 12:12:02.739: [INFO] BookmarkNodeAdded, ABU: 0
2025-12-02 12:12:02.739: [INFO] BookmarkNodeAdded, ABU: 0
2025-12-02 12:12:02.740: [INFO] BookmarkNodeAdded, ABU: 0
2025-12-02 12:12:02.740: [INFO] BookmarkNodeAdded, ABU: 0
2025-12-02 12:12:02.740: [INFO] BookmarkNodeAdded, ABU: 0
2025-12-02 12:12:02.740: [INFO] BookmarkNodeAdded, ABU: 0
2025-12-02 12:12:02.741: [INFO] BookmarkNodeAdded, ABU: 0
2025-12-02 12:12:02.741: [INFO] BookmarkNodeAdded, ABU: 0
2025-12-02 12:12:02.741: [INFO] BookmarkNodeAdded, ABU: 0
2025-12-02 12:12:02.741: [INFO] BookmarkNodeAdded, ABU: 0
2025-12-02 12:12:02.742: [INFO] BookmarkNodeAdded, ABU: 0
2025-12-02 12:12:02.742: [INFO] BookmarkNodeAdded, ABU: 0
2025-12-02 12:12:02.742: [INFO] BookmarkNodeAdded, ABU: 0
2025-12-02 12:12:02.742: [INFO] BookmarkNodeAdded, ABU: 0
2025-12-02 12:12:02.743: [INFO] BookmarkNodeAdded, ABU: 0
2025-12-02 12:12:02.743: [INFO] BookmarkNodeAdded, ABU: 0
2025-12-02 12:12:02.743: [INFO] BookmarkNodeAdded, ABU: 0
2025-12-02 12:12:02.743: [INFO] BookmarkNodeAdded, ABU: 0
2025-12-02 12:12:03.234: [INFO] Sync initialization duration: 5331ms
2025-12-02 12:15:43.618: [INFO] VisibilityChanged: 0
2025-12-02 12:23:01.665: [INFO] OnDoneLoading sync enabled: 1
2025-12-02 12:23:14.923: [INFO] Sync initialization duration: 2920ms
2025-12-02 12:26:54.923: [INFO] VisibilityChanged: 0
2025-12-02 12:30:38.588: [INFO] OnDoneLoading sync enabled: 1
2025-12-02 12:30:50.108: [INFO] Sync initialization duration: 1590ms
2025-12-02 12:34:35.134: [INFO] VisibilityChanged: 0
2025-12-02 12:35:53.445: [INFO] OnDoneLoading sync enabled: 1
2025-12-02 12:36:05.066: [INFO] Sync initialization duration: 1677ms
2025-12-02 12:39:53.150: [INFO] VisibilityChanged: 0
2025-12-02 12:45:51.457: [INFO] OnDoneLoading sync enabled: 1
2025-12-02 12:46:03.217: [INFO] Sync initialization duration: 1806ms
2025-12-02 12:48:55.890: [INFO] VisibilityChanged: 0
2025-12-02 12:50:20.140: [INFO] OnDoneLoading sync enabled: 1
2025-12-02 12:50:31.705: [INFO] Sync initialization duration: 1655ms
2025-12-02 12:53:52.874: [INFO] VisibilityChanged: 0
2025-12-02 13:01:04.442: [INFO] OnDoneLoading sync enabled: 1
2025-12-02 13:01:17.474: [INFO] Sync initialization duration: 3088ms
2025-12-02 13:02:58.279: [INFO] VisibilityChanged: 0
2025-12-02 13:06:58.497: [INFO] OnDoneLoading sync enabled: 1
2025-12-02 13:07:10.435: [INFO] Sync initialization duration: 1997ms
2025-12-02 13:13:47.959: [INFO] VisibilityChanged: 0
2025-12-02 13:20:58.484: [INFO] OnDoneLoading sync enabled: 1
2025-12-02 13:21:10.262: [INFO] Sync initialization duration: 1848ms
2025-12-02 13:24:31.969: [INFO] VisibilityChanged: 0
2025-12-03 08:53:40.477: [INFO] OnDoneLoading sync enabled: 1
2025-12-03 08:53:54.102: [INFO] Sync initialization duration: 2607ms
2025-12-03 09:04:38.793: [INFO] VisibilityChanged: 0
2025-12-03 09:13:04.778: [INFO] OnDoneLoading sync enabled: 1
2025-12-03 09:13:18.530: [INFO] Sync initialization duration: 3813ms
2025-12-03 09:20:24.277: [INFO] VisibilityChanged: 0
2025-12-03 09:37:35.348: [INFO] OnDoneLoading sync enabled: 1
2025-12-03 09:37:47.748: [INFO] Sync initialization duration: 2141ms
2025-12-03 09:40:28.499: [INFO] VisibilityChanged: 0
2025-12-03 09:50:52.933: [INFO] OnDoneLoading sync enabled: 1
2025-12-03 09:51:05.508: [INFO] Sync initialization duration: 2541ms
2025-12-03 09:57:50.628: [INFO] VisibilityChanged: 0
2025-12-03 10:00:01.379: [INFO] OnDoneLoading sync enabled: 1
2025-12-03 10:00:13.300: [INFO] Sync initialization duration: 1987ms
2025-12-03 10:05:11.549: [INFO] VisibilityChanged: 0
2025-12-03 10:10:27.450: [INFO] OnDoneLoading sync enabled: 1
2025-12-03 10:10:39.857: [INFO] Sync initialization duration: 2434ms
2025-12-03 10:11:50.719: [INFO] VisibilityChanged: 0
2025-12-03 10:16:13.040: [INFO] OnDoneLoading sync enabled: 1
2025-12-03 10:16:24.958: [INFO] Sync initialization duration: 1902ms
2025-12-03 10:17:20.367: [INFO] VisibilityChanged: 0
2025-12-03 10:21:56.374: [INFO] OnDoneLoading sync enabled: 1
2025-12-03 10:22:08.671: [INFO] Sync initialization duration: 2314ms
2025-12-03 10:28:18.891: [INFO] VisibilityChanged: 0
2025-12-03 10:36:50.075: [INFO] OnDoneLoading sync enabled: 1
2025-12-03 10:37:04.354: [INFO] Sync initialization duration: 3743ms
2025-12-03 10:40:08.054: [INFO] VisibilityChanged: 0
2025-12-03 10:47:15.052: [INFO] OnDoneLoading sync enabled: 1
2025-12-03 10:47:28.150: [INFO] Sync initialization duration: 3164ms
2025-12-03 10:51:24.247: [INFO] VisibilityChanged: 0
2025-12-03 10:53:51.525: [INFO] OnDoneLoading sync enabled: 1
2025-12-03 10:54:03.808: [INFO] Sync initialization duration: 2268ms
2025-12-03 10:58:53.272: [INFO] VisibilityChanged: 0
2025-12-03 11:01:11.941: [INFO] OnDoneLoading sync enabled: 1
2025-12-03 11:01:24.729: [INFO] Sync initialization duration: 2773ms
2025-12-03 11:08:31.779: [INFO] VisibilityChanged: 0
2025-12-03 11:09:47.557: [INFO] OnDoneLoading sync enabled: 1
2025-12-03 11:10:00.098: [INFO] Sync initialization duration: 2599ms
2025-12-03 11:11:26.965: [INFO] VisibilityChanged: 0
2025-12-03 12:34:47.614: [INFO] OnDoneLoading sync enabled: 1
2025-12-03 12:35:00.165: [INFO] Sync initialization duration: 2588ms
2025-12-03 12:36:46.345: [INFO] VisibilityChanged: 0
2025-12-03 13:03:11.805: [INFO] OnDoneLoading sync enabled: 1
2025-12-03 13:03:25.621: [INFO] Sync initialization duration: 3735ms
2025-12-03 13:10:46.318: [INFO] VisibilityChanged: 0
2025-12-03 15:18:21.071: [INFO] OnDoneLoading sync enabled: 1
2025-12-03 15:18:33.995: [INFO] Sync initialization duration: 3018ms
2025-12-03 15:44:55.434: [INFO] VisibilityChanged: 0
