{"logTime": "1202/121200", "correlationVector":"MK39ZlZ/K7W0WAIm91fvvU.1","action":"SyncServerConnectionManagerRequest", "result":"SYNC_SERVER_OK", "context":{"environment":"Prod_southeastasia_prod-s01-065-apac-southeastasia", "migrationStage":"NotStarted", "server":"akswtt108000005"}}
{"logTime": "1202/121200", "correlationVector":"MK39ZlZ/K7W0WAIm91fvvU.2","action":"ProcessGetUpdates", "result":"Done", "context":{"dataType":"Encryption Keys", "deleted":"0", "process_failed_to_decrypt":"0", "process_pending_decryption":"0", "process_success":"1", "total":"1"}}
{"logTime": "1202/121201", "correlationVector":"0vSjfiJzV1y37+zMY4b0KC","action":"SyncServerConnectionManagerRequest", "result":"SYNC_SERVER_OK", "context":{"environment":"", "migrationStage":"", "server":""}}
{"logTime": "1202/121201", "correlationVector":"0vSjfiJzV1y37+zMY4b0KC.0","action":"EncryptionKeysFetcher.DownloadKeys:", "result":"Success", "context":Key count: 10, Last key timestamp: 2025-08-25T08:15:15Z}
{"logTime": "1202/121201", "correlationVector":"0vSjfiJzV1y37+zMY4b0KC.1","action":"EncryptionKeysManager::SetEncryptionKeys:", "result":"Success", "context":Key names[10]:[SliTfJxLpzB1dF2IB+aTbu3w4XB+uqZjR23KqVUHgMHn5+N9A4JhB8S+cr/aKUkl4CHFYWSOqK0AqvYBIKYS5A==][hy1vt4Id2JlYxJLBTPmqHP7ZMkzMFNRDFBWdvhO/zw758Hs1t+k0Q8ADR1yARMZqH3rquzzSpncmcwQ4T9WRNQ==][Qc27oEoTZHmU/CaKV0sEVEOcd5RncAkBttVDOgmWnOScIwoCUyRRLhvY03b80NsCSf0jW2Z49iMv7lY06YH+TA==][wurs1TKwFtlUtS+cRF6atL483RpskIVDz9ah4ZNmoiFF4jK2VDzGovz+w9bbkLrDr30dwZ10xZ70uhUSgkIkYg==][/sDxr7LMvZztNLDSBupUaKJKrwc+mKIRQjRvjBa/B2ffYRPLCC/eoT3s1phXe+3P0yvVQPs4+J3ARzvmdcZpkw==][kcoNyS7fZrl4xwEPCP5lIMFrv2pUlwE6oDhTUkF2U7Ryn/DuVqJU2Iddzoznq7ze3S4JtfvPzr3r4QKnLcvyjQ==][4dpSzwyZ7TRcVbgUXlM4dfI8wDThAaxP59nXSAAU1/AO5VxkgXti/fbvLKE130M3ymZ4YJEtrzxuAa9IU4wQ4Q==][pCGQ9XtJP4BSNGUNYDh8L+MYH1hDuEXWRzX6FzkDXtt6J1zyHgFbD0k7Or3s34Pto50Cg4lve1eoc305omzNow==][VTtHhMEc2YHueKS/gJ7OmU7TJSf49l7KLDpjbtE/mho0D6/1dR1AFkOXHUu2oct9H0L1nGy8YBwNvwpZtTcnuQ==][o1lKYqzD4kuj17kyaMEe50aaeBKV9rhnJzqRzZR1hQuxcro6lG8gTzY+GldVuVPzWSNecqP+q8tIGKfJkQm6Cg==]}
{"logTime": "1202/121201", "correlationVector":"0vSjfiJzV1y37+zMY4b0KC.2","action":"EncryptionKeysManager::SetEncryptionKeysWithTimestamps:", "result":"Success", "context":Key timestamps[10]:[2021-04-05T02:05:52Z][2021-10-24T06:47:00Z][2022-04-22T07:38:38Z][2022-11-12T18:46:50Z][2023-05-13T14:40:49Z][2023-11-13T07:10:49Z][2024-01-21T12:41:18Z][2024-07-19T14:28:40Z][2025-01-16T04:35:38Z][2025-08-25T08:15:15Z]}
{"logTime": "1202/121201", "correlationVector":"MK39ZlZ/K7W0WAIm91fvvU","action":"Initial GetUpdates", "result":"", "context":Reason: NEW_CLIENT. cV=MK39ZlZ/K7W0WAIm91fvvU}
{"logTime": "1202/121201", "correlationVector":"MK39ZlZ/K7W0WAIm91fvvU.3","action":"GetUpdates Response", "result":"Success", "context":Received 1 update(s). cV=MK39ZlZ/K7W0WAIm91fvvU.0;server=akswtt108000005;cloudType=Consumer;environment=Prod_southeastasia_prod-s01-065-apac-southeastasia;migrationStage=NotStarted}
{"logTime": "1202/121201", "correlationVector":"9LDVPsqCkeK7Hpj9kQv8qa","action":"Initial GetUpdates", "result":"", "context":Reason: NEWLY_SUPPORTED_DATATYPE. cV=9LDVPsqCkeK7Hpj9kQv8qa}
{"logTime": "1202/121202", "correlationVector":"9LDVPsqCkeK7Hpj9kQv8qa.1","action":"SyncServerConnectionManagerRequest", "result":"SYNC_SERVER_OK", "context":{"environment":"Prod_southeastasia_prod-s01-065-apac-southeastasia", "migrationStage":"NotStarted", "server":"akswtt108000006"}}
{"logTime": "1202/121202", "correlationVector":"9LDVPsqCkeK7Hpj9kQv8qa.2","action":"ProcessGetUpdates", "result":"Done", "context":{"dataType":"Preferences", "deleted":"0", "process_failed_to_decrypt":"0", "process_pending_decryption":"0", "process_success":"108", "total":"108"}}
{"logTime": "1202/121202", "correlationVector":"9LDVPsqCkeK7Hpj9kQv8qa.3","action":"ProcessGetUpdates", "result":"Done", "context":{"dataType":"Passwords", "deleted":"0", "process_failed_to_decrypt":"0", "process_pending_decryption":"0", "process_success":"115", "total":"115"}}
{"logTime": "1202/121202", "correlationVector":"9LDVPsqCkeK7Hpj9kQv8qa.4","action":"ProcessGetUpdates", "result":"Done", "context":{"dataType":"Device Info", "deleted":"0", "process_failed_to_decrypt":"0", "process_pending_decryption":"0", "process_success":"14", "total":"14"}}
{"logTime": "1202/121202", "correlationVector":"9LDVPsqCkeK7Hpj9kQv8qa.5","action":"GetUpdates Response", "result":"Success", "context":Received 237 update(s). cV=9LDVPsqCkeK7Hpj9kQv8qa.0;server=akswtt108000006;cloudType=Consumer;environment=Prod_southeastasia_prod-s01-065-apac-southeastasia;migrationStage=NotStarted}
{"logTime": "1202/121202", "correlationVector":"GnBPuDAV/FO6c86Ovm473w","action":"Initial GetUpdates", "result":"", "context":Reason: NEWLY_SUPPORTED_DATATYPE. cV=GnBPuDAV/FO6c86Ovm473w}
{"logTime": "1202/121202", "correlationVector":"GnBPuDAV/FO6c86Ovm473w.1","action":"SyncServerConnectionManagerRequest", "result":"SYNC_SERVER_OK", "context":{"environment":"Prod_southeastasia_prod-s01-065-apac-southeastasia", "migrationStage":"NotStarted", "server":"akswtt108000005"}}
{"logTime": "1202/121202", "correlationVector":"GnBPuDAV/FO6c86Ovm473w.2","action":"ProcessGetUpdates", "result":"Done", "context":{"dataType":"Bookmarks", "deleted":"0", "process_failed_to_decrypt":"0", "process_pending_decryption":"0", "process_success":"25", "total":"25"}}
{"logTime": "1202/121202", "correlationVector":"GnBPuDAV/FO6c86Ovm473w.3","action":"GetUpdates Response", "result":"Success", "context":Received 25 update(s). cV=GnBPuDAV/FO6c86Ovm473w.0;server=akswtt108000005;cloudType=Consumer;environment=Prod_southeastasia_prod-s01-065-apac-southeastasia;migrationStage=NotStarted}
{"logTime": "1202/121202", "correlationVector":"J4Nqxt9nIdX+sWHYc9yr4b","action":"Initial GetUpdates", "result":"", "context":Reason: NEWLY_SUPPORTED_DATATYPE. cV=J4Nqxt9nIdX+sWHYc9yr4b}
{"logTime": "1202/121203", "correlationVector":"J4Nqxt9nIdX+sWHYc9yr4b.1","action":"SyncServerConnectionManagerRequest", "result":"SYNC_SERVER_OK", "context":{"environment":"Prod_southeastasia_prod-s01-065-apac-southeastasia", "migrationStage":"NotStarted", "server":"akswtt10800000t"}}
{"logTime": "1202/121203", "correlationVector":"J4Nqxt9nIdX+sWHYc9yr4b.2","action":"ProcessGetUpdates", "result":"Done", "context":{"dataType":"Autofill", "deleted":"0", "process_failed_to_decrypt":"0", "process_pending_decryption":"0", "process_success":"2", "total":"2"}}
{"logTime": "1202/121203", "correlationVector":"J4Nqxt9nIdX+sWHYc9yr4b.3","action":"ProcessGetUpdates", "result":"Done", "context":{"dataType":"Extensions", "deleted":"0", "process_failed_to_decrypt":"0", "process_pending_decryption":"0", "process_success":"4", "total":"4"}}
{"logTime": "1202/121203", "correlationVector":"J4Nqxt9nIdX+sWHYc9yr4b.4","action":"ProcessGetUpdates", "result":"Done", "context":{"dataType":"Sessions", "deleted":"58", "process_failed_to_decrypt":"0", "process_pending_decryption":"0", "process_success":"80", "total":"80"}}
{"logTime": "1202/121203", "correlationVector":"J4Nqxt9nIdX+sWHYc9yr4b.5","action":"ProcessGetUpdates", "result":"Done", "context":{"dataType":"Edge Hub App Usage", "deleted":"2", "process_failed_to_decrypt":"0", "process_pending_decryption":"0", "process_success":"8", "total":"8"}}
{"logTime": "1202/121203", "correlationVector":"J4Nqxt9nIdX+sWHYc9yr4b.6","action":"GetUpdates Response", "result":"Success", "context":Received 94 update(s). cV=J4Nqxt9nIdX+sWHYc9yr4b.0;server=akswtt10800000t;cloudType=Consumer;environment=Prod_southeastasia_prod-s01-065-apac-southeastasia;migrationStage=NotStarted}
{"logTime": "1202/121203", "correlationVector":"FZnRpb0L1sQ9SDAvBzUz55","action":"Initial GetUpdates", "result":"", "context":Reason: NEWLY_SUPPORTED_DATATYPE. cV=FZnRpb0L1sQ9SDAvBzUz55}
{"logTime": "1202/121203", "correlationVector":"FZnRpb0L1sQ9SDAvBzUz55.1","action":"SyncServerConnectionManagerRequest", "result":"SYNC_SERVER_OK", "context":{"environment":"Prod_southeastasia_prod-s01-065-apac-southeastasia", "migrationStage":"NotStarted", "server":"akswtt10800000h"}}
{"logTime": "1202/121203", "correlationVector":"FZnRpb0L1sQ9SDAvBzUz55.2","action":"ProcessGetUpdates", "result":"Done", "context":{"dataType":"History", "deleted":"0", "process_failed_to_decrypt":"0", "process_pending_decryption":"0", "process_success":"154", "total":"154"}}
{"logTime": "1202/121203", "correlationVector":"FZnRpb0L1sQ9SDAvBzUz55.3","action":"GetUpdates Response", "result":"Success", "context":Received 154 update(s). cV=FZnRpb0L1sQ9SDAvBzUz55.0;server=akswtt10800000h;cloudType=Consumer;environment=Prod_southeastasia_prod-s01-065-apac-southeastasia;migrationStage=NotStarted}
{"logTime": "1202/121203", "correlationVector":"dGf51D+10ydmQHXUQQigl3","action":"Normal GetUpdate request", "result":"", "context":cV=dGf51D+10ydmQHXUQQigl3
Nudged types: Sessions, Device Info, User Consents
Refresh requested types: Bookmarks, Preferences, Passwords, Autofill Profiles, Autofill, Extensions, Sessions, Extension settings, History Delete Directives, Device Info, User Consents, Send Tab To Self, Web Apps, History, Saved Tab Group, WebAuthn Credentials, Collection, Edge E Drop, Edge Hub App Usage, Edge Wallet, Encryption Keys}
{"logTime": "1202/121204", "correlationVector":"dGf51D+10ydmQHXUQQigl3.1","action":"SyncServerConnectionManagerRequest", "result":"SYNC_SERVER_OK", "context":{"environment":"Prod_southeastasia_prod-s01-065-apac-southeastasia", "migrationStage":"NotStarted", "server":"akswtt108000009"}}
{"logTime": "1202/121204", "correlationVector":"dGf51D+10ydmQHXUQQigl3.2","action":"GetUpdates Response", "result":"Success", "context":Received 0 update(s). cV=dGf51D+10ydmQHXUQQigl3.0;server=akswtt108000009;cloudType=Consumer;environment=Prod_southeastasia_prod-s01-065-apac-southeastasia;migrationStage=NotStarted}
{"logTime": "1202/121204", "correlationVector":"vLDUWI3GmguQQ2ZcaE3VcD","action":"DoCompareDataConsistency requsted types: ", "result":"Bookmarks, Preferences, Passwords, Extensions, Extension settings, History Delete Directives, Send Tab To Self, Web Apps, History, Saved Tab Group, WebAuthn Credentials, Collection, Edge E Drop, Edge Wallet, Encryption Keys"}
{"logTime": "1202/121204", "correlationVector":"vLDUWI3GmguQQ2ZcaE3VcD.0","action":"CompareDataConsistency result: ", "result":"Compare result: Encryption Keys is consistent. local entities count is: 1 local entities hash is: kyiRHXtcuPLyuBoKlrvOrS5Yv+4="}
{"logTime": "1202/121204", "correlationVector":"vLDUWI3GmguQQ2ZcaE3VcD.1","action":"CompareDataConsistency result: ", "result":"Compare result: Bookmarks is consistent. local entities count is: 19 local entities hash is: XNf+fEzLLnyCBnCCIhYUNeMgKBg="}
{"logTime": "1202/121204", "correlationVector":"vLDUWI3GmguQQ2ZcaE3VcD.2","action":"CompareDataConsistency result: ", "result":"Compare result: Preferences is consistent. local entities count is: 108 local entities hash is: xFVnozR0yNW+QSVZR8vRLlAA0vI="}
{"logTime": "1202/121204", "correlationVector":"vLDUWI3GmguQQ2ZcaE3VcD.3","action":"CompareDataConsistency result: ", "result":"Compare result: Extensions is consistent. local entities count is: 4 local entities hash is: gxSM/CJi4w1ClUb02N2+HvaPhyA="}
{"logTime": "1202/121204", "correlationVector":"vLDUWI3GmguQQ2ZcaE3VcD.4","action":"CompareDataConsistency result: ", "result":"Compare result: Extension settings is consistent. local entities count is: 0 local entities hash is: "}
{"logTime": "1202/121204", "correlationVector":"vLDUWI3GmguQQ2ZcaE3VcD.5","action":"CompareDataConsistency result: ", "result":"Compare result: History Delete Directives is consistent. local entities count is: 0 local entities hash is: "}
{"logTime": "1202/121204", "correlationVector":"vLDUWI3GmguQQ2ZcaE3VcD.6","action":"CompareDataConsistency result: ", "result":"Server did not send this Send Tab To Self local entities count is: 0 local entities hash is: "}
{"logTime": "1202/121204", "correlationVector":"vLDUWI3GmguQQ2ZcaE3VcD.7","action":"CompareDataConsistency result: ", "result":"Compare result: Web Apps is consistent. local entities count is: 0 local entities hash is: "}
{"logTime": "1202/121204", "correlationVector":"vLDUWI3GmguQQ2ZcaE3VcD.8","action":"CompareDataConsistency result: ", "result":"Server did not send this History local entities count is: 0 local entities hash is: "}
{"logTime": "1202/121204", "correlationVector":"vLDUWI3GmguQQ2ZcaE3VcD.9","action":"CompareDataConsistency result: ", "result":"Compare result: Saved Tab Group is consistent. local entities count is: 0 local entities hash is: "}
{"logTime": "1202/121204", "correlationVector":"vLDUWI3GmguQQ2ZcaE3VcD.10","action":"CompareDataConsistency result: ", "result":"Server did not send this WebAuthn Credentials local entities count is: 0 local entities hash is: "}
{"logTime": "1202/121204", "correlationVector":"vLDUWI3GmguQQ2ZcaE3VcD.11","action":"CompareDataConsistency result: ", "result":"Compare result: Collection is consistent. local entities count is: 0 local entities hash is: "}
{"logTime": "1202/121204", "correlationVector":"vLDUWI3GmguQQ2ZcaE3VcD.12","action":"CompareDataConsistency result: ", "result":"Compare result: Edge E Drop is consistent. local entities count is: 0 local entities hash is: "}
{"logTime": "1202/121204", "correlationVector":"vLDUWI3GmguQQ2ZcaE3VcD.13","action":"CompareDataConsistency result: ", "result":"Compare result: Edge Wallet is consistent. local entities count is: 0 local entities hash is: "}
{"logTime": "1202/121204", "correlationVector":"vLDUWI3GmguQQ2ZcaE3VcD.14","action":"CompareDataConsistency result: ", "result":"Compare result: Passwords is consistent. local entities count is: 115 local entities hash is: j95grMC1UWOyfNsxJGJpCYFRjaY="}
{"logTime": "1202/121204", "correlationVector":"gLQbAewHBAY5i9e2c+0vV2","action":"Commit Request", "result":"", "context":Item count: 5
Contributing types: Sessions, Device Info, User Consents}
{"logTime": "1202/121206", "correlationVector":"gLQbAewHBAY5i9e2c+0vV2.1","action":"SyncServerConnectionManagerRequest", "result":"SYNC_SERVER_OK", "context":{"environment":"Prod_southeastasia_prod-s01-065-apac-southeastasia", "migrationStage":"NotStarted", "server":"akswtt10800000h"}}
{"logTime": "1202/121206", "correlationVector":"gLQbAewHBAY5i9e2c+0vV2.2","action":"Commit Response", "result":"Success", "context":Result: Success. cV=gLQbAewHBAY5i9e2c+0vV2.0;server=akswtt10800000h;cloudType=Consumer;environment=Prod_southeastasia_prod-s01-065-apac-southeastasia;migrationStage=NotStarted}
{"logTime": "1202/121206", "correlationVector":"","action":"DIAGNOSTIC_REQUEST|v1/diagnosticData/Diagnostic.SendCheckResult()|SUCCESS", "result":""}
{"logTime": "1202/121217", "correlationVector":"TlLderuzFTMLPTLX2Tn4tl","action":"Commit Request", "result":"", "context":Item count: 40
Contributing types: Passwords}
{"logTime": "1202/121220", "correlationVector":"TlLderuzFTMLPTLX2Tn4tl.1","action":"SyncServerConnectionManagerRequest", "result":"SYNC_SERVER_OK", "context":{"environment":"Prod_southeastasia_prod-s01-065-apac-southeastasia", "migrationStage":"NotStarted", "server":"akswtt10800000n"}}
{"logTime": "1202/121220", "correlationVector":"TlLderuzFTMLPTLX2Tn4tl.2","action":"Commit Response", "result":"Success", "context":Result: Success. cV=TlLderuzFTMLPTLX2Tn4tl.0;server=akswtt10800000n;cloudType=Consumer;environment=Prod_southeastasia_prod-s01-065-apac-southeastasia;migrationStage=NotStarted}
{"logTime": "1202/121220", "correlationVector":"7Lb73yXCi/pFXNH6hIZzZI","action":"Commit Request", "result":"", "context":Item count: 6
Contributing types: Preferences, Passwords}
{"logTime": "1202/121221", "correlationVector":"7Lb73yXCi/pFXNH6hIZzZI.1","action":"SyncServerConnectionManagerRequest", "result":"SYNC_SERVER_OK", "context":{"environment":"Prod_southeastasia_prod-s01-065-apac-southeastasia", "migrationStage":"NotStarted", "server":"akswtt108000008"}}
{"logTime": "1202/121221", "correlationVector":"7Lb73yXCi/pFXNH6hIZzZI.2","action":"Commit Response", "result":"Success", "context":Result: Success. cV=7Lb73yXCi/pFXNH6hIZzZI.0;server=akswtt108000008;cloudType=Consumer;environment=Prod_southeastasia_prod-s01-065-apac-southeastasia;migrationStage=NotStarted}
{"logTime": "1202/121227", "correlationVector":"fdSP+WD2mUAAZ3poPVJfK/","action":"Commit Request", "result":"", "context":Item count: 1
Contributing types: Preferences}
{"logTime": "1202/121228", "correlationVector":"fdSP+WD2mUAAZ3poPVJfK/.1","action":"SyncServerConnectionManagerRequest", "result":"SYNC_SERVER_OK", "context":{"environment":"Prod_southeastasia_prod-s01-064-apac-southeastasia", "migrationStage":"NotStarted", "server":"akswtt10800000b"}}
{"logTime": "1202/121228", "correlationVector":"fdSP+WD2mUAAZ3poPVJfK/.2","action":"Commit Response", "result":"Success", "context":Result: Success. cV=fdSP+WD2mUAAZ3poPVJfK/.0;server=akswtt10800000b;cloudType=Consumer;environment=Prod_southeastasia_prod-s01-064-apac-southeastasia;migrationStage=NotStarted}
{"logTime": "1202/121256", "correlationVector":"vIuMQy42Wi5K6NxwbBw4sq","action":"Commit Request", "result":"", "context":Item count: 40
Contributing types: Passwords}
{"logTime": "1202/121258", "correlationVector":"vIuMQy42Wi5K6NxwbBw4sq.1","action":"SyncServerConnectionManagerRequest", "result":"SYNC_SERVER_OK", "context":{"environment":"Prod_southeastasia_prod-s01-065-apac-southeastasia", "migrationStage":"NotStarted", "server":"akswtt10800000p"}}
{"logTime": "1202/121258", "correlationVector":"vIuMQy42Wi5K6NxwbBw4sq.2","action":"Commit Response", "result":"Success", "context":Result: Success. cV=vIuMQy42Wi5K6NxwbBw4sq.0;server=akswtt10800000p;cloudType=Consumer;environment=Prod_southeastasia_prod-s01-065-apac-southeastasia;migrationStage=NotStarted}
{"logTime": "1202/121258", "correlationVector":"SHK43p56nzEu76VIqbYLSS","action":"Commit Request", "result":"", "context":Item count: 16
Contributing types: Passwords, Sessions, History}
{"logTime": "1202/121300", "correlationVector":"SHK43p56nzEu76VIqbYLSS.1","action":"SyncServerConnectionManagerRequest", "result":"SYNC_SERVER_OK", "context":{"environment":"Prod_southeastasia_prod-s01-065-apac-southeastasia", "migrationStage":"NotStarted", "server":"akswtt108000007"}}
{"logTime": "1202/121300", "correlationVector":"SHK43p56nzEu76VIqbYLSS.2","action":"Commit Response", "result":"Success", "context":Result: Success. cV=SHK43p56nzEu76VIqbYLSS.0;server=akswtt108000007;cloudType=Consumer;environment=Prod_southeastasia_prod-s01-065-apac-southeastasia;migrationStage=NotStarted}
{"logTime": "1202/121404", "correlationVector":"8fIDIHknRN4kncJ9O3fB61","action":"Commit Request", "result":"", "context":Item count: 14
Contributing types: Sessions, History}
{"logTime": "1202/121405", "correlationVector":"8fIDIHknRN4kncJ9O3fB61.1","action":"SyncServerConnectionManagerRequest", "result":"SYNC_SERVER_OK", "context":{"environment":"Prod_southeastasia_prod-s01-064-apac-southeastasia", "migrationStage":"NotStarted", "server":"akswtt10800000g"}}
{"logTime": "1202/121405", "correlationVector":"8fIDIHknRN4kncJ9O3fB61.3","action":"Commit.Sessions", "result":"Success", "context":{"id":"f97c2a24-d55e-4f93-a98b-98d293b5289a", "isDeleted":"true", "size":"0", "version":"1764677579131"}}
{"logTime": "1202/121405", "correlationVector":"8fIDIHknRN4kncJ9O3fB61.2","action":"Commit Response", "result":"Success", "context":Result: Success. cV=8fIDIHknRN4kncJ9O3fB61.0;server=akswtt10800000g;cloudType=Consumer;environment=Prod_southeastasia_prod-s01-064-apac-southeastasia;migrationStage=NotStarted}
{"logTime": "1202/122313", "correlationVector":"9JB8S6cetKaftvNxk7bp4u.1","action":"SyncServerConnectionManagerRequest", "result":"SYNC_SERVER_OK", "context":{"environment":"Prod_southeastasia_prod-s01-064-apac-southeastasia", "migrationStage":"NotStarted", "server":"akswtt10800000e"}}
{"logTime": "1202/122313", "correlationVector":"9JB8S6cetKaftvNxk7bp4u.2","action":"ProcessGetUpdates", "result":"Done", "context":{"dataType":"Encryption Keys", "deleted":"0", "process_failed_to_decrypt":"0", "process_pending_decryption":"0", "process_success":"1", "total":"1"}}
{"logTime": "1202/122314", "correlationVector":"tCVpR6QIMrDm0rHM1CN9f6","action":"SyncServerConnectionManagerRequest", "result":"SYNC_SERVER_OK", "context":{"environment":"", "migrationStage":"", "server":""}}
{"logTime": "1202/122314", "correlationVector":"tCVpR6QIMrDm0rHM1CN9f6.0","action":"EncryptionKeysFetcher.DownloadKeys:", "result":"Success", "context":Key count: 10, Last key timestamp: 2025-08-25T08:15:15Z}
{"logTime": "1202/122314", "correlationVector":"tCVpR6QIMrDm0rHM1CN9f6.1","action":"EncryptionKeysManager::SetEncryptionKeys:", "result":"Success", "context":Key names[10]:[SliTfJxLpzB1dF2IB+aTbu3w4XB+uqZjR23KqVUHgMHn5+N9A4JhB8S+cr/aKUkl4CHFYWSOqK0AqvYBIKYS5A==][hy1vt4Id2JlYxJLBTPmqHP7ZMkzMFNRDFBWdvhO/zw758Hs1t+k0Q8ADR1yARMZqH3rquzzSpncmcwQ4T9WRNQ==][Qc27oEoTZHmU/CaKV0sEVEOcd5RncAkBttVDOgmWnOScIwoCUyRRLhvY03b80NsCSf0jW2Z49iMv7lY06YH+TA==][wurs1TKwFtlUtS+cRF6atL483RpskIVDz9ah4ZNmoiFF4jK2VDzGovz+w9bbkLrDr30dwZ10xZ70uhUSgkIkYg==][/sDxr7LMvZztNLDSBupUaKJKrwc+mKIRQjRvjBa/B2ffYRPLCC/eoT3s1phXe+3P0yvVQPs4+J3ARzvmdcZpkw==][kcoNyS7fZrl4xwEPCP5lIMFrv2pUlwE6oDhTUkF2U7Ryn/DuVqJU2Iddzoznq7ze3S4JtfvPzr3r4QKnLcvyjQ==][4dpSzwyZ7TRcVbgUXlM4dfI8wDThAaxP59nXSAAU1/AO5VxkgXti/fbvLKE130M3ymZ4YJEtrzxuAa9IU4wQ4Q==][pCGQ9XtJP4BSNGUNYDh8L+MYH1hDuEXWRzX6FzkDXtt6J1zyHgFbD0k7Or3s34Pto50Cg4lve1eoc305omzNow==][VTtHhMEc2YHueKS/gJ7OmU7TJSf49l7KLDpjbtE/mho0D6/1dR1AFkOXHUu2oct9H0L1nGy8YBwNvwpZtTcnuQ==][o1lKYqzD4kuj17kyaMEe50aaeBKV9rhnJzqRzZR1hQuxcro6lG8gTzY+GldVuVPzWSNecqP+q8tIGKfJkQm6Cg==]}
{"logTime": "1202/122314", "correlationVector":"tCVpR6QIMrDm0rHM1CN9f6.2","action":"EncryptionKeysManager::SetEncryptionKeysWithTimestamps:", "result":"Success", "context":Key timestamps[10]:[2021-04-05T02:05:52Z][2021-10-24T06:47:00Z][2022-04-22T07:38:38Z][2022-11-12T18:46:50Z][2023-05-13T14:40:49Z][2023-11-13T07:10:49Z][2024-01-21T12:41:18Z][2024-07-19T14:28:40Z][2025-01-16T04:35:38Z][2025-08-25T08:15:15Z]}
{"logTime": "1202/122314", "correlationVector":"9JB8S6cetKaftvNxk7bp4u","action":"Initial GetUpdates", "result":"", "context":Reason: NEW_CLIENT. cV=9JB8S6cetKaftvNxk7bp4u}
{"logTime": "1202/122314", "correlationVector":"9JB8S6cetKaftvNxk7bp4u.3","action":"GetUpdates Response", "result":"Success", "context":Received 1 update(s). cV=9JB8S6cetKaftvNxk7bp4u.0;server=akswtt10800000e;cloudType=Consumer;environment=Prod_southeastasia_prod-s01-064-apac-southeastasia;migrationStage=NotStarted}
{"logTime": "1202/122314", "correlationVector":"atMW3ErAQ9QCy17uK9qnx1","action":"Initial GetUpdates", "result":"", "context":Reason: NEWLY_SUPPORTED_DATATYPE. cV=atMW3ErAQ9QCy17uK9qnx1}
{"logTime": "1202/122314", "correlationVector":"atMW3ErAQ9QCy17uK9qnx1.1","action":"SyncServerConnectionManagerRequest", "result":"SYNC_SERVER_OK", "context":{"environment":"Prod_southeastasia_prod-s01-064-apac-southeastasia", "migrationStage":"NotStarted", "server":"akswtt10800000h"}}
{"logTime": "1202/122314", "correlationVector":"atMW3ErAQ9QCy17uK9qnx1.2","action":"ProcessGetUpdates", "result":"Done", "context":{"dataType":"Passwords", "deleted":"0", "process_failed_to_decrypt":"0", "process_pending_decryption":"0", "process_success":"115", "total":"115"}}
{"logTime": "1202/122314", "correlationVector":"atMW3ErAQ9QCy17uK9qnx1.3","action":"GetUpdates Response", "result":"Success", "context":Received 115 update(s). cV=atMW3ErAQ9QCy17uK9qnx1.0;server=akswtt10800000h;cloudType=Consumer;environment=Prod_southeastasia_prod-s01-064-apac-southeastasia;migrationStage=NotStarted}
{"logTime": "1202/122314", "correlationVector":"AhNB7QM9h0IEEmvXLJWhfG","action":"Normal GetUpdate request", "result":"", "context":cV=AhNB7QM9h0IEEmvXLJWhfG
Nudged types: Sessions, History
Refresh requested types: Bookmarks, Preferences, Passwords, Autofill Profiles, Autofill, Extensions, Sessions, Extension settings, History Delete Directives, Device Info, User Consents, Send Tab To Self, Web Apps, History, Saved Tab Group, WebAuthn Credentials, Collection, Edge E Drop, Edge Hub App Usage, Edge Wallet, Encryption Keys}
{"logTime": "1202/122315", "correlationVector":"AhNB7QM9h0IEEmvXLJWhfG.1","action":"SyncServerConnectionManagerRequest", "result":"SYNC_SERVER_OK", "context":{"environment":"Prod_southeastasia_prod-s01-064-apac-southeastasia", "migrationStage":"NotStarted", "server":"akswtt10800000h"}}
{"logTime": "1202/122315", "correlationVector":"AhNB7QM9h0IEEmvXLJWhfG.2","action":"ProcessGetUpdates", "result":"Done", "context":{"dataType":"Preferences", "deleted":"0", "process_failed_to_decrypt":"0", "process_pending_decryption":"0", "process_success":"2", "total":"2"}}
{"logTime": "1202/122315", "correlationVector":"AhNB7QM9h0IEEmvXLJWhfG.3","action":"ProcessGetUpdates", "result":"Done", "context":{"dataType":"Sessions", "deleted":"1", "process_failed_to_decrypt":"0", "process_pending_decryption":"0", "process_success":"3", "total":"3"}}
{"logTime": "1202/122315", "correlationVector":"AhNB7QM9h0IEEmvXLJWhfG.4","action":"ProcessGetUpdates", "result":"Done", "context":{"dataType":"Device Info", "deleted":"0", "process_failed_to_decrypt":"0", "process_pending_decryption":"0", "process_success":"1", "total":"1"}}
{"logTime": "1202/122315", "correlationVector":"AhNB7QM9h0IEEmvXLJWhfG.5","action":"ProcessGetUpdates", "result":"Done", "context":{"dataType":"History", "deleted":"0", "process_failed_to_decrypt":"0", "process_pending_decryption":"0", "process_success":"14", "total":"14"}}
{"logTime": "1202/122315", "correlationVector":"AhNB7QM9h0IEEmvXLJWhfG.6","action":"GetUpdates Response", "result":"Success", "context":Received 20 update(s). cV=AhNB7QM9h0IEEmvXLJWhfG.0;server=akswtt10800000h;cloudType=Consumer;environment=Prod_southeastasia_prod-s01-064-apac-southeastasia;migrationStage=NotStarted}
{"logTime": "1202/122315", "correlationVector":"F0QAIs6P2SdkVfg3Tzue6n","action":"Commit Request", "result":"", "context":Item count: 12
Contributing types: Sessions, History}
{"logTime": "1202/122316", "correlationVector":"F0QAIs6P2SdkVfg3Tzue6n.1","action":"SyncServerConnectionManagerRequest", "result":"SYNC_SERVER_OK", "context":{"environment":"Prod_southeastasia_prod-s01-064-apac-southeastasia", "migrationStage":"NotStarted", "server":"akswtt10800000c"}}
{"logTime": "1202/122316", "correlationVector":"F0QAIs6P2SdkVfg3Tzue6n.2","action":"Commit Response", "result":"Success", "context":Result: Success. cV=F0QAIs6P2SdkVfg3Tzue6n.0;server=akswtt10800000c;cloudType=Consumer;environment=Prod_southeastasia_prod-s01-064-apac-southeastasia;migrationStage=NotStarted}
{"logTime": "1202/122318", "correlationVector":"vrtI7/LUrLRgQ0grjdVJ6F","action":"Commit Request", "result":"", "context":Item count: 1
Contributing types: Edge Hub App Usage}
{"logTime": "1202/122319", "correlationVector":"vrtI7/LUrLRgQ0grjdVJ6F.1","action":"SyncServerConnectionManagerRequest", "result":"SYNC_SERVER_OK", "context":{"environment":"Prod_southeastasia_prod-s01-064-apac-southeastasia", "migrationStage":"NotStarted", "server":"akswtt10800000c"}}
{"logTime": "1202/122319", "correlationVector":"vrtI7/LUrLRgQ0grjdVJ6F.2","action":"Commit Response", "result":"Success", "context":Result: Success. cV=vrtI7/LUrLRgQ0grjdVJ6F.0;server=akswtt10800000c;cloudType=Consumer;environment=Prod_southeastasia_prod-s01-064-apac-southeastasia;migrationStage=NotStarted}
{"logTime": "1202/122327", "correlationVector":"BRJS/RmYk4yZrzXHCwojGx","action":"Commit Request", "result":"", "context":Item count: 40
Contributing types: Passwords}
{"logTime": "1202/122330", "correlationVector":"BRJS/RmYk4yZrzXHCwojGx.1","action":"SyncServerConnectionManagerRequest", "result":"SYNC_SERVER_OK", "context":{"environment":"Prod_southeastasia_prod-s01-064-apac-southeastasia", "migrationStage":"NotStarted", "server":"akswtt10800000h"}}
{"logTime": "1202/122330", "correlationVector":"BRJS/RmYk4yZrzXHCwojGx.2","action":"Commit Response", "result":"Success", "context":Result: Success. cV=BRJS/RmYk4yZrzXHCwojGx.0;server=akswtt10800000h;cloudType=Consumer;environment=Prod_southeastasia_prod-s01-064-apac-southeastasia;migrationStage=NotStarted}
{"logTime": "1202/122330", "correlationVector":"A6IXtxN09vxw/QUVs8DP2s","action":"Commit Request", "result":"", "context":Item count: 9
Contributing types: Preferences, Passwords, Sessions, History}
{"logTime": "1202/122331", "correlationVector":"A6IXtxN09vxw/QUVs8DP2s.1","action":"SyncServerConnectionManagerRequest", "result":"SYNC_SERVER_OK", "context":{"environment":"Prod_southeastasia_prod-s01-064-apac-southeastasia", "migrationStage":"NotStarted", "server":"akswtt10800000h"}}
{"logTime": "1202/122331", "correlationVector":"A6IXtxN09vxw/QUVs8DP2s.2","action":"Commit Response", "result":"Success", "context":Result: Success. cV=A6IXtxN09vxw/QUVs8DP2s.0;server=akswtt10800000h;cloudType=Consumer;environment=Prod_southeastasia_prod-s01-064-apac-southeastasia;migrationStage=NotStarted}
{"logTime": "1202/122331", "correlationVector":"A6IXtxN09vxw/QUVs8DP2s.3","action":"Commit.Sessions", "result":"Success", "context":{"id":"35eab5e6-850d-478d-9033-49650d9a2d33", "isDeleted":"true", "size":"0", "version":"1764678195697"}}
{"logTime": "1202/122347", "correlationVector":"L0Ydv0437frFdVDCb1954V","action":"Commit Request", "result":"", "context":Item count: 6
Contributing types: Preferences, Sessions, History}
{"logTime": "1202/122348", "correlationVector":"L0Ydv0437frFdVDCb1954V.1","action":"SyncServerConnectionManagerRequest", "result":"SYNC_SERVER_OK", "context":{"environment":"Prod_southeastasia_prod-s01-064-apac-southeastasia", "migrationStage":"NotStarted", "server":"akswtt10800000e"}}
{"logTime": "1202/122348", "correlationVector":"L0Ydv0437frFdVDCb1954V.2","action":"Commit Response", "result":"Success", "context":Result: Success. cV=L0Ydv0437frFdVDCb1954V.0;server=akswtt10800000e;cloudType=Consumer;environment=Prod_southeastasia_prod-s01-064-apac-southeastasia;migrationStage=NotStarted}
{"logTime": "1202/122451", "correlationVector":"ryi0V1X6ldX3SpuRY6nxLu","action":"Commit Request", "result":"", "context":Item count: 18
Contributing types: Sessions, History}
{"logTime": "1202/122452", "correlationVector":"ryi0V1X6ldX3SpuRY6nxLu.1","action":"SyncServerConnectionManagerRequest", "result":"SYNC_SERVER_OK", "context":{"environment":"Prod_southeastasia_prod-s01-064-apac-southeastasia", "migrationStage":"NotStarted", "server":"akswtt108000007"}}
{"logTime": "1202/122452", "correlationVector":"ryi0V1X6ldX3SpuRY6nxLu.2","action":"Commit Response", "result":"Success", "context":Result: Success. cV=ryi0V1X6ldX3SpuRY6nxLu.0;server=akswtt108000007;cloudType=Consumer;environment=Prod_southeastasia_prod-s01-064-apac-southeastasia;migrationStage=NotStarted}
{"logTime": "1202/123049", "correlationVector":"P6iku4TJv+FSvDyRjOxj3I.1","action":"SyncServerConnectionManagerRequest", "result":"SYNC_SERVER_OK", "context":{"environment":"Prod_southeastasia_prod-s01-064-apac-southeastasia", "migrationStage":"NotStarted", "server":"akswtt108000003"}}
{"logTime": "1202/123049", "correlationVector":"P6iku4TJv+FSvDyRjOxj3I.2","action":"ProcessGetUpdates", "result":"Done", "context":{"dataType":"Encryption Keys", "deleted":"0", "process_failed_to_decrypt":"0", "process_pending_decryption":"0", "process_success":"1", "total":"1"}}
{"logTime": "1202/123049", "correlationVector":"QKHRjuCs/oaNujACXdPM2s","action":"SyncServerConnectionManagerRequest", "result":"SYNC_SERVER_OK", "context":{"environment":"", "migrationStage":"", "server":""}}
{"logTime": "1202/123049", "correlationVector":"QKHRjuCs/oaNujACXdPM2s.0","action":"EncryptionKeysFetcher.DownloadKeys:", "result":"Success", "context":Key count: 10, Last key timestamp: 2025-08-25T08:15:15Z}
{"logTime": "1202/123049", "correlationVector":"QKHRjuCs/oaNujACXdPM2s.1","action":"EncryptionKeysManager::SetEncryptionKeys:", "result":"Success", "context":Key names[10]:[SliTfJxLpzB1dF2IB+aTbu3w4XB+uqZjR23KqVUHgMHn5+N9A4JhB8S+cr/aKUkl4CHFYWSOqK0AqvYBIKYS5A==][hy1vt4Id2JlYxJLBTPmqHP7ZMkzMFNRDFBWdvhO/zw758Hs1t+k0Q8ADR1yARMZqH3rquzzSpncmcwQ4T9WRNQ==][Qc27oEoTZHmU/CaKV0sEVEOcd5RncAkBttVDOgmWnOScIwoCUyRRLhvY03b80NsCSf0jW2Z49iMv7lY06YH+TA==][wurs1TKwFtlUtS+cRF6atL483RpskIVDz9ah4ZNmoiFF4jK2VDzGovz+w9bbkLrDr30dwZ10xZ70uhUSgkIkYg==][/sDxr7LMvZztNLDSBupUaKJKrwc+mKIRQjRvjBa/B2ffYRPLCC/eoT3s1phXe+3P0yvVQPs4+J3ARzvmdcZpkw==][kcoNyS7fZrl4xwEPCP5lIMFrv2pUlwE6oDhTUkF2U7Ryn/DuVqJU2Iddzoznq7ze3S4JtfvPzr3r4QKnLcvyjQ==][4dpSzwyZ7TRcVbgUXlM4dfI8wDThAaxP59nXSAAU1/AO5VxkgXti/fbvLKE130M3ymZ4YJEtrzxuAa9IU4wQ4Q==][pCGQ9XtJP4BSNGUNYDh8L+MYH1hDuEXWRzX6FzkDXtt6J1zyHgFbD0k7Or3s34Pto50Cg4lve1eoc305omzNow==][VTtHhMEc2YHueKS/gJ7OmU7TJSf49l7KLDpjbtE/mho0D6/1dR1AFkOXHUu2oct9H0L1nGy8YBwNvwpZtTcnuQ==][o1lKYqzD4kuj17kyaMEe50aaeBKV9rhnJzqRzZR1hQuxcro6lG8gTzY+GldVuVPzWSNecqP+q8tIGKfJkQm6Cg==]}
{"logTime": "1202/123049", "correlationVector":"QKHRjuCs/oaNujACXdPM2s.2","action":"EncryptionKeysManager::SetEncryptionKeysWithTimestamps:", "result":"Success", "context":Key timestamps[10]:[2021-04-05T02:05:52Z][2021-10-24T06:47:00Z][2022-04-22T07:38:38Z][2022-11-12T18:46:50Z][2023-05-13T14:40:49Z][2023-11-13T07:10:49Z][2024-01-21T12:41:18Z][2024-07-19T14:28:40Z][2025-01-16T04:35:38Z][2025-08-25T08:15:15Z]}
{"logTime": "1202/123049", "correlationVector":"P6iku4TJv+FSvDyRjOxj3I","action":"Initial GetUpdates", "result":"", "context":Reason: NEW_CLIENT. cV=P6iku4TJv+FSvDyRjOxj3I}
{"logTime": "1202/123049", "correlationVector":"P6iku4TJv+FSvDyRjOxj3I.3","action":"GetUpdates Response", "result":"Success", "context":Received 1 update(s). cV=P6iku4TJv+FSvDyRjOxj3I.0;server=akswtt108000003;cloudType=Consumer;environment=Prod_southeastasia_prod-s01-064-apac-southeastasia;migrationStage=NotStarted}
{"logTime": "1202/123049", "correlationVector":"7NFUYE89m7o5adrxdzm/4Q","action":"Initial GetUpdates", "result":"", "context":Reason: NEWLY_SUPPORTED_DATATYPE. cV=7NFUYE89m7o5adrxdzm/4Q}
{"logTime": "1202/123050", "correlationVector":"7NFUYE89m7o5adrxdzm/4Q.1","action":"SyncServerConnectionManagerRequest", "result":"SYNC_SERVER_OK", "context":{"environment":"Prod_southeastasia_prod-s01-064-apac-southeastasia", "migrationStage":"NotStarted", "server":"akswtt10800000n"}}
{"logTime": "1202/123050", "correlationVector":"7NFUYE89m7o5adrxdzm/4Q.2","action":"ProcessGetUpdates", "result":"Done", "context":{"dataType":"Passwords", "deleted":"0", "process_failed_to_decrypt":"0", "process_pending_decryption":"0", "process_success":"115", "total":"115"}}
{"logTime": "1202/123050", "correlationVector":"7NFUYE89m7o5adrxdzm/4Q.3","action":"GetUpdates Response", "result":"Success", "context":Received 115 update(s). cV=7NFUYE89m7o5adrxdzm/4Q.0;server=akswtt10800000n;cloudType=Consumer;environment=Prod_southeastasia_prod-s01-064-apac-southeastasia;migrationStage=NotStarted}
{"logTime": "1202/123050", "correlationVector":"t4U4juTVyralxNDYhaRrLO","action":"Normal GetUpdate request", "result":"", "context":cV=t4U4juTVyralxNDYhaRrLO
Nudged types: Sessions, History
Refresh requested types: Bookmarks, Preferences, Passwords, Autofill Profiles, Autofill, Extensions, Sessions, Extension settings, History Delete Directives, Device Info, User Consents, Send Tab To Self, Web Apps, History, Saved Tab Group, WebAuthn Credentials, Collection, Edge E Drop, Edge Hub App Usage, Edge Wallet, Encryption Keys}
{"logTime": "1202/123050", "correlationVector":"t4U4juTVyralxNDYhaRrLO.1","action":"SyncServerConnectionManagerRequest", "result":"SYNC_SERVER_OK", "context":{"environment":"Prod_southeastasia_prod-s01-064-apac-southeastasia", "migrationStage":"NotStarted", "server":"akswtt108000009"}}
{"logTime": "1202/123050", "correlationVector":"t4U4juTVyralxNDYhaRrLO.2","action":"ProcessGetUpdates", "result":"Done", "context":{"dataType":"Preferences", "deleted":"0", "process_failed_to_decrypt":"0", "process_pending_decryption":"0", "process_success":"2", "total":"2"}}
{"logTime": "1202/123050", "correlationVector":"t4U4juTVyralxNDYhaRrLO.3","action":"ProcessGetUpdates", "result":"Done", "context":{"dataType":"Sessions", "deleted":"1", "process_failed_to_decrypt":"0", "process_pending_decryption":"0", "process_success":"4", "total":"4"}}
{"logTime": "1202/123050", "correlationVector":"t4U4juTVyralxNDYhaRrLO.4","action":"ProcessGetUpdates", "result":"Done", "context":{"dataType":"History", "deleted":"0", "process_failed_to_decrypt":"0", "process_pending_decryption":"0", "process_success":"24", "total":"24"}}
{"logTime": "1202/123050", "correlationVector":"t4U4juTVyralxNDYhaRrLO.5","action":"ProcessGetUpdates", "result":"Done", "context":{"dataType":"Edge Hub App Usage", "deleted":"0", "process_failed_to_decrypt":"0", "process_pending_decryption":"0", "process_success":"1", "total":"1"}}
{"logTime": "1202/123050", "correlationVector":"t4U4juTVyralxNDYhaRrLO.6","action":"GetUpdates Response", "result":"Success", "context":Received 31 update(s). cV=t4U4juTVyralxNDYhaRrLO.0;server=akswtt108000009;cloudType=Consumer;environment=Prod_southeastasia_prod-s01-064-apac-southeastasia;migrationStage=NotStarted}
{"logTime": "1202/123050", "correlationVector":"Wqtx7cpNckIB4P4lDYLkzd","action":"Commit Request", "result":"", "context":Item count: 4
Contributing types: Sessions, History}
{"logTime": "1202/123051", "correlationVector":"Wqtx7cpNckIB4P4lDYLkzd.1","action":"SyncServerConnectionManagerRequest", "result":"SYNC_SERVER_OK", "context":{"environment":"Prod_southeastasia_prod-s01-064-apac-southeastasia", "migrationStage":"NotStarted", "server":"akswtt10800000k"}}
{"logTime": "1202/123051", "correlationVector":"Wqtx7cpNckIB4P4lDYLkzd.3","action":"Commit.Sessions", "result":"Success", "context":{"id":"7d458a15-5d2b-459d-83d7-b95e54962170", "isDeleted":"true", "size":"0", "version":"1764678291670"}}
{"logTime": "1202/123051", "correlationVector":"Wqtx7cpNckIB4P4lDYLkzd.2","action":"Commit Response", "result":"Success", "context":Result: Success. cV=Wqtx7cpNckIB4P4lDYLkzd.0;server=akswtt10800000k;cloudType=Consumer;environment=Prod_southeastasia_prod-s01-064-apac-southeastasia;migrationStage=NotStarted}
{"logTime": "1202/123059", "correlationVector":"pI+dHpKCsFpiH/g0oGH8YK","action":"Commit Request", "result":"", "context":Item count: 40
Contributing types: Passwords}
{"logTime": "1202/123101", "correlationVector":"pI+dHpKCsFpiH/g0oGH8YK.1","action":"SyncServerConnectionManagerRequest", "result":"SYNC_SERVER_OK", "context":{"environment":"Prod_southeastasia_prod-s01-064-apac-southeastasia", "migrationStage":"NotStarted", "server":"akswtt10800000p"}}
{"logTime": "1202/123101", "correlationVector":"pI+dHpKCsFpiH/g0oGH8YK.2","action":"Commit Response", "result":"Success", "context":Result: Success. cV=pI+dHpKCsFpiH/g0oGH8YK.0;server=akswtt10800000p;cloudType=Consumer;environment=Prod_southeastasia_prod-s01-064-apac-southeastasia;migrationStage=NotStarted}
{"logTime": "1202/123101", "correlationVector":"6qWCkkCJ53DBHHEx/q7EjX","action":"Commit Request", "result":"", "context":Item count: 6
Contributing types: Preferences, Passwords}
{"logTime": "1202/123102", "correlationVector":"6qWCkkCJ53DBHHEx/q7EjX.1","action":"SyncServerConnectionManagerRequest", "result":"SYNC_SERVER_OK", "context":{"environment":"Prod_southeastasia_prod-s01-064-apac-southeastasia", "migrationStage":"NotStarted", "server":"akswtt108000003"}}
{"logTime": "1202/123102", "correlationVector":"6qWCkkCJ53DBHHEx/q7EjX.2","action":"Commit Response", "result":"Success", "context":Result: Success. cV=6qWCkkCJ53DBHHEx/q7EjX.0;server=akswtt108000003;cloudType=Consumer;environment=Prod_southeastasia_prod-s01-064-apac-southeastasia;migrationStage=NotStarted}
{"logTime": "1202/123123", "correlationVector":"bp78ToEQ6KewDtcQdbtW2V","action":"Commit Request", "result":"", "context":Item count: 7
Contributing types: Preferences, Sessions, History}
{"logTime": "1202/123124", "correlationVector":"bp78ToEQ6KewDtcQdbtW2V.1","action":"SyncServerConnectionManagerRequest", "result":"SYNC_SERVER_OK", "context":{"environment":"Prod_southeastasia_prod-s01-064-apac-southeastasia", "migrationStage":"NotStarted", "server":"akswtt10800000k"}}
{"logTime": "1202/123124", "correlationVector":"bp78ToEQ6KewDtcQdbtW2V.2","action":"Commit Response", "result":"Success", "context":Result: Success. cV=bp78ToEQ6KewDtcQdbtW2V.0;server=akswtt10800000k;cloudType=Consumer;environment=Prod_southeastasia_prod-s01-064-apac-southeastasia;migrationStage=NotStarted}
{"logTime": "1202/123227", "correlationVector":"5xipajAb6iXKB8g3JPjEkn","action":"Commit Request", "result":"", "context":Item count: 15
Contributing types: Sessions, History}
{"logTime": "1202/123228", "correlationVector":"5xipajAb6iXKB8g3JPjEkn.1","action":"SyncServerConnectionManagerRequest", "result":"SYNC_SERVER_OK", "context":{"environment":"Prod_southeastasia_prod-s01-064-apac-southeastasia", "migrationStage":"NotStarted", "server":"akswtt108000003"}}
{"logTime": "1202/123228", "correlationVector":"5xipajAb6iXKB8g3JPjEkn.2","action":"Commit Response", "result":"Success", "context":Result: Success. cV=5xipajAb6iXKB8g3JPjEkn.0;server=akswtt108000003;cloudType=Consumer;environment=Prod_southeastasia_prod-s01-064-apac-southeastasia;migrationStage=NotStarted}
{"logTime": "1202/123328", "correlationVector":"byOo4zoe2Q6xTKbF6Axovi","action":"Commit Request", "result":"", "context":Item count: 2
Contributing types: Sessions}
{"logTime": "1202/123329", "correlationVector":"byOo4zoe2Q6xTKbF6Axovi.1","action":"SyncServerConnectionManagerRequest", "result":"SYNC_SERVER_OK", "context":{"environment":"Prod_southeastasia_prod-s01-064-apac-southeastasia", "migrationStage":"NotStarted", "server":"akswtt10800000p"}}
{"logTime": "1202/123329", "correlationVector":"byOo4zoe2Q6xTKbF6Axovi.2","action":"Commit Response", "result":"Success", "context":Result: Success. cV=byOo4zoe2Q6xTKbF6Axovi.0;server=akswtt10800000p;cloudType=Consumer;environment=Prod_southeastasia_prod-s01-064-apac-southeastasia;migrationStage=NotStarted}
{"logTime": "1202/123329", "correlationVector":"byOo4zoe2Q6xTKbF6Axovi.3","action":"Commit.Sessions", "result":"Success", "context":{"id":"d4723d94-04b8-4667-82d0-d8b071a917a4", "isDeleted":"true", "size":"0", "version":"1764678747816"}}
{"logTime": "1202/123604", "correlationVector":"xMPcd3L1jmkNfIE2Sx5U2i.1","action":"SyncServerConnectionManagerRequest", "result":"SYNC_SERVER_OK", "context":{"environment":"Prod_southeastasia_prod-s01-065-apac-southeastasia", "migrationStage":"NotStarted", "server":"akswtt10800000f"}}
{"logTime": "1202/123604", "correlationVector":"xMPcd3L1jmkNfIE2Sx5U2i.2","action":"ProcessGetUpdates", "result":"Done", "context":{"dataType":"Encryption Keys", "deleted":"0", "process_failed_to_decrypt":"0", "process_pending_decryption":"0", "process_success":"1", "total":"1"}}
{"logTime": "1202/123604", "correlationVector":"3x9YTUcwbSioN1CCGiN1JH","action":"SyncServerConnectionManagerRequest", "result":"SYNC_SERVER_OK", "context":{"environment":"", "migrationStage":"", "server":""}}
{"logTime": "1202/123604", "correlationVector":"3x9YTUcwbSioN1CCGiN1JH.0","action":"EncryptionKeysFetcher.DownloadKeys:", "result":"Success", "context":Key count: 10, Last key timestamp: 2025-08-25T08:15:15Z}
{"logTime": "1202/123604", "correlationVector":"3x9YTUcwbSioN1CCGiN1JH.1","action":"EncryptionKeysManager::SetEncryptionKeys:", "result":"Success", "context":Key names[10]:[SliTfJxLpzB1dF2IB+aTbu3w4XB+uqZjR23KqVUHgMHn5+N9A4JhB8S+cr/aKUkl4CHFYWSOqK0AqvYBIKYS5A==][hy1vt4Id2JlYxJLBTPmqHP7ZMkzMFNRDFBWdvhO/zw758Hs1t+k0Q8ADR1yARMZqH3rquzzSpncmcwQ4T9WRNQ==][Qc27oEoTZHmU/CaKV0sEVEOcd5RncAkBttVDOgmWnOScIwoCUyRRLhvY03b80NsCSf0jW2Z49iMv7lY06YH+TA==][wurs1TKwFtlUtS+cRF6atL483RpskIVDz9ah4ZNmoiFF4jK2VDzGovz+w9bbkLrDr30dwZ10xZ70uhUSgkIkYg==][/sDxr7LMvZztNLDSBupUaKJKrwc+mKIRQjRvjBa/B2ffYRPLCC/eoT3s1phXe+3P0yvVQPs4+J3ARzvmdcZpkw==][kcoNyS7fZrl4xwEPCP5lIMFrv2pUlwE6oDhTUkF2U7Ryn/DuVqJU2Iddzoznq7ze3S4JtfvPzr3r4QKnLcvyjQ==][4dpSzwyZ7TRcVbgUXlM4dfI8wDThAaxP59nXSAAU1/AO5VxkgXti/fbvLKE130M3ymZ4YJEtrzxuAa9IU4wQ4Q==][pCGQ9XtJP4BSNGUNYDh8L+MYH1hDuEXWRzX6FzkDXtt6J1zyHgFbD0k7Or3s34Pto50Cg4lve1eoc305omzNow==][VTtHhMEc2YHueKS/gJ7OmU7TJSf49l7KLDpjbtE/mho0D6/1dR1AFkOXHUu2oct9H0L1nGy8YBwNvwpZtTcnuQ==][o1lKYqzD4kuj17kyaMEe50aaeBKV9rhnJzqRzZR1hQuxcro6lG8gTzY+GldVuVPzWSNecqP+q8tIGKfJkQm6Cg==]}
{"logTime": "1202/123604", "correlationVector":"3x9YTUcwbSioN1CCGiN1JH.2","action":"EncryptionKeysManager::SetEncryptionKeysWithTimestamps:", "result":"Success", "context":Key timestamps[10]:[2021-04-05T02:05:52Z][2021-10-24T06:47:00Z][2022-04-22T07:38:38Z][2022-11-12T18:46:50Z][2023-05-13T14:40:49Z][2023-11-13T07:10:49Z][2024-01-21T12:41:18Z][2024-07-19T14:28:40Z][2025-01-16T04:35:38Z][2025-08-25T08:15:15Z]}
{"logTime": "1202/123604", "correlationVector":"xMPcd3L1jmkNfIE2Sx5U2i","action":"Initial GetUpdates", "result":"", "context":Reason: NEW_CLIENT. cV=xMPcd3L1jmkNfIE2Sx5U2i}
{"logTime": "1202/123604", "correlationVector":"xMPcd3L1jmkNfIE2Sx5U2i.3","action":"GetUpdates Response", "result":"Success", "context":Received 1 update(s). cV=xMPcd3L1jmkNfIE2Sx5U2i.0;server=akswtt10800000f;cloudType=Consumer;environment=Prod_southeastasia_prod-s01-065-apac-southeastasia;migrationStage=NotStarted}
{"logTime": "1202/123604", "correlationVector":"7WRWkHXuZWkM7kqILqkCw3","action":"Initial GetUpdates", "result":"", "context":Reason: NEWLY_SUPPORTED_DATATYPE. cV=7WRWkHXuZWkM7kqILqkCw3}
{"logTime": "1202/123605", "correlationVector":"7WRWkHXuZWkM7kqILqkCw3.1","action":"SyncServerConnectionManagerRequest", "result":"SYNC_SERVER_OK", "context":{"environment":"Prod_southeastasia_prod-s01-065-apac-southeastasia", "migrationStage":"NotStarted", "server":"akswtt10800000m"}}
{"logTime": "1202/123605", "correlationVector":"7WRWkHXuZWkM7kqILqkCw3.2","action":"ProcessGetUpdates", "result":"Done", "context":{"dataType":"Passwords", "deleted":"0", "process_failed_to_decrypt":"0", "process_pending_decryption":"0", "process_success":"115", "total":"115"}}
{"logTime": "1202/123605", "correlationVector":"7WRWkHXuZWkM7kqILqkCw3.3","action":"GetUpdates Response", "result":"Success", "context":Received 115 update(s). cV=7WRWkHXuZWkM7kqILqkCw3.0;server=akswtt10800000m;cloudType=Consumer;environment=Prod_southeastasia_prod-s01-065-apac-southeastasia;migrationStage=NotStarted}
{"logTime": "1202/123605", "correlationVector":"KOqWCVmXvO/9WhprNKcyvB","action":"Normal GetUpdate request", "result":"", "context":cV=KOqWCVmXvO/9WhprNKcyvB
Nudged types: Sessions, History
Refresh requested types: Bookmarks, Preferences, Passwords, Autofill Profiles, Autofill, Extensions, Sessions, Extension settings, History Delete Directives, Device Info, User Consents, Send Tab To Self, Web Apps, History, Saved Tab Group, WebAuthn Credentials, Collection, Edge E Drop, Edge Hub App Usage, Edge Wallet, Encryption Keys}
{"logTime": "1202/123605", "correlationVector":"KOqWCVmXvO/9WhprNKcyvB.1","action":"SyncServerConnectionManagerRequest", "result":"SYNC_SERVER_OK", "context":{"environment":"Prod_southeastasia_prod-s01-065-apac-southeastasia", "migrationStage":"NotStarted", "server":"akswtt10800000r"}}
{"logTime": "1202/123605", "correlationVector":"KOqWCVmXvO/9WhprNKcyvB.2","action":"ProcessGetUpdates", "result":"Done", "context":{"dataType":"Preferences", "deleted":"0", "process_failed_to_decrypt":"0", "process_pending_decryption":"0", "process_success":"2", "total":"2"}}
{"logTime": "1202/123605", "correlationVector":"KOqWCVmXvO/9WhprNKcyvB.3","action":"ProcessGetUpdates", "result":"Done", "context":{"dataType":"Sessions", "deleted":"2", "process_failed_to_decrypt":"0", "process_pending_decryption":"0", "process_success":"4", "total":"4"}}
{"logTime": "1202/123605", "correlationVector":"KOqWCVmXvO/9WhprNKcyvB.4","action":"ProcessGetUpdates", "result":"Done", "context":{"dataType":"History", "deleted":"0", "process_failed_to_decrypt":"0", "process_pending_decryption":"0", "process_success":"13", "total":"13"}}
{"logTime": "1202/123605", "correlationVector":"KOqWCVmXvO/9WhprNKcyvB.5","action":"GetUpdates Response", "result":"Success", "context":Received 19 update(s). cV=KOqWCVmXvO/9WhprNKcyvB.0;server=akswtt10800000r;cloudType=Consumer;environment=Prod_southeastasia_prod-s01-065-apac-southeastasia;migrationStage=NotStarted}
{"logTime": "1202/123605", "correlationVector":"VKsND5+SDkYe8l5pHPvPJQ","action":"Commit Request", "result":"", "context":Item count: 5
Contributing types: Sessions, History}
{"logTime": "1202/123606", "correlationVector":"VKsND5+SDkYe8l5pHPvPJQ.1","action":"SyncServerConnectionManagerRequest", "result":"SYNC_SERVER_OK", "context":{"environment":"Prod_southeastasia_prod-s01-065-apac-southeastasia", "migrationStage":"NotStarted", "server":"akswtt108000001"}}
{"logTime": "1202/123606", "correlationVector":"VKsND5+SDkYe8l5pHPvPJQ.2","action":"Commit Response", "result":"Success", "context":Result: Success. cV=VKsND5+SDkYe8l5pHPvPJQ.0;server=akswtt108000001;cloudType=Consumer;environment=Prod_southeastasia_prod-s01-065-apac-southeastasia;migrationStage=NotStarted}
{"logTime": "1202/123612", "correlationVector":"jIp4Nt3Nlrn/60J/05VG3G","action":"Commit Request", "result":"", "context":Item count: 40
Contributing types: Passwords}
{"logTime": "1202/123615", "correlationVector":"jIp4Nt3Nlrn/60J/05VG3G.1","action":"SyncServerConnectionManagerRequest", "result":"SYNC_SERVER_OK", "context":{"environment":"Prod_southeastasia_prod-s01-065-apac-southeastasia", "migrationStage":"NotStarted", "server":"akswtt108000000"}}
{"logTime": "1202/123615", "correlationVector":"jIp4Nt3Nlrn/60J/05VG3G.2","action":"Commit Response", "result":"Success", "context":Result: Success. cV=jIp4Nt3Nlrn/60J/05VG3G.0;server=akswtt108000000;cloudType=Consumer;environment=Prod_southeastasia_prod-s01-065-apac-southeastasia;migrationStage=NotStarted}
{"logTime": "1202/123615", "correlationVector":"sTHXl9d10dnj5dkplZtwkd","action":"Commit Request", "result":"", "context":Item count: 6
Contributing types: Preferences, Passwords}
{"logTime": "1202/123616", "correlationVector":"sTHXl9d10dnj5dkplZtwkd.1","action":"SyncServerConnectionManagerRequest", "result":"SYNC_SERVER_OK", "context":{"environment":"Prod_southeastasia_prod-s01-065-apac-southeastasia", "migrationStage":"NotStarted", "server":"akswtt10800000r"}}
{"logTime": "1202/123616", "correlationVector":"sTHXl9d10dnj5dkplZtwkd.2","action":"Commit Response", "result":"Success", "context":Result: Success. cV=sTHXl9d10dnj5dkplZtwkd.0;server=akswtt10800000r;cloudType=Consumer;environment=Prod_southeastasia_prod-s01-065-apac-southeastasia;migrationStage=NotStarted}
{"logTime": "1202/123647", "correlationVector":"8g5+Zs3UFHfjHKM1qAS1Um","action":"Commit Request", "result":"", "context":Item count: 7
Contributing types: Preferences, Sessions, History}
{"logTime": "1202/123648", "correlationVector":"8g5+Zs3UFHfjHKM1qAS1Um.1","action":"SyncServerConnectionManagerRequest", "result":"SYNC_SERVER_OK", "context":{"environment":"Prod_southeastasia_prod-s01-065-apac-southeastasia", "migrationStage":"NotStarted", "server":"akswtt10800000f"}}
{"logTime": "1202/123648", "correlationVector":"8g5+Zs3UFHfjHKM1qAS1Um.2","action":"Commit Response", "result":"Success", "context":Result: Success. cV=8g5+Zs3UFHfjHKM1qAS1Um.0;server=akswtt10800000f;cloudType=Consumer;environment=Prod_southeastasia_prod-s01-065-apac-southeastasia;migrationStage=NotStarted}
{"logTime": "1202/123750", "correlationVector":"Syk/2Gv96hC1Ih27s+ku77","action":"Commit Request", "result":"", "context":Item count: 14
Contributing types: Sessions, History}
{"logTime": "1202/123751", "correlationVector":"Syk/2Gv96hC1Ih27s+ku77.1","action":"SyncServerConnectionManagerRequest", "result":"SYNC_SERVER_OK", "context":{"environment":"Prod_southeastasia_prod-s01-065-apac-southeastasia", "migrationStage":"NotStarted", "server":"akswtt10800000l"}}
{"logTime": "1202/123751", "correlationVector":"Syk/2Gv96hC1Ih27s+ku77.2","action":"Commit Response", "result":"Success", "context":Result: Success. cV=Syk/2Gv96hC1Ih27s+ku77.0;server=akswtt10800000l;cloudType=Consumer;environment=Prod_southeastasia_prod-s01-065-apac-southeastasia;migrationStage=NotStarted}
{"logTime": "1202/124602", "correlationVector":"TMTY3nnZsNPD51D1VUOmGh.1","action":"SyncServerConnectionManagerRequest", "result":"SYNC_SERVER_OK", "context":{"environment":"Prod_southeastasia_prod-s01-065-apac-southeastasia", "migrationStage":"NotStarted", "server":"akswtt108000001"}}
{"logTime": "1202/124602", "correlationVector":"TMTY3nnZsNPD51D1VUOmGh.2","action":"ProcessGetUpdates", "result":"Done", "context":{"dataType":"Encryption Keys", "deleted":"0", "process_failed_to_decrypt":"0", "process_pending_decryption":"0", "process_success":"1", "total":"1"}}
{"logTime": "1202/124602", "correlationVector":"NEbCQVaTzmKXymXw9RJDTB","action":"SyncServerConnectionManagerRequest", "result":"SYNC_SERVER_OK", "context":{"environment":"", "migrationStage":"", "server":""}}
{"logTime": "1202/124602", "correlationVector":"NEbCQVaTzmKXymXw9RJDTB.0","action":"EncryptionKeysFetcher.DownloadKeys:", "result":"Success", "context":Key count: 10, Last key timestamp: 2025-08-25T08:15:15Z}
{"logTime": "1202/124602", "correlationVector":"NEbCQVaTzmKXymXw9RJDTB.1","action":"EncryptionKeysManager::SetEncryptionKeys:", "result":"Success", "context":Key names[10]:[SliTfJxLpzB1dF2IB+aTbu3w4XB+uqZjR23KqVUHgMHn5+N9A4JhB8S+cr/aKUkl4CHFYWSOqK0AqvYBIKYS5A==][hy1vt4Id2JlYxJLBTPmqHP7ZMkzMFNRDFBWdvhO/zw758Hs1t+k0Q8ADR1yARMZqH3rquzzSpncmcwQ4T9WRNQ==][Qc27oEoTZHmU/CaKV0sEVEOcd5RncAkBttVDOgmWnOScIwoCUyRRLhvY03b80NsCSf0jW2Z49iMv7lY06YH+TA==][wurs1TKwFtlUtS+cRF6atL483RpskIVDz9ah4ZNmoiFF4jK2VDzGovz+w9bbkLrDr30dwZ10xZ70uhUSgkIkYg==][/sDxr7LMvZztNLDSBupUaKJKrwc+mKIRQjRvjBa/B2ffYRPLCC/eoT3s1phXe+3P0yvVQPs4+J3ARzvmdcZpkw==][kcoNyS7fZrl4xwEPCP5lIMFrv2pUlwE6oDhTUkF2U7Ryn/DuVqJU2Iddzoznq7ze3S4JtfvPzr3r4QKnLcvyjQ==][4dpSzwyZ7TRcVbgUXlM4dfI8wDThAaxP59nXSAAU1/AO5VxkgXti/fbvLKE130M3ymZ4YJEtrzxuAa9IU4wQ4Q==][pCGQ9XtJP4BSNGUNYDh8L+MYH1hDuEXWRzX6FzkDXtt6J1zyHgFbD0k7Or3s34Pto50Cg4lve1eoc305omzNow==][VTtHhMEc2YHueKS/gJ7OmU7TJSf49l7KLDpjbtE/mho0D6/1dR1AFkOXHUu2oct9H0L1nGy8YBwNvwpZtTcnuQ==][o1lKYqzD4kuj17kyaMEe50aaeBKV9rhnJzqRzZR1hQuxcro6lG8gTzY+GldVuVPzWSNecqP+q8tIGKfJkQm6Cg==]}
{"logTime": "1202/124602", "correlationVector":"NEbCQVaTzmKXymXw9RJDTB.2","action":"EncryptionKeysManager::SetEncryptionKeysWithTimestamps:", "result":"Success", "context":Key timestamps[10]:[2021-04-05T02:05:52Z][2021-10-24T06:47:00Z][2022-04-22T07:38:38Z][2022-11-12T18:46:50Z][2023-05-13T14:40:49Z][2023-11-13T07:10:49Z][2024-01-21T12:41:18Z][2024-07-19T14:28:40Z][2025-01-16T04:35:38Z][2025-08-25T08:15:15Z]}
{"logTime": "1202/124602", "correlationVector":"TMTY3nnZsNPD51D1VUOmGh","action":"Initial GetUpdates", "result":"", "context":Reason: NEW_CLIENT. cV=TMTY3nnZsNPD51D1VUOmGh}
{"logTime": "1202/124602", "correlationVector":"TMTY3nnZsNPD51D1VUOmGh.3","action":"GetUpdates Response", "result":"Success", "context":Received 1 update(s). cV=TMTY3nnZsNPD51D1VUOmGh.0;server=akswtt108000001;cloudType=Consumer;environment=Prod_southeastasia_prod-s01-065-apac-southeastasia;migrationStage=NotStarted}
{"logTime": "1202/124602", "correlationVector":"xSuaIEc0GGFPuLdGf7TiBA","action":"Initial GetUpdates", "result":"", "context":Reason: NEWLY_SUPPORTED_DATATYPE. cV=xSuaIEc0GGFPuLdGf7TiBA}
{"logTime": "1202/124603", "correlationVector":"xSuaIEc0GGFPuLdGf7TiBA.1","action":"SyncServerConnectionManagerRequest", "result":"SYNC_SERVER_OK", "context":{"environment":"Prod_southeastasia_prod-s01-065-apac-southeastasia", "migrationStage":"NotStarted", "server":"akswtt10800000l"}}
{"logTime": "1202/124603", "correlationVector":"xSuaIEc0GGFPuLdGf7TiBA.2","action":"ProcessGetUpdates", "result":"Done", "context":{"dataType":"Passwords", "deleted":"0", "process_failed_to_decrypt":"0", "process_pending_decryption":"0", "process_success":"115", "total":"115"}}
{"logTime": "1202/124603", "correlationVector":"xSuaIEc0GGFPuLdGf7TiBA.3","action":"GetUpdates Response", "result":"Success", "context":Received 115 update(s). cV=xSuaIEc0GGFPuLdGf7TiBA.0;server=akswtt10800000l;cloudType=Consumer;environment=Prod_southeastasia_prod-s01-065-apac-southeastasia;migrationStage=NotStarted}
{"logTime": "1202/124603", "correlationVector":"AEAxuguO8Q9rs9C8U3oJOQ","action":"Normal GetUpdate request", "result":"", "context":cV=AEAxuguO8Q9rs9C8U3oJOQ
Nudged types: Sessions, History
Refresh requested types: Bookmarks, Preferences, Passwords, Autofill Profiles, Autofill, Extensions, Sessions, Extension settings, History Delete Directives, Device Info, User Consents, Send Tab To Self, Web Apps, History, Saved Tab Group, WebAuthn Credentials, Collection, Edge E Drop, Edge Hub App Usage, Edge Wallet, Encryption Keys}
{"logTime": "1202/124603", "correlationVector":"AEAxuguO8Q9rs9C8U3oJOQ.1","action":"SyncServerConnectionManagerRequest", "result":"SYNC_SERVER_OK", "context":{"environment":"Prod_southeastasia_prod-s01-065-apac-southeastasia", "migrationStage":"NotStarted", "server":"akswtt10800000i"}}
{"logTime": "1202/124603", "correlationVector":"AEAxuguO8Q9rs9C8U3oJOQ.2","action":"ProcessGetUpdates", "result":"Done", "context":{"dataType":"Preferences", "deleted":"0", "process_failed_to_decrypt":"0", "process_pending_decryption":"0", "process_success":"2", "total":"2"}}
{"logTime": "1202/124603", "correlationVector":"AEAxuguO8Q9rs9C8U3oJOQ.3","action":"ProcessGetUpdates", "result":"Done", "context":{"dataType":"Sessions", "deleted":"0", "process_failed_to_decrypt":"0", "process_pending_decryption":"0", "process_success":"3", "total":"3"}}
{"logTime": "1202/124603", "correlationVector":"AEAxuguO8Q9rs9C8U3oJOQ.4","action":"ProcessGetUpdates", "result":"Done", "context":{"dataType":"History", "deleted":"0", "process_failed_to_decrypt":"0", "process_pending_decryption":"0", "process_success":"13", "total":"13"}}
{"logTime": "1202/124603", "correlationVector":"AEAxuguO8Q9rs9C8U3oJOQ.5","action":"GetUpdates Response", "result":"Success", "context":Received 18 update(s). cV=AEAxuguO8Q9rs9C8U3oJOQ.0;server=akswtt10800000i;cloudType=Consumer;environment=Prod_southeastasia_prod-s01-065-apac-southeastasia;migrationStage=NotStarted}
{"logTime": "1202/124603", "correlationVector":"PeDvtF/BMChMvNXXGCG03u","action":"Commit Request", "result":"", "context":Item count: 4
Contributing types: Sessions, History}
{"logTime": "1202/124604", "correlationVector":"PeDvtF/BMChMvNXXGCG03u.1","action":"SyncServerConnectionManagerRequest", "result":"SYNC_SERVER_OK", "context":{"environment":"Prod_southeastasia_prod-s01-065-apac-southeastasia", "migrationStage":"NotStarted", "server":"akswtt108000001"}}
{"logTime": "1202/124604", "correlationVector":"PeDvtF/BMChMvNXXGCG03u.3","action":"Commit.Sessions", "result":"Success", "context":{"id":"11baf0a7-be3f-4604-b29c-d8294291de44", "isDeleted":"true", "size":"0", "version":"1764679071092"}}
{"logTime": "1202/124604", "correlationVector":"PeDvtF/BMChMvNXXGCG03u.2","action":"Commit Response", "result":"Success", "context":Result: Success. cV=PeDvtF/BMChMvNXXGCG03u.0;server=akswtt108000001;cloudType=Consumer;environment=Prod_southeastasia_prod-s01-065-apac-southeastasia;migrationStage=NotStarted}
{"logTime": "1202/124617", "correlationVector":"CeN5PjgNaKo9TU2XAhC6TC","action":"Commit Request", "result":"", "context":Item count: 40
Contributing types: Passwords}
{"logTime": "1202/124620", "correlationVector":"CeN5PjgNaKo9TU2XAhC6TC.1","action":"SyncServerConnectionManagerRequest", "result":"SYNC_SERVER_OK", "context":{"environment":"Prod_southeastasia_prod-s01-065-apac-southeastasia", "migrationStage":"NotStarted", "server":"akswtt108000006"}}
{"logTime": "1202/124620", "correlationVector":"CeN5PjgNaKo9TU2XAhC6TC.2","action":"Commit Response", "result":"Success", "context":Result: Success. cV=CeN5PjgNaKo9TU2XAhC6TC.0;server=akswtt108000006;cloudType=Consumer;environment=Prod_southeastasia_prod-s01-065-apac-southeastasia;migrationStage=NotStarted}
{"logTime": "1202/124620", "correlationVector":"aoSgTr3Wz5CvWTUO/vh9aY","action":"Commit Request", "result":"", "context":Item count: 6
Contributing types: Preferences, Passwords}
{"logTime": "1202/124621", "correlationVector":"aoSgTr3Wz5CvWTUO/vh9aY.1","action":"SyncServerConnectionManagerRequest", "result":"SYNC_SERVER_OK", "context":{"environment":"Prod_southeastasia_prod-s01-065-apac-southeastasia", "migrationStage":"NotStarted", "server":"akswtt10800000a"}}
{"logTime": "1202/124621", "correlationVector":"aoSgTr3Wz5CvWTUO/vh9aY.2","action":"Commit Response", "result":"Success", "context":Result: Success. cV=aoSgTr3Wz5CvWTUO/vh9aY.0;server=akswtt10800000a;cloudType=Consumer;environment=Prod_southeastasia_prod-s01-065-apac-southeastasia;migrationStage=NotStarted}
{"logTime": "1202/124654", "correlationVector":"asJhSUx5MlndTTarSDEjWt","action":"Commit Request", "result":"", "context":Item count: 7
Contributing types: Preferences, Sessions, History}
{"logTime": "1202/124655", "correlationVector":"asJhSUx5MlndTTarSDEjWt.1","action":"SyncServerConnectionManagerRequest", "result":"SYNC_SERVER_OK", "context":{"environment":"Prod_southeastasia_prod-s01-065-apac-southeastasia", "migrationStage":"NotStarted", "server":"akswtt10800000t"}}
{"logTime": "1202/124655", "correlationVector":"asJhSUx5MlndTTarSDEjWt.2","action":"Commit Response", "result":"Success", "context":Result: Success. cV=asJhSUx5MlndTTarSDEjWt.0;server=akswtt10800000t;cloudType=Consumer;environment=Prod_southeastasia_prod-s01-065-apac-southeastasia;migrationStage=NotStarted}
{"logTime": "1202/124718", "correlationVector":"sg6eCuQkMZ6e/VhE/KEQW+","action":"Commit Request", "result":"", "context":Item count: 5
Contributing types: Preferences, Sessions, History}
{"logTime": "1202/124718", "correlationVector":"sg6eCuQkMZ6e/VhE/KEQW+.1","action":"SyncServerConnectionManagerRequest", "result":"SYNC_SERVER_OK", "context":{"environment":"Prod_southeastasia_prod-s01-065-apac-southeastasia", "migrationStage":"NotStarted", "server":"akswtt10800000f"}}
{"logTime": "1202/124718", "correlationVector":"sg6eCuQkMZ6e/VhE/KEQW+.2","action":"Commit Response", "result":"Success", "context":Result: Success. cV=sg6eCuQkMZ6e/VhE/KEQW+.0;server=akswtt10800000f;cloudType=Consumer;environment=Prod_southeastasia_prod-s01-065-apac-southeastasia;migrationStage=NotStarted}
{"logTime": "1202/124820", "correlationVector":"2vlJpIxJYprZ+B/jKYDHSw","action":"Commit Request", "result":"", "context":Item count: 18
Contributing types: Sessions, History}
{"logTime": "1202/124821", "correlationVector":"2vlJpIxJYprZ+B/jKYDHSw.1","action":"SyncServerConnectionManagerRequest", "result":"SYNC_SERVER_OK", "context":{"environment":"Prod_southeastasia_prod-s01-065-apac-southeastasia", "migrationStage":"NotStarted", "server":"akswtt108000007"}}
{"logTime": "1202/124821", "correlationVector":"2vlJpIxJYprZ+B/jKYDHSw.2","action":"Commit Response", "result":"Success", "context":Result: Success. cV=2vlJpIxJYprZ+B/jKYDHSw.0;server=akswtt108000007;cloudType=Consumer;environment=Prod_southeastasia_prod-s01-065-apac-southeastasia;migrationStage=NotStarted}
{"logTime": "1202/125030", "correlationVector":"EnsWxEzdx0xFU7EJqrfDsM.1","action":"SyncServerConnectionManagerRequest", "result":"SYNC_SERVER_OK", "context":{"environment":"Prod_southeastasia_prod-s01-065-apac-southeastasia", "migrationStage":"NotStarted", "server":"akswtt10800000b"}}
{"logTime": "1202/125030", "correlationVector":"EnsWxEzdx0xFU7EJqrfDsM.2","action":"ProcessGetUpdates", "result":"Done", "context":{"dataType":"Encryption Keys", "deleted":"0", "process_failed_to_decrypt":"0", "process_pending_decryption":"0", "process_success":"1", "total":"1"}}
{"logTime": "1202/125031", "correlationVector":"Hd2BN768sc/JCw0l8Mm4oD","action":"SyncServerConnectionManagerRequest", "result":"SYNC_SERVER_OK", "context":{"environment":"", "migrationStage":"", "server":""}}
{"logTime": "1202/125031", "correlationVector":"Hd2BN768sc/JCw0l8Mm4oD.0","action":"EncryptionKeysFetcher.DownloadKeys:", "result":"Success", "context":Key count: 10, Last key timestamp: 2025-08-25T08:15:15Z}
{"logTime": "1202/125031", "correlationVector":"Hd2BN768sc/JCw0l8Mm4oD.1","action":"EncryptionKeysManager::SetEncryptionKeys:", "result":"Success", "context":Key names[10]:[SliTfJxLpzB1dF2IB+aTbu3w4XB+uqZjR23KqVUHgMHn5+N9A4JhB8S+cr/aKUkl4CHFYWSOqK0AqvYBIKYS5A==][hy1vt4Id2JlYxJLBTPmqHP7ZMkzMFNRDFBWdvhO/zw758Hs1t+k0Q8ADR1yARMZqH3rquzzSpncmcwQ4T9WRNQ==][Qc27oEoTZHmU/CaKV0sEVEOcd5RncAkBttVDOgmWnOScIwoCUyRRLhvY03b80NsCSf0jW2Z49iMv7lY06YH+TA==][wurs1TKwFtlUtS+cRF6atL483RpskIVDz9ah4ZNmoiFF4jK2VDzGovz+w9bbkLrDr30dwZ10xZ70uhUSgkIkYg==][/sDxr7LMvZztNLDSBupUaKJKrwc+mKIRQjRvjBa/B2ffYRPLCC/eoT3s1phXe+3P0yvVQPs4+J3ARzvmdcZpkw==][kcoNyS7fZrl4xwEPCP5lIMFrv2pUlwE6oDhTUkF2U7Ryn/DuVqJU2Iddzoznq7ze3S4JtfvPzr3r4QKnLcvyjQ==][4dpSzwyZ7TRcVbgUXlM4dfI8wDThAaxP59nXSAAU1/AO5VxkgXti/fbvLKE130M3ymZ4YJEtrzxuAa9IU4wQ4Q==][pCGQ9XtJP4BSNGUNYDh8L+MYH1hDuEXWRzX6FzkDXtt6J1zyHgFbD0k7Or3s34Pto50Cg4lve1eoc305omzNow==][VTtHhMEc2YHueKS/gJ7OmU7TJSf49l7KLDpjbtE/mho0D6/1dR1AFkOXHUu2oct9H0L1nGy8YBwNvwpZtTcnuQ==][o1lKYqzD4kuj17kyaMEe50aaeBKV9rhnJzqRzZR1hQuxcro6lG8gTzY+GldVuVPzWSNecqP+q8tIGKfJkQm6Cg==]}
{"logTime": "1202/125031", "correlationVector":"Hd2BN768sc/JCw0l8Mm4oD.2","action":"EncryptionKeysManager::SetEncryptionKeysWithTimestamps:", "result":"Success", "context":Key timestamps[10]:[2021-04-05T02:05:52Z][2021-10-24T06:47:00Z][2022-04-22T07:38:38Z][2022-11-12T18:46:50Z][2023-05-13T14:40:49Z][2023-11-13T07:10:49Z][2024-01-21T12:41:18Z][2024-07-19T14:28:40Z][2025-01-16T04:35:38Z][2025-08-25T08:15:15Z]}
{"logTime": "1202/125031", "correlationVector":"EnsWxEzdx0xFU7EJqrfDsM","action":"Initial GetUpdates", "result":"", "context":Reason: NEW_CLIENT. cV=EnsWxEzdx0xFU7EJqrfDsM}
{"logTime": "1202/125031", "correlationVector":"EnsWxEzdx0xFU7EJqrfDsM.3","action":"GetUpdates Response", "result":"Success", "context":Received 1 update(s). cV=EnsWxEzdx0xFU7EJqrfDsM.0;server=akswtt10800000b;cloudType=Consumer;environment=Prod_southeastasia_prod-s01-065-apac-southeastasia;migrationStage=NotStarted}
{"logTime": "1202/125031", "correlationVector":"nXGZ6Ao5z7vKvDZTXNgcLs","action":"Initial GetUpdates", "result":"", "context":Reason: NEWLY_SUPPORTED_DATATYPE. cV=nXGZ6Ao5z7vKvDZTXNgcLs}
{"logTime": "1202/125031", "correlationVector":"nXGZ6Ao5z7vKvDZTXNgcLs.1","action":"SyncServerConnectionManagerRequest", "result":"SYNC_SERVER_OK", "context":{"environment":"Prod_southeastasia_prod-s01-065-apac-southeastasia", "migrationStage":"NotStarted", "server":"akswtt10800000h"}}
{"logTime": "1202/125031", "correlationVector":"nXGZ6Ao5z7vKvDZTXNgcLs.2","action":"ProcessGetUpdates", "result":"Done", "context":{"dataType":"Passwords", "deleted":"0", "process_failed_to_decrypt":"0", "process_pending_decryption":"0", "process_success":"115", "total":"115"}}
{"logTime": "1202/125031", "correlationVector":"nXGZ6Ao5z7vKvDZTXNgcLs.3","action":"GetUpdates Response", "result":"Success", "context":Received 115 update(s). cV=nXGZ6Ao5z7vKvDZTXNgcLs.0;server=akswtt10800000h;cloudType=Consumer;environment=Prod_southeastasia_prod-s01-065-apac-southeastasia;migrationStage=NotStarted}
{"logTime": "1202/125031", "correlationVector":"DerMTH1yAATllyUrqGZhiE","action":"Normal GetUpdate request", "result":"", "context":cV=DerMTH1yAATllyUrqGZhiE
Nudged types: Sessions, History
Refresh requested types: Bookmarks, Preferences, Passwords, Autofill Profiles, Autofill, Extensions, Sessions, Extension settings, History Delete Directives, Device Info, User Consents, Send Tab To Self, Web Apps, History, Saved Tab Group, WebAuthn Credentials, Collection, Edge E Drop, Edge Hub App Usage, Edge Wallet, Encryption Keys}
{"logTime": "1202/125032", "correlationVector":"DerMTH1yAATllyUrqGZhiE.1","action":"SyncServerConnectionManagerRequest", "result":"SYNC_SERVER_OK", "context":{"environment":"Prod_southeastasia_prod-s01-065-apac-southeastasia", "migrationStage":"NotStarted", "server":"akswtt10800000a"}}
{"logTime": "1202/125032", "correlationVector":"DerMTH1yAATllyUrqGZhiE.2","action":"ProcessGetUpdates", "result":"Done", "context":{"dataType":"Preferences", "deleted":"0", "process_failed_to_decrypt":"0", "process_pending_decryption":"0", "process_success":"2", "total":"2"}}
{"logTime": "1202/125032", "correlationVector":"DerMTH1yAATllyUrqGZhiE.3","action":"ProcessGetUpdates", "result":"Done", "context":{"dataType":"Sessions", "deleted":"1", "process_failed_to_decrypt":"0", "process_pending_decryption":"0", "process_success":"4", "total":"4"}}
{"logTime": "1202/125032", "correlationVector":"DerMTH1yAATllyUrqGZhiE.4","action":"ProcessGetUpdates", "result":"Done", "context":{"dataType":"History", "deleted":"0", "process_failed_to_decrypt":"0", "process_pending_decryption":"0", "process_success":"17", "total":"17"}}
{"logTime": "1202/125032", "correlationVector":"DerMTH1yAATllyUrqGZhiE.5","action":"GetUpdates Response", "result":"Success", "context":Received 23 update(s). cV=DerMTH1yAATllyUrqGZhiE.0;server=akswtt10800000a;cloudType=Consumer;environment=Prod_southeastasia_prod-s01-065-apac-southeastasia;migrationStage=NotStarted}
{"logTime": "1202/125032", "correlationVector":"5QczgA40cAwum7aLhr5NH4","action":"Commit Request", "result":"", "context":Item count: 4
Contributing types: Sessions, History}
{"logTime": "1202/125033", "correlationVector":"5QczgA40cAwum7aLhr5NH4.1","action":"SyncServerConnectionManagerRequest", "result":"SYNC_SERVER_OK", "context":{"environment":"Prod_southeastasia_prod-s01-065-apac-southeastasia", "migrationStage":"NotStarted", "server":"akswtt10800000g"}}
{"logTime": "1202/125033", "correlationVector":"5QczgA40cAwum7aLhr5NH4.3","action":"Commit.Sessions", "result":"Success", "context":{"id":"442e0826-12d4-4a00-9eb5-b2ece78c3a31", "isDeleted":"true", "size":"0", "version":"1764679700525"}}
{"logTime": "1202/125033", "correlationVector":"5QczgA40cAwum7aLhr5NH4.2","action":"Commit Response", "result":"Success", "context":Result: Success. cV=5QczgA40cAwum7aLhr5NH4.0;server=akswtt10800000g;cloudType=Consumer;environment=Prod_southeastasia_prod-s01-065-apac-southeastasia;migrationStage=NotStarted}
{"logTime": "1202/125043", "correlationVector":"vC6PaoIQXVYes9qteezd+J","action":"Commit Request", "result":"", "context":Item count: 40
Contributing types: Passwords}
{"logTime": "1202/125046", "correlationVector":"vC6PaoIQXVYes9qteezd+J.1","action":"SyncServerConnectionManagerRequest", "result":"SYNC_SERVER_OK", "context":{"environment":"Prod_southeastasia_prod-s01-065-apac-southeastasia", "migrationStage":"NotStarted", "server":"akswtt108000007"}}
{"logTime": "1202/125046", "correlationVector":"vC6PaoIQXVYes9qteezd+J.2","action":"Commit Response", "result":"Success", "context":Result: Success. cV=vC6PaoIQXVYes9qteezd+J.0;server=akswtt108000007;cloudType=Consumer;environment=Prod_southeastasia_prod-s01-065-apac-southeastasia;migrationStage=NotStarted}
{"logTime": "1202/125046", "correlationVector":"2U/omE0zzD5uxrsbay0rtU","action":"Commit Request", "result":"", "context":Item count: 8
Contributing types: Preferences, Passwords, Sessions, History}
{"logTime": "1202/125047", "correlationVector":"2U/omE0zzD5uxrsbay0rtU.1","action":"SyncServerConnectionManagerRequest", "result":"SYNC_SERVER_OK", "context":{"environment":"Prod_southeastasia_prod-s01-065-apac-southeastasia", "migrationStage":"NotStarted", "server":"akswtt10800000n"}}
{"logTime": "1202/125047", "correlationVector":"2U/omE0zzD5uxrsbay0rtU.2","action":"Commit Response", "result":"Success", "context":Result: Success. cV=2U/omE0zzD5uxrsbay0rtU.0;server=akswtt10800000n;cloudType=Consumer;environment=Prod_southeastasia_prod-s01-065-apac-southeastasia;migrationStage=NotStarted}
{"logTime": "1202/125102", "correlationVector":"YG/fGywbfKO3WqcDBGdlRe","action":"Commit Request", "result":"", "context":Item count: 6
Contributing types: Preferences, Sessions, History}
{"logTime": "1202/125102", "correlationVector":"YG/fGywbfKO3WqcDBGdlRe.1","action":"SyncServerConnectionManagerRequest", "result":"SYNC_SERVER_OK", "context":{"environment":"Prod_southeastasia_prod-s01-065-apac-southeastasia", "migrationStage":"NotStarted", "server":"akswtt10800000b"}}
{"logTime": "1202/125102", "correlationVector":"YG/fGywbfKO3WqcDBGdlRe.2","action":"Commit Response", "result":"Success", "context":Result: Success. cV=YG/fGywbfKO3WqcDBGdlRe.0;server=akswtt10800000b;cloudType=Consumer;environment=Prod_southeastasia_prod-s01-065-apac-southeastasia;migrationStage=NotStarted}
{"logTime": "1202/125205", "correlationVector":"ojiQ63/m7WLe0fHXhLK73E","action":"Commit Request", "result":"", "context":Item count: 14
Contributing types: Sessions, History}
{"logTime": "1202/125206", "correlationVector":"ojiQ63/m7WLe0fHXhLK73E.1","action":"SyncServerConnectionManagerRequest", "result":"SYNC_SERVER_OK", "context":{"environment":"Prod_southeastasia_prod-s01-065-apac-southeastasia", "migrationStage":"NotStarted", "server":"akswtt10800000f"}}
{"logTime": "1202/125206", "correlationVector":"ojiQ63/m7WLe0fHXhLK73E.2","action":"Commit Response", "result":"Success", "context":Result: Success. cV=ojiQ63/m7WLe0fHXhLK73E.0;server=akswtt10800000f;cloudType=Consumer;environment=Prod_southeastasia_prod-s01-065-apac-southeastasia;migrationStage=NotStarted}
{"logTime": "1202/130115", "correlationVector":"EMwh77HsTRj2H0nEyTCKmW.1","action":"SyncServerConnectionManagerRequest", "result":"SYNC_SERVER_OK", "context":{"environment":"Prod_southeastasia_prod-s01-064-apac-southeastasia", "migrationStage":"NotStarted", "server":"akswtt108000006"}}
{"logTime": "1202/130115", "correlationVector":"EMwh77HsTRj2H0nEyTCKmW.2","action":"ProcessGetUpdates", "result":"Done", "context":{"dataType":"Encryption Keys", "deleted":"0", "process_failed_to_decrypt":"0", "process_pending_decryption":"0", "process_success":"1", "total":"1"}}
{"logTime": "1202/130115", "correlationVector":"LtDPq2BsdJqolAtO/sg/h7","action":"SyncServerConnectionManagerRequest", "result":"SYNC_SERVER_OK", "context":{"environment":"", "migrationStage":"", "server":""}}
{"logTime": "1202/130115", "correlationVector":"LtDPq2BsdJqolAtO/sg/h7.0","action":"EncryptionKeysFetcher.DownloadKeys:", "result":"Success", "context":Key count: 10, Last key timestamp: 2025-08-25T08:15:15Z}
{"logTime": "1202/130115", "correlationVector":"LtDPq2BsdJqolAtO/sg/h7.1","action":"EncryptionKeysManager::SetEncryptionKeys:", "result":"Success", "context":Key names[10]:[SliTfJxLpzB1dF2IB+aTbu3w4XB+uqZjR23KqVUHgMHn5+N9A4JhB8S+cr/aKUkl4CHFYWSOqK0AqvYBIKYS5A==][hy1vt4Id2JlYxJLBTPmqHP7ZMkzMFNRDFBWdvhO/zw758Hs1t+k0Q8ADR1yARMZqH3rquzzSpncmcwQ4T9WRNQ==][Qc27oEoTZHmU/CaKV0sEVEOcd5RncAkBttVDOgmWnOScIwoCUyRRLhvY03b80NsCSf0jW2Z49iMv7lY06YH+TA==][wurs1TKwFtlUtS+cRF6atL483RpskIVDz9ah4ZNmoiFF4jK2VDzGovz+w9bbkLrDr30dwZ10xZ70uhUSgkIkYg==][/sDxr7LMvZztNLDSBupUaKJKrwc+mKIRQjRvjBa/B2ffYRPLCC/eoT3s1phXe+3P0yvVQPs4+J3ARzvmdcZpkw==][kcoNyS7fZrl4xwEPCP5lIMFrv2pUlwE6oDhTUkF2U7Ryn/DuVqJU2Iddzoznq7ze3S4JtfvPzr3r4QKnLcvyjQ==][4dpSzwyZ7TRcVbgUXlM4dfI8wDThAaxP59nXSAAU1/AO5VxkgXti/fbvLKE130M3ymZ4YJEtrzxuAa9IU4wQ4Q==][pCGQ9XtJP4BSNGUNYDh8L+MYH1hDuEXWRzX6FzkDXtt6J1zyHgFbD0k7Or3s34Pto50Cg4lve1eoc305omzNow==][VTtHhMEc2YHueKS/gJ7OmU7TJSf49l7KLDpjbtE/mho0D6/1dR1AFkOXHUu2oct9H0L1nGy8YBwNvwpZtTcnuQ==][o1lKYqzD4kuj17kyaMEe50aaeBKV9rhnJzqRzZR1hQuxcro6lG8gTzY+GldVuVPzWSNecqP+q8tIGKfJkQm6Cg==]}
{"logTime": "1202/130115", "correlationVector":"LtDPq2BsdJqolAtO/sg/h7.2","action":"EncryptionKeysManager::SetEncryptionKeysWithTimestamps:", "result":"Success", "context":Key timestamps[10]:[2021-04-05T02:05:52Z][2021-10-24T06:47:00Z][2022-04-22T07:38:38Z][2022-11-12T18:46:50Z][2023-05-13T14:40:49Z][2023-11-13T07:10:49Z][2024-01-21T12:41:18Z][2024-07-19T14:28:40Z][2025-01-16T04:35:38Z][2025-08-25T08:15:15Z]}
{"logTime": "1202/130115", "correlationVector":"EMwh77HsTRj2H0nEyTCKmW","action":"Initial GetUpdates", "result":"", "context":Reason: NEW_CLIENT. cV=EMwh77HsTRj2H0nEyTCKmW}
{"logTime": "1202/130115", "correlationVector":"EMwh77HsTRj2H0nEyTCKmW.3","action":"GetUpdates Response", "result":"Success", "context":Received 1 update(s). cV=EMwh77HsTRj2H0nEyTCKmW.0;server=akswtt108000006;cloudType=Consumer;environment=Prod_southeastasia_prod-s01-064-apac-southeastasia;migrationStage=NotStarted}
{"logTime": "1202/130115", "correlationVector":"1tCPIH4nYXNWqk4fj1rgOq","action":"Initial GetUpdates", "result":"", "context":Reason: NEWLY_SUPPORTED_DATATYPE. cV=1tCPIH4nYXNWqk4fj1rgOq}
{"logTime": "1202/130117", "correlationVector":"1tCPIH4nYXNWqk4fj1rgOq.1","action":"SyncServerConnectionManagerRequest", "result":"SYNC_SERVER_OK", "context":{"environment":"Prod_southeastasia_prod-s01-064-apac-southeastasia", "migrationStage":"NotStarted", "server":"akswtt108000007"}}
{"logTime": "1202/130117", "correlationVector":"1tCPIH4nYXNWqk4fj1rgOq.2","action":"ProcessGetUpdates", "result":"Done", "context":{"dataType":"Passwords", "deleted":"0", "process_failed_to_decrypt":"0", "process_pending_decryption":"0", "process_success":"115", "total":"115"}}
{"logTime": "1202/130117", "correlationVector":"1tCPIH4nYXNWqk4fj1rgOq.3","action":"GetUpdates Response", "result":"Success", "context":Received 115 update(s). cV=1tCPIH4nYXNWqk4fj1rgOq.0;server=akswtt108000007;cloudType=Consumer;environment=Prod_southeastasia_prod-s01-064-apac-southeastasia;migrationStage=NotStarted}
{"logTime": "1202/130118", "correlationVector":"UrdDgUc6ZrIf0DDR8NFaqy","action":"Normal GetUpdate request", "result":"", "context":cV=UrdDgUc6ZrIf0DDR8NFaqy
Nudged types: Sessions
Refresh requested types: Bookmarks, Preferences, Passwords, Autofill Profiles, Autofill, Extensions, Sessions, Extension settings, History Delete Directives, Device Info, User Consents, Send Tab To Self, Web Apps, History, Saved Tab Group, WebAuthn Credentials, Collection, Edge E Drop, Edge Hub App Usage, Edge Wallet, Encryption Keys}
{"logTime": "1202/130118", "correlationVector":"UrdDgUc6ZrIf0DDR8NFaqy.1","action":"SyncServerConnectionManagerRequest", "result":"SYNC_SERVER_OK", "context":{"environment":"Prod_southeastasia_prod-s01-064-apac-southeastasia", "migrationStage":"NotStarted", "server":"akswtt10800000r"}}
{"logTime": "1202/130118", "correlationVector":"UrdDgUc6ZrIf0DDR8NFaqy.2","action":"ProcessGetUpdates", "result":"Done", "context":{"dataType":"Preferences", "deleted":"0", "process_failed_to_decrypt":"0", "process_pending_decryption":"0", "process_success":"2", "total":"2"}}
{"logTime": "1202/130118", "correlationVector":"UrdDgUc6ZrIf0DDR8NFaqy.3","action":"ProcessGetUpdates", "result":"Done", "context":{"dataType":"Sessions", "deleted":"1", "process_failed_to_decrypt":"0", "process_pending_decryption":"0", "process_success":"4", "total":"4"}}
{"logTime": "1202/130118", "correlationVector":"UrdDgUc6ZrIf0DDR8NFaqy.4","action":"ProcessGetUpdates", "result":"Done", "context":{"dataType":"History", "deleted":"0", "process_failed_to_decrypt":"0", "process_pending_decryption":"0", "process_success":"12", "total":"12"}}
{"logTime": "1202/130118", "correlationVector":"UrdDgUc6ZrIf0DDR8NFaqy.5","action":"GetUpdates Response", "result":"Success", "context":Received 18 update(s). cV=UrdDgUc6ZrIf0DDR8NFaqy.0;server=akswtt10800000r;cloudType=Consumer;environment=Prod_southeastasia_prod-s01-064-apac-southeastasia;migrationStage=NotStarted}
{"logTime": "1202/130118", "correlationVector":"l3x/U3k900SGiOnu51gg5t","action":"Commit Request", "result":"", "context":Item count: 3
Contributing types: Sessions}
{"logTime": "1202/130118", "correlationVector":"l3x/U3k900SGiOnu51gg5t.1","action":"SyncServerConnectionManagerRequest", "result":"SYNC_SERVER_OK", "context":{"environment":"Prod_southeastasia_prod-s01-064-apac-southeastasia", "migrationStage":"NotStarted", "server":"akswtt108000009"}}
{"logTime": "1202/130118", "correlationVector":"l3x/U3k900SGiOnu51gg5t.3","action":"Commit.Sessions", "result":"Success", "context":{"id":"630c10ad-8883-4741-abca-40045a47f2af", "isDeleted":"true", "size":"0", "version":"1764679925873"}}
{"logTime": "1202/130118", "correlationVector":"l3x/U3k900SGiOnu51gg5t.2","action":"Commit Response", "result":"Success", "context":Result: Success. cV=l3x/U3k900SGiOnu51gg5t.0;server=akswtt108000009;cloudType=Consumer;environment=Prod_southeastasia_prod-s01-064-apac-southeastasia;migrationStage=NotStarted}
{"logTime": "1202/130126", "correlationVector":"pBMPRSLy2OpRCKQqaj8qeu","action":"Commit Request", "result":"", "context":Item count: 40
Contributing types: Passwords}
{"logTime": "1202/130130", "correlationVector":"pBMPRSLy2OpRCKQqaj8qeu.1","action":"SyncServerConnectionManagerRequest", "result":"SYNC_SERVER_OK", "context":{"environment":"Prod_southeastasia_prod-s01-064-apac-southeastasia", "migrationStage":"NotStarted", "server":"akswtt10800000c"}}
{"logTime": "1202/130130", "correlationVector":"pBMPRSLy2OpRCKQqaj8qeu.2","action":"Commit Response", "result":"Success", "context":Result: Success. cV=pBMPRSLy2OpRCKQqaj8qeu.0;server=akswtt10800000c;cloudType=Consumer;environment=Prod_southeastasia_prod-s01-064-apac-southeastasia;migrationStage=NotStarted}
{"logTime": "1202/130130", "correlationVector":"CSUaMoV2clH7P0j+us7wM7","action":"Commit Request", "result":"", "context":Item count: 8
Contributing types: Preferences, Passwords, Sessions, History}
{"logTime": "1202/130131", "correlationVector":"CSUaMoV2clH7P0j+us7wM7.1","action":"SyncServerConnectionManagerRequest", "result":"SYNC_SERVER_OK", "context":{"environment":"Prod_southeastasia_prod-s01-064-apac-southeastasia", "migrationStage":"NotStarted", "server":"akswtt108000005"}}
{"logTime": "1202/130131", "correlationVector":"CSUaMoV2clH7P0j+us7wM7.2","action":"Commit Response", "result":"Success", "context":Result: Success. cV=CSUaMoV2clH7P0j+us7wM7.0;server=akswtt108000005;cloudType=Consumer;environment=Prod_southeastasia_prod-s01-064-apac-southeastasia;migrationStage=NotStarted}
{"logTime": "1202/130150", "correlationVector":"MIBX7M7TSuO6CTXEI3sRks","action":"Commit Request", "result":"", "context":Item count: 6
Contributing types: Preferences, Sessions, History}
{"logTime": "1202/130151", "correlationVector":"MIBX7M7TSuO6CTXEI3sRks.1","action":"SyncServerConnectionManagerRequest", "result":"SYNC_SERVER_OK", "context":{"environment":"Prod_southeastasia_prod-s01-064-apac-southeastasia", "migrationStage":"NotStarted", "server":"akswtt10800000j"}}
{"logTime": "1202/130151", "correlationVector":"MIBX7M7TSuO6CTXEI3sRks.2","action":"Commit Response", "result":"Success", "context":Result: Success. cV=MIBX7M7TSuO6CTXEI3sRks.0;server=akswtt10800000j;cloudType=Consumer;environment=Prod_southeastasia_prod-s01-064-apac-southeastasia;migrationStage=NotStarted}
{"logTime": "1202/130253", "correlationVector":"jVgRBYnJ+MMzuuxee1/LaK","action":"Commit Request", "result":"", "context":Item count: 14
Contributing types: Sessions, History}
{"logTime": "1202/130254", "correlationVector":"jVgRBYnJ+MMzuuxee1/LaK.1","action":"SyncServerConnectionManagerRequest", "result":"SYNC_SERVER_OK", "context":{"environment":"Prod_southeastasia_prod-s01-065-apac-southeastasia", "migrationStage":"NotStarted", "server":"akswtt10800000v"}}
{"logTime": "1202/130254", "correlationVector":"jVgRBYnJ+MMzuuxee1/LaK.2","action":"Commit Response", "result":"Success", "context":Result: Success. cV=jVgRBYnJ+MMzuuxee1/LaK.0;server=akswtt10800000v;cloudType=Consumer;environment=Prod_southeastasia_prod-s01-065-apac-southeastasia;migrationStage=NotStarted}
{"logTime": "1202/130708", "correlationVector":"B1IedXa59AhI+NOJ8eutFW.1","action":"SyncServerConnectionManagerRequest", "result":"SYNC_SERVER_OK", "context":{"environment":"Prod_southeastasia_prod-s01-064-apac-southeastasia", "migrationStage":"NotStarted", "server":"akswtt108000000"}}
{"logTime": "1202/130708", "correlationVector":"B1IedXa59AhI+NOJ8eutFW.2","action":"ProcessGetUpdates", "result":"Done", "context":{"dataType":"Encryption Keys", "deleted":"0", "process_failed_to_decrypt":"0", "process_pending_decryption":"0", "process_success":"1", "total":"1"}}
{"logTime": "1202/130709", "correlationVector":"q0SAmv82mAyJSnvI/bP3wf","action":"SyncServerConnectionManagerRequest", "result":"SYNC_SERVER_OK", "context":{"environment":"", "migrationStage":"", "server":""}}
{"logTime": "1202/130709", "correlationVector":"q0SAmv82mAyJSnvI/bP3wf.0","action":"EncryptionKeysFetcher.DownloadKeys:", "result":"Success", "context":Key count: 10, Last key timestamp: 2025-08-25T08:15:15Z}
{"logTime": "1202/130709", "correlationVector":"q0SAmv82mAyJSnvI/bP3wf.1","action":"EncryptionKeysManager::SetEncryptionKeys:", "result":"Success", "context":Key names[10]:[SliTfJxLpzB1dF2IB+aTbu3w4XB+uqZjR23KqVUHgMHn5+N9A4JhB8S+cr/aKUkl4CHFYWSOqK0AqvYBIKYS5A==][hy1vt4Id2JlYxJLBTPmqHP7ZMkzMFNRDFBWdvhO/zw758Hs1t+k0Q8ADR1yARMZqH3rquzzSpncmcwQ4T9WRNQ==][Qc27oEoTZHmU/CaKV0sEVEOcd5RncAkBttVDOgmWnOScIwoCUyRRLhvY03b80NsCSf0jW2Z49iMv7lY06YH+TA==][wurs1TKwFtlUtS+cRF6atL483RpskIVDz9ah4ZNmoiFF4jK2VDzGovz+w9bbkLrDr30dwZ10xZ70uhUSgkIkYg==][/sDxr7LMvZztNLDSBupUaKJKrwc+mKIRQjRvjBa/B2ffYRPLCC/eoT3s1phXe+3P0yvVQPs4+J3ARzvmdcZpkw==][kcoNyS7fZrl4xwEPCP5lIMFrv2pUlwE6oDhTUkF2U7Ryn/DuVqJU2Iddzoznq7ze3S4JtfvPzr3r4QKnLcvyjQ==][4dpSzwyZ7TRcVbgUXlM4dfI8wDThAaxP59nXSAAU1/AO5VxkgXti/fbvLKE130M3ymZ4YJEtrzxuAa9IU4wQ4Q==][pCGQ9XtJP4BSNGUNYDh8L+MYH1hDuEXWRzX6FzkDXtt6J1zyHgFbD0k7Or3s34Pto50Cg4lve1eoc305omzNow==][VTtHhMEc2YHueKS/gJ7OmU7TJSf49l7KLDpjbtE/mho0D6/1dR1AFkOXHUu2oct9H0L1nGy8YBwNvwpZtTcnuQ==][o1lKYqzD4kuj17kyaMEe50aaeBKV9rhnJzqRzZR1hQuxcro6lG8gTzY+GldVuVPzWSNecqP+q8tIGKfJkQm6Cg==]}
{"logTime": "1202/130709", "correlationVector":"q0SAmv82mAyJSnvI/bP3wf.2","action":"EncryptionKeysManager::SetEncryptionKeysWithTimestamps:", "result":"Success", "context":Key timestamps[10]:[2021-04-05T02:05:52Z][2021-10-24T06:47:00Z][2022-04-22T07:38:38Z][2022-11-12T18:46:50Z][2023-05-13T14:40:49Z][2023-11-13T07:10:49Z][2024-01-21T12:41:18Z][2024-07-19T14:28:40Z][2025-01-16T04:35:38Z][2025-08-25T08:15:15Z]}
{"logTime": "1202/130709", "correlationVector":"B1IedXa59AhI+NOJ8eutFW","action":"Initial GetUpdates", "result":"", "context":Reason: NEW_CLIENT. cV=B1IedXa59AhI+NOJ8eutFW}
{"logTime": "1202/130709", "correlationVector":"B1IedXa59AhI+NOJ8eutFW.3","action":"GetUpdates Response", "result":"Success", "context":Received 1 update(s). cV=B1IedXa59AhI+NOJ8eutFW.0;server=akswtt108000000;cloudType=Consumer;environment=Prod_southeastasia_prod-s01-064-apac-southeastasia;migrationStage=NotStarted}
{"logTime": "1202/130709", "correlationVector":"KBAEati6d4l16ntR0PMiA/","action":"Initial GetUpdates", "result":"", "context":Reason: NEWLY_SUPPORTED_DATATYPE. cV=KBAEati6d4l16ntR0PMiA/}
{"logTime": "1202/130710", "correlationVector":"KBAEati6d4l16ntR0PMiA/.1","action":"SyncServerConnectionManagerRequest", "result":"SYNC_SERVER_OK", "context":{"environment":"Prod_southeastasia_prod-s01-064-apac-southeastasia", "migrationStage":"NotStarted", "server":"akswtt108000008"}}
{"logTime": "1202/130710", "correlationVector":"KBAEati6d4l16ntR0PMiA/.2","action":"ProcessGetUpdates", "result":"Done", "context":{"dataType":"Passwords", "deleted":"0", "process_failed_to_decrypt":"0", "process_pending_decryption":"0", "process_success":"115", "total":"115"}}
{"logTime": "1202/130710", "correlationVector":"KBAEati6d4l16ntR0PMiA/.3","action":"GetUpdates Response", "result":"Success", "context":Received 115 update(s). cV=KBAEati6d4l16ntR0PMiA/.0;server=akswtt108000008;cloudType=Consumer;environment=Prod_southeastasia_prod-s01-064-apac-southeastasia;migrationStage=NotStarted}
{"logTime": "1202/130710", "correlationVector":"rCPeonefDb9q/OuEnt1VOE","action":"Normal GetUpdate request", "result":"", "context":cV=rCPeonefDb9q/OuEnt1VOE
Nudged types: Sessions, History
Refresh requested types: Bookmarks, Preferences, Passwords, Autofill Profiles, Autofill, Extensions, Sessions, Extension settings, History Delete Directives, Device Info, User Consents, Send Tab To Self, Web Apps, History, Saved Tab Group, WebAuthn Credentials, Collection, Edge E Drop, Edge Hub App Usage, Edge Wallet, Encryption Keys}
{"logTime": "1202/130711", "correlationVector":"rCPeonefDb9q/OuEnt1VOE.1","action":"SyncServerConnectionManagerRequest", "result":"SYNC_SERVER_OK", "context":{"environment":"Prod_southeastasia_prod-s01-064-apac-southeastasia", "migrationStage":"NotStarted", "server":"akswtt10800000n"}}
{"logTime": "1202/130711", "correlationVector":"rCPeonefDb9q/OuEnt1VOE.2","action":"ProcessGetUpdates", "result":"Done", "context":{"dataType":"Preferences", "deleted":"0", "process_failed_to_decrypt":"0", "process_pending_decryption":"0", "process_success":"2", "total":"2"}}
{"logTime": "1202/130711", "correlationVector":"rCPeonefDb9q/OuEnt1VOE.3","action":"ProcessGetUpdates", "result":"Done", "context":{"dataType":"Sessions", "deleted":"1", "process_failed_to_decrypt":"0", "process_pending_decryption":"0", "process_success":"4", "total":"4"}}
{"logTime": "1202/130711", "correlationVector":"rCPeonefDb9q/OuEnt1VOE.4","action":"ProcessGetUpdates", "result":"Done", "context":{"dataType":"History", "deleted":"0", "process_failed_to_decrypt":"0", "process_pending_decryption":"0", "process_success":"11", "total":"11"}}
{"logTime": "1202/130711", "correlationVector":"rCPeonefDb9q/OuEnt1VOE.5","action":"GetUpdates Response", "result":"Success", "context":Received 17 update(s). cV=rCPeonefDb9q/OuEnt1VOE.0;server=akswtt10800000n;cloudType=Consumer;environment=Prod_southeastasia_prod-s01-064-apac-southeastasia;migrationStage=NotStarted}
{"logTime": "1202/130712", "correlationVector":"pOKV5k++Iht7swZUGuQzEe","action":"Commit Request", "result":"", "context":Item count: 4
Contributing types: Sessions, History}
{"logTime": "1202/130712", "correlationVector":"pOKV5k++Iht7swZUGuQzEe.1","action":"SyncServerConnectionManagerRequest", "result":"SYNC_SERVER_OK", "context":{"environment":"Prod_southeastasia_prod-s01-064-apac-southeastasia", "migrationStage":"NotStarted", "server":"akswtt108000009"}}
{"logTime": "1202/130712", "correlationVector":"pOKV5k++Iht7swZUGuQzEe.3","action":"Commit.Sessions", "result":"Success", "context":{"id":"544bb193-ebc0-4c7f-b0c1-b62a9ff725e1", "isDeleted":"true", "size":"0", "version":"1764680573532"}}
{"logTime": "1202/130712", "correlationVector":"pOKV5k++Iht7swZUGuQzEe.2","action":"Commit Response", "result":"Success", "context":Result: Success. cV=pOKV5k++Iht7swZUGuQzEe.0;server=akswtt108000009;cloudType=Consumer;environment=Prod_southeastasia_prod-s01-064-apac-southeastasia;migrationStage=NotStarted}
{"logTime": "1202/130718", "correlationVector":"d2op/Mydnsp37wfUWp+iuX","action":"Commit Request", "result":"", "context":Item count: 40
Contributing types: Passwords}
{"logTime": "1202/130721", "correlationVector":"d2op/Mydnsp37wfUWp+iuX.1","action":"SyncServerConnectionManagerRequest", "result":"SYNC_SERVER_OK", "context":{"environment":"Prod_southeastasia_prod-s01-064-apac-southeastasia", "migrationStage":"NotStarted", "server":"akswtt10800000m"}}
{"logTime": "1202/130721", "correlationVector":"d2op/Mydnsp37wfUWp+iuX.2","action":"Commit Response", "result":"Success", "context":Result: Success. cV=d2op/Mydnsp37wfUWp+iuX.0;server=akswtt10800000m;cloudType=Consumer;environment=Prod_southeastasia_prod-s01-064-apac-southeastasia;migrationStage=NotStarted}
{"logTime": "1202/130722", "correlationVector":"pgFbVBldIX/rIqmflCDitX","action":"Commit Request", "result":"", "context":Item count: 6
Contributing types: Preferences, Passwords}
{"logTime": "1202/130722", "correlationVector":"pgFbVBldIX/rIqmflCDitX.1","action":"SyncServerConnectionManagerRequest", "result":"SYNC_SERVER_OK", "context":{"environment":"Prod_southeastasia_prod-s01-064-apac-southeastasia", "migrationStage":"NotStarted", "server":"akswtt10800000s"}}
{"logTime": "1202/130722", "correlationVector":"pgFbVBldIX/rIqmflCDitX.2","action":"Commit Response", "result":"Success", "context":Result: Success. cV=pgFbVBldIX/rIqmflCDitX.0;server=akswtt10800000s;cloudType=Consumer;environment=Prod_southeastasia_prod-s01-064-apac-southeastasia;migrationStage=NotStarted}
{"logTime": "1202/130744", "correlationVector":"V4iCpNMA2avbj/tEwWqhJd","action":"Commit Request", "result":"", "context":Item count: 7
Contributing types: Preferences, Sessions, History}
{"logTime": "1202/130745", "correlationVector":"V4iCpNMA2avbj/tEwWqhJd.1","action":"SyncServerConnectionManagerRequest", "result":"SYNC_SERVER_OK", "context":{"environment":"Prod_southeastasia_prod-s01-064-apac-southeastasia", "migrationStage":"NotStarted", "server":"akswtt10800000a"}}
{"logTime": "1202/130745", "correlationVector":"V4iCpNMA2avbj/tEwWqhJd.2","action":"Commit Response", "result":"Success", "context":Result: Success. cV=V4iCpNMA2avbj/tEwWqhJd.0;server=akswtt10800000a;cloudType=Consumer;environment=Prod_southeastasia_prod-s01-064-apac-southeastasia;migrationStage=NotStarted}
{"logTime": "1202/130847", "correlationVector":"OWP5F7UvK56Ew1IBaRIod0","action":"Commit Request", "result":"", "context":Item count: 18
Contributing types: Sessions, History}
{"logTime": "1202/130849", "correlationVector":"OWP5F7UvK56Ew1IBaRIod0.1","action":"SyncServerConnectionManagerRequest", "result":"SYNC_SERVER_OK", "context":{"environment":"Prod_southeastasia_prod-s01-065-apac-southeastasia", "migrationStage":"NotStarted", "server":"akswtt10800000i"}}
{"logTime": "1202/130849", "correlationVector":"OWP5F7UvK56Ew1IBaRIod0.2","action":"Commit Response", "result":"Success", "context":Result: Success. cV=OWP5F7UvK56Ew1IBaRIod0.0;server=akswtt10800000i;cloudType=Consumer;environment=Prod_southeastasia_prod-s01-065-apac-southeastasia;migrationStage=NotStarted}
{"logTime": "1202/130949", "correlationVector":"91qR1vBMPyQObfX+StOfKs","action":"Commit Request", "result":"", "context":Item count: 7
Contributing types: Sessions, History}
{"logTime": "1202/130950", "correlationVector":"91qR1vBMPyQObfX+StOfKs.1","action":"SyncServerConnectionManagerRequest", "result":"SYNC_SERVER_OK", "context":{"environment":"Prod_southeastasia_prod-s01-064-apac-southeastasia", "migrationStage":"NotStarted", "server":"akswtt10800000k"}}
{"logTime": "1202/130950", "correlationVector":"91qR1vBMPyQObfX+StOfKs.3","action":"Commit.Sessions", "result":"Success", "context":{"id":"7dac3268-db50-4b9c-92ef-2cb9ab5c88f5", "isDeleted":"true", "size":"0", "version":"1764680928220"}}
{"logTime": "1202/130950", "correlationVector":"91qR1vBMPyQObfX+StOfKs.2","action":"Commit Response", "result":"Success", "context":Result: Success. cV=91qR1vBMPyQObfX+StOfKs.0;server=akswtt10800000k;cloudType=Consumer;environment=Prod_southeastasia_prod-s01-064-apac-southeastasia;migrationStage=NotStarted}
{"logTime": "1202/131240", "correlationVector":"nq/T5rt4YxC9/lf780cxde","action":"Commit Request", "result":"", "context":Item count: 3
Contributing types: Sessions, History}
{"logTime": "1202/131240", "correlationVector":"nq/T5rt4YxC9/lf780cxde.1","action":"SyncServerConnectionManagerRequest", "result":"SYNC_SERVER_OK", "context":{"environment":"Prod_southeastasia_prod-s01-064-apac-southeastasia", "migrationStage":"NotStarted", "server":"akswtt10800000k"}}
{"logTime": "1202/131240", "correlationVector":"nq/T5rt4YxC9/lf780cxde.2","action":"Commit Response", "result":"Success", "context":Result: Success. cV=nq/T5rt4YxC9/lf780cxde.0;server=akswtt10800000k;cloudType=Consumer;environment=Prod_southeastasia_prod-s01-064-apac-southeastasia;migrationStage=NotStarted}
