2025-12-02 12:11:55.620: [INFO][Sync] Reset engine, reason: 8
2025-12-02 12:11:55.620: [INFO][Sync] Stopped: Bookmarks
2025-12-02 12:11:55.620: [INFO][Sync] Stopped: Preferences
2025-12-02 12:11:55.620: [INFO][Sync] Stopped: Passwords
2025-12-02 12:11:55.620: [INFO][Sync] Stopped: Autofill Profiles
2025-12-02 12:11:55.620: [INFO][Sync] Stopped: Autofill
2025-12-02 12:11:55.620: [INFO][Sync] Stopped: Extensions
2025-12-02 12:11:55.620: [INFO][Sync] Stopped: Sessions
2025-12-02 12:11:55.620: [INFO][Sync] Stopped: Extension settings
2025-12-02 12:11:55.620: [INFO][Sync] Stopped: History Delete Directives
2025-12-02 12:11:55.620: [INFO][Sync] Stopped: Device Info
2025-12-02 12:11:55.620: [INFO][Sync] Stopped: User Consents
2025-12-02 12:11:55.620: [INFO][Sync] Stopped: Send Tab To Self
2025-12-02 12:11:55.620: [INFO][Sync] Stopped: Web Apps
2025-12-02 12:11:55.620: [INFO][Sync] Stopped: History
2025-12-02 12:11:55.620: [INFO][Sync] Stopped: Saved Tab Group
2025-12-02 12:11:55.620: [INFO][Sync] Stopped: WebAuthn Credentials
2025-12-02 12:11:55.620: [INFO][Sync] Stopped: Collection
2025-12-02 12:11:55.620: [INFO][Sync] Stopped: Edge E Drop
2025-12-02 12:11:55.620: [INFO][Sync] Stopped: Edge Hub App Usage
2025-12-02 12:11:55.620: [INFO][Sync] Stopped: Edge Wallet
2025-12-02 12:11:55.620: [INFO][Sync] SyncState after authenticated was: NotSignedIn
2025-12-02 12:11:56.073: [INFO][Sync] Reset engine, reason: 8
2025-12-02 12:11:56.074: [INFO][Sync] Stopped: Bookmarks
2025-12-02 12:11:56.074: [INFO][Sync] Stopped: Preferences
2025-12-02 12:11:56.074: [INFO][Sync] Stopped: Passwords
2025-12-02 12:11:56.074: [INFO][Sync] Stopped: Autofill Profiles
2025-12-02 12:11:56.074: [INFO][Sync] Stopped: Autofill
2025-12-02 12:11:56.074: [INFO][Sync] Stopped: Extensions
2025-12-02 12:11:56.074: [INFO][Sync] Stopped: Sessions
2025-12-02 12:11:56.074: [INFO][Sync] Stopped: Extension settings
2025-12-02 12:11:56.074: [INFO][Sync] Stopped: History Delete Directives
2025-12-02 12:11:56.074: [INFO][Sync] Stopped: Device Info
2025-12-02 12:11:56.074: [INFO][Sync] Stopped: User Consents
2025-12-02 12:11:56.074: [INFO][Sync] Stopped: Send Tab To Self
2025-12-02 12:11:56.074: [INFO][Sync] Stopped: Web Apps
2025-12-02 12:11:56.074: [INFO][Sync] Stopped: History
2025-12-02 12:11:56.074: [INFO][Sync] Stopped: Saved Tab Group
2025-12-02 12:11:56.074: [INFO][Sync] Stopped: WebAuthn Credentials
2025-12-02 12:11:56.074: [INFO][Sync] Stopped: Collection
2025-12-02 12:11:56.074: [INFO][Sync] Stopped: Edge E Drop
2025-12-02 12:11:56.074: [INFO][Sync] Stopped: Edge Hub App Usage
2025-12-02 12:11:56.074: [INFO][Sync] Stopped: Edge Wallet
2025-12-02 12:11:56.707: [INFO][Sync] Try to start sync engine
2025-12-02 12:11:56.708: [INFO][SyncManagerImpl::NudgeForInitialDownload] Initial download nudge for Encryption Keys
2025-12-02 12:11:56.709: [INFO][SyncEngineBackend::LoadAndConnectNigoriController] Load and connect Nigori controller
2025-12-02 12:11:56.709: [INFO][SyncEngineBackend::DoInitialize] Control Types added: Encryption Keys
2025-12-02 12:11:56.709: [INFO][SyncManagerImpl::ConfigureSyncer] Types to download: Encryption Keys with reason: 3
2025-12-02 12:11:56.709: [INFO][SyncSchedulerImpl::DoConfigurationSyncCycleJob] Configure job was blocked
2025-12-02 12:11:57.535: [INFO][SyncAuthManager::SetLastAuthError] Current auth error: None
2025-12-02 12:11:57.536: [INFO][SyncAuthManager::EdgeLogTokenErrorState] Token error with: None for account type: MSA
2025-12-02 12:11:57.536: [INFO][Sync] Credentials changed for: EdgeSyncScopeNew
2025-12-02 12:11:59.875: [INFO][SyncAuthManager::SetLastAuthError] Current auth error: None
2025-12-02 12:11:59.875: [INFO][SyncAuthManager::EdgeLogTokenErrorState] Token error with: None for account type: MSA
2025-12-02 12:11:59.875: [INFO][Sync] Credentials changed for: EdgeSyncKeyDataScope
2025-12-02 12:11:59.876: [INFO][SyncEngineBackend::DoUpdateKeyDataCredentials] Update key data credentials
2025-12-02 12:11:59.876: [INFO][SyncEngineBackend::DoUpdateCredentials] Update credentials
2025-12-02 12:11:59.876: [INFO][SyncSchedulerImpl::DoConfigurationSyncCycleJob] Blocked types:  and types to download: Encryption Keys
2025-12-02 12:12:00.962: [INFO][Sync] Started DataTypeManager configuration, reason: 4
2025-12-02 12:12:00.985: [INFO][Sync] Configuring for: Bookmarks, Preferences, Passwords, Autofill Profiles, Autofill, Extensions, Sessions, Extension settings, History Delete Directives, Device Info, User Consents, Send Tab To Self, Web Apps, History, Saved Tab Group, WebAuthn Credentials, Collection, Edge E Drop, Edge Hub App Usage, Edge Wallet, Encryption Keys, reason: 3, current state: 0
2025-12-02 12:12:00.985: [WARN][Sync] Crypto error data types: Passwords, Autofill Profiles, Autofill
2025-12-02 12:12:00.989: [INFO][Sync] Configure, desired: Bookmarks, Preferences, Extensions, Sessions, Extension settings, History Delete Directives, Device Info, User Consents, Send Tab To Self, Web Apps, History, Saved Tab Group, WebAuthn Credentials, Collection, Edge E Drop, Edge Hub App Usage, Edge Wallet, Encryption Keys; Allow fail: Passwords, Autofill Profiles, Autofill
2025-12-02 12:12:00.989: [INFO][Sync] Loading: Bookmarks
2025-12-02 12:12:00.989: [INFO][Sync] Loading: Preferences
2025-12-02 12:12:00.989: [INFO][Sync] Loading: Extensions
2025-12-02 12:12:00.989: [INFO][Sync] Loading: Sessions
2025-12-02 12:12:00.989: [INFO][Sync] Loading: Extension settings
2025-12-02 12:12:00.989: [INFO][Sync] Loading: History Delete Directives
2025-12-02 12:12:00.989: [INFO][Sync] Loading: Device Info
2025-12-02 12:12:00.989: [INFO][Sync] Loading: User Consents
2025-12-02 12:12:00.989: [INFO][Sync] Loading: Send Tab To Self
2025-12-02 12:12:00.989: [INFO][Sync] Loading: Web Apps
2025-12-02 12:12:00.989: [INFO][Sync] Loading: History
2025-12-02 12:12:00.989: [INFO][Sync] Loading: Saved Tab Group
2025-12-02 12:12:00.989: [INFO][Sync] Loading: WebAuthn Credentials
2025-12-02 12:12:00.990: [INFO][Sync] Loading: Collection
2025-12-02 12:12:00.990: [INFO][Sync] Loading: Edge E Drop
2025-12-02 12:12:00.990: [INFO][Sync] Loading: Edge Hub App Usage
2025-12-02 12:12:00.990: [INFO][Sync] Loading: Edge Wallet
2025-12-02 12:12:01.008: [INFO][Sync] All data types are ready for configure.
2025-12-02 12:12:01.682: [INFO][SyncEngineBackend::DoStartConfiguration] Start configuration
2025-12-02 12:12:01.682: [INFO][SyncManagerImpl::NudgeForInitialDownload] Initial download nudge for Bookmarks
2025-12-02 12:12:01.682: [INFO][SyncManagerImpl::NudgeForInitialDownload] Initial download nudge for Preferences
2025-12-02 12:12:01.682: [INFO][SyncManagerImpl::NudgeForInitialDownload] Initial download nudge for Extensions
2025-12-02 12:12:01.682: [INFO][SyncManagerImpl::NudgeForInitialDownload] Initial download nudge for Sessions
2025-12-02 12:12:01.682: [INFO][SyncManagerImpl::NudgeForInitialDownload] Initial download nudge for Extension settings
2025-12-02 12:12:01.683: [INFO][SyncManagerImpl::NudgeForInitialDownload] Initial download nudge for History Delete Directives
2025-12-02 12:12:01.683: [INFO][SyncManagerImpl::NudgeForInitialDownload] Initial download nudge for Device Info
2025-12-02 12:12:01.683: [INFO][SyncManagerImpl::NudgeForInitialDownload] Initial download nudge for Send Tab To Self
2025-12-02 12:12:01.683: [INFO][SyncManagerImpl::NudgeForInitialDownload] Initial download nudge for Web Apps
2025-12-02 12:12:01.683: [INFO][SyncManagerImpl::NudgeForInitialDownload] Initial download nudge for History
2025-12-02 12:12:01.683: [INFO][SyncManagerImpl::NudgeForInitialDownload] Initial download nudge for Saved Tab Group
2025-12-02 12:12:01.683: [INFO][SyncManagerImpl::NudgeForInitialDownload] Initial download nudge for WebAuthn Credentials
2025-12-02 12:12:01.683: [INFO][SyncManagerImpl::NudgeForInitialDownload] Initial download nudge for Collection
2025-12-02 12:12:01.683: [INFO][SyncManagerImpl::NudgeForInitialDownload] Initial download nudge for Edge E Drop
2025-12-02 12:12:01.683: [INFO][SyncManagerImpl::NudgeForInitialDownload] Initial download nudge for Edge Hub App Usage
2025-12-02 12:12:01.683: [INFO][SyncManagerImpl::NudgeForInitialDownload] Initial download nudge for Edge Wallet
2025-12-02 12:12:01.683: [INFO][SyncManagerImpl::ConfigureSyncer] Types to download:  with reason: 3
2025-12-02 12:12:01.683: [INFO][SyncEngineBackend::DoFinishConfigureDataTypes] Failed to download types:  and succeeded types: 
2025-12-02 12:12:01.753: [INFO][Sync] Started DataTypeManager configuration, reason: 5
2025-12-02 12:12:01.754: [INFO][Sync] Configuring for: Bookmarks, Preferences, Passwords, Autofill Profiles, Autofill, Extensions, Sessions, Extension settings, History Delete Directives, Device Info, User Consents, Send Tab To Self, Web Apps, History, Saved Tab Group, WebAuthn Credentials, Collection, Edge E Drop, Edge Hub App Usage, Edge Wallet, Encryption Keys, reason: 5, current state: 1
2025-12-02 12:12:01.757: [INFO][Sync] ConfigurationDone, failed: , succeeded: , remaining count: 4
2025-12-02 12:12:01.757: [WARN][Sync]     Reconfigure requested while configuration ongoing.
2025-12-02 12:12:01.757: [INFO][Sync] Configuring for: Bookmarks, Preferences, Passwords, Autofill Profiles, Autofill, Extensions, Sessions, Extension settings, History Delete Directives, Device Info, User Consents, Send Tab To Self, Web Apps, History, Saved Tab Group, WebAuthn Credentials, Collection, Edge E Drop, Edge Hub App Usage, Edge Wallet, Encryption Keys, reason: 5, current state: 2
2025-12-02 12:12:01.757: [INFO][Sync] Configure, desired: Bookmarks, Preferences, Passwords, Autofill Profiles, Autofill, Extensions, Sessions, Extension settings, History Delete Directives, Device Info, User Consents, Send Tab To Self, Web Apps, History, Saved Tab Group, WebAuthn Credentials, Collection, Edge E Drop, Edge Hub App Usage, Edge Wallet, Encryption Keys; Allow fail: 
2025-12-02 12:12:01.757: [INFO][Sync] Loading: Passwords
2025-12-02 12:12:01.757: [INFO][Sync] Loading: Autofill Profiles
2025-12-02 12:12:01.757: [INFO][Sync] Loading: Autofill
2025-12-02 12:12:01.763: [INFO][Sync] All data types are ready for configure.
2025-12-02 12:12:01.763: [INFO][SyncManagerImpl::NudgeForInitialDownload] Initial download nudge for Passwords
2025-12-02 12:12:01.763: [INFO][SyncManagerImpl::NudgeForInitialDownload] Initial download nudge for Autofill Profiles
2025-12-02 12:12:01.763: [INFO][SyncManagerImpl::NudgeForInitialDownload] Initial download nudge for Autofill
2025-12-02 12:12:01.763: [INFO][SyncManagerImpl::ConfigureSyncer] Types to download:  with reason: 5
2025-12-02 12:12:01.763: [INFO][SyncEngineBackend::DoFinishConfigureDataTypes] Failed to download types:  and succeeded types: 
2025-12-02 12:12:01.763: [INFO][Sync] ConfigurationDone, failed: , succeeded: , remaining count: 4
2025-12-02 12:12:01.763: [INFO][Sync] Prepare to configure types: Preferences, Passwords, Device Info, Send Tab To Self, Edge E Drop, Encryption Keys
2025-12-02 12:12:01.763: [INFO][SyncManagerImpl::ConfigureSyncer] Types to download: Preferences, Passwords, Device Info, Send Tab To Self, Edge E Drop, Encryption Keys with reason: 5
2025-12-02 12:12:01.763: [INFO][SyncSchedulerImpl::DoConfigurationSyncCycleJob] Blocked types:  and types to download: Preferences, Passwords, Device Info, Send Tab To Self, Edge E Drop, Encryption Keys
2025-12-02 12:12:02.381: [INFO][SyncEngineBackend::DoFinishConfigureDataTypes] Failed to download types:  and succeeded types: Preferences, Passwords, Device Info, Send Tab To Self, Edge E Drop, Encryption Keys
2025-12-02 12:12:02.416: [INFO][Sync] ConfigurationDone, failed: , succeeded: Preferences, Passwords, Device Info, Send Tab To Self, Edge E Drop, Encryption Keys, remaining count: 3
2025-12-02 12:12:02.416: [INFO][Sync] Prepare to configure types: Bookmarks, Encryption Keys
2025-12-02 12:12:02.416: [INFO][SyncManagerImpl::ConfigureSyncer] Types to download: Bookmarks, Encryption Keys with reason: 5
2025-12-02 12:12:02.416: [INFO][SyncSchedulerImpl::DoConfigurationSyncCycleJob] Blocked types:  and types to download: Bookmarks, Encryption Keys
2025-12-02 12:12:02.744: [INFO][SyncEngineBackend::DoFinishConfigureDataTypes] Failed to download types:  and succeeded types: Bookmarks, Encryption Keys
2025-12-02 12:12:02.747: [INFO][Sync] ConfigurationDone, failed: , succeeded: Bookmarks, Encryption Keys, remaining count: 2
2025-12-02 12:12:02.747: [INFO][Sync] Prepare to configure types: Autofill Profiles, Autofill, Extensions, Sessions, Extension settings, History Delete Directives, Web Apps, Saved Tab Group, WebAuthn Credentials, Collection, Edge Hub App Usage, Edge Wallet, Encryption Keys
2025-12-02 12:12:02.747: [INFO][SyncManagerImpl::ConfigureSyncer] Types to download: Autofill Profiles, Autofill, Extensions, Sessions, Extension settings, History Delete Directives, Web Apps, Saved Tab Group, WebAuthn Credentials, Collection, Edge Hub App Usage, Edge Wallet, Encryption Keys with reason: 5
2025-12-02 12:12:02.748: [INFO][SyncSchedulerImpl::DoConfigurationSyncCycleJob] Blocked types:  and types to download: Autofill Profiles, Autofill, Extensions, Sessions, Extension settings, History Delete Directives, Web Apps, Saved Tab Group, WebAuthn Credentials, Collection, Edge Hub App Usage, Edge Wallet, Encryption Keys
2025-12-02 12:12:03.228: [INFO][SyncEngineBackend::DoFinishConfigureDataTypes] Failed to download types:  and succeeded types: Autofill Profiles, Autofill, Extensions, Sessions, Extension settings, History Delete Directives, Web Apps, Saved Tab Group, WebAuthn Credentials, Collection, Edge Hub App Usage, Edge Wallet, Encryption Keys
2025-12-02 12:12:03.230: [INFO][Sync] ConfigurationDone, failed: , succeeded: Autofill Profiles, Autofill, Extensions, Sessions, Extension settings, History Delete Directives, Web Apps, Saved Tab Group, WebAuthn Credentials, Collection, Edge Hub App Usage, Edge Wallet, Encryption Keys, remaining count: 1
2025-12-02 12:12:03.234: [INFO][Sync] Prepare to configure types: History, Encryption Keys
2025-12-02 12:12:03.234: [INFO][SyncManagerImpl::ConfigureSyncer] Types to download: History, Encryption Keys with reason: 5
2025-12-02 12:12:03.234: [INFO][SyncSchedulerImpl::DoConfigurationSyncCycleJob] Blocked types:  and types to download: History, Encryption Keys
2025-12-02 12:12:03.784: [INFO][SyncEngineBackend::DoFinishConfigureDataTypes] Failed to download types:  and succeeded types: History, Encryption Keys
2025-12-02 12:12:03.813: [INFO][Sync] ConfigurationDone, failed: , succeeded: History, Encryption Keys, remaining count: 0
2025-12-02 12:12:03.817: [INFO][Sync]     Configuration completed, state: 7
2025-12-02 12:12:03.817: [INFO][Sync] Configured DataTypeManager: Ok
2025-12-02 12:12:03.823: [INFO][SyncEngineBackend::DoStartSyncing] Start syncing
2025-12-02 12:23:01.345: [INFO][Sync] SyncState after authenticated was: FeatureCanStart
2025-12-02 12:23:03.214: [INFO][SyncAuthManager::SetLastAuthError] Current auth error: None
2025-12-02 12:23:03.214: [INFO][SyncAuthManager::EdgeLogTokenErrorState] Token error with: None for account type: MSA
2025-12-02 12:23:03.214: [INFO][Sync] Credentials changed for: EdgeSyncKeyDataScope
2025-12-02 12:23:11.541: [INFO][Sync] Try to start sync engine
2025-12-02 12:23:11.572: [INFO][SyncManagerImpl::NudgeForInitialDownload] Initial download nudge for Encryption Keys
2025-12-02 12:23:11.572: [INFO][SyncEngineBackend::LoadAndConnectNigoriController] Load and connect Nigori controller
2025-12-02 12:23:11.572: [INFO][SyncEngineBackend::DoInitialize] Control Types added: Encryption Keys
2025-12-02 12:23:11.572: [INFO][SyncManagerImpl::ConfigureSyncer] Types to download: Encryption Keys with reason: 3
2025-12-02 12:23:11.572: [INFO][SyncEngineBackend::DoUpdateKeyDataCredentials] Update key data credentials
2025-12-02 12:23:11.572: [INFO][SyncSchedulerImpl::DoConfigurationSyncCycleJob] Configure job was blocked
2025-12-02 12:23:12.000: [INFO][SyncAuthManager::SetLastAuthError] Current auth error: None
2025-12-02 12:23:12.000: [INFO][SyncAuthManager::EdgeLogTokenErrorState] Token error with: None for account type: MSA
2025-12-02 12:23:12.000: [INFO][Sync] Credentials changed for: EdgeSyncScopeNew
2025-12-02 12:23:12.000: [INFO][SyncEngineBackend::DoUpdateCredentials] Update credentials
2025-12-02 12:23:12.000: [INFO][SyncSchedulerImpl::DoConfigurationSyncCycleJob] Blocked types:  and types to download: Encryption Keys
2025-12-02 12:23:13.022: [INFO][SyncEngineBackend::DoUpdateKeyDataCredentials] Update key data credentials
2025-12-02 12:23:13.045: [INFO][Sync] Started DataTypeManager configuration, reason: 4
2025-12-02 12:23:13.045: [INFO][Sync] Configuring for: Bookmarks, Preferences, Passwords, Autofill Profiles, Autofill, Extensions, Sessions, Extension settings, History Delete Directives, Device Info, User Consents, Send Tab To Self, Web Apps, History, Saved Tab Group, WebAuthn Credentials, Collection, Edge E Drop, Edge Hub App Usage, Edge Wallet, Encryption Keys, reason: 4, current state: 0
2025-12-02 12:23:13.046: [WARN][Sync] Crypto error data types: Passwords, Autofill Profiles, Autofill
2025-12-02 12:23:13.050: [INFO][Sync] Configure, desired: Bookmarks, Preferences, Extensions, Sessions, Extension settings, History Delete Directives, Device Info, User Consents, Send Tab To Self, Web Apps, History, Saved Tab Group, WebAuthn Credentials, Collection, Edge E Drop, Edge Hub App Usage, Edge Wallet, Encryption Keys; Allow fail: Passwords, Autofill Profiles, Autofill
2025-12-02 12:23:13.050: [INFO][Sync] Loading: Bookmarks
2025-12-02 12:23:13.050: [INFO][Sync] Loading: Preferences
2025-12-02 12:23:13.050: [INFO][Sync] Loading: Extensions
2025-12-02 12:23:13.050: [INFO][Sync] Loading: Sessions
2025-12-02 12:23:13.050: [INFO][Sync] Loading: Extension settings
2025-12-02 12:23:13.050: [INFO][Sync] Loading: History Delete Directives
2025-12-02 12:23:13.050: [INFO][Sync] Loading: Device Info
2025-12-02 12:23:13.050: [INFO][Sync] Loading: User Consents
2025-12-02 12:23:13.050: [INFO][Sync] Loading: Send Tab To Self
2025-12-02 12:23:13.050: [INFO][Sync] Loading: Web Apps
2025-12-02 12:23:13.050: [INFO][Sync] Loading: History
2025-12-02 12:23:13.050: [INFO][Sync] Loading: Saved Tab Group
2025-12-02 12:23:13.050: [INFO][Sync] Loading: WebAuthn Credentials
2025-12-02 12:23:13.050: [INFO][Sync] Loading: Collection
2025-12-02 12:23:13.050: [INFO][Sync] Loading: Edge E Drop
2025-12-02 12:23:13.050: [INFO][Sync] Loading: Edge Hub App Usage
2025-12-02 12:23:13.050: [INFO][Sync] Loading: Edge Wallet
2025-12-02 12:23:13.062: [INFO][Sync] All data types are ready for configure.
2025-12-02 12:23:14.045: [INFO][Sync] Started DataTypeManager configuration, reason: 5
2025-12-02 12:23:14.045: [INFO][Sync] Configuring for: Bookmarks, Preferences, Passwords, Autofill Profiles, Autofill, Extensions, Sessions, Extension settings, History Delete Directives, Device Info, User Consents, Send Tab To Self, Web Apps, History, Saved Tab Group, WebAuthn Credentials, Collection, Edge E Drop, Edge Hub App Usage, Edge Wallet, Encryption Keys, reason: 5, current state: 1
2025-12-02 12:23:14.064: [INFO][SyncEngineBackend::DoStartConfiguration] Start configuration
2025-12-02 12:23:14.065: [INFO][SyncManagerImpl::ConfigureSyncer] Types to download:  with reason: 4
2025-12-02 12:23:14.065: [INFO][SyncEngineBackend::DoFinishConfigureDataTypes] Failed to download types:  and succeeded types: 
2025-12-02 12:23:14.066: [INFO][Sync] ConfigurationDone, failed: , succeeded: , remaining count: 4
2025-12-02 12:23:14.066: [WARN][Sync]     Reconfigure requested while configuration ongoing.
2025-12-02 12:23:14.066: [INFO][Sync] Configuring for: Bookmarks, Preferences, Passwords, Autofill Profiles, Autofill, Extensions, Sessions, Extension settings, History Delete Directives, Device Info, User Consents, Send Tab To Self, Web Apps, History, Saved Tab Group, WebAuthn Credentials, Collection, Edge E Drop, Edge Hub App Usage, Edge Wallet, Encryption Keys, reason: 5, current state: 2
2025-12-02 12:23:14.066: [INFO][Sync] Configure, desired: Bookmarks, Preferences, Passwords, Autofill Profiles, Autofill, Extensions, Sessions, Extension settings, History Delete Directives, Device Info, User Consents, Send Tab To Self, Web Apps, History, Saved Tab Group, WebAuthn Credentials, Collection, Edge E Drop, Edge Hub App Usage, Edge Wallet, Encryption Keys; Allow fail: 
2025-12-02 12:23:14.066: [INFO][Sync] Loading: Passwords
2025-12-02 12:23:14.066: [INFO][Sync] Loading: Autofill Profiles
2025-12-02 12:23:14.066: [INFO][Sync] Loading: Autofill
2025-12-02 12:23:14.067: [INFO][Sync] All data types are ready for configure.
2025-12-02 12:23:14.067: [INFO][SyncManagerImpl::NudgeForInitialDownload] Initial download nudge for Passwords
2025-12-02 12:23:14.067: [INFO][SyncManagerImpl::ConfigureSyncer] Types to download:  with reason: 5
2025-12-02 12:23:14.067: [INFO][SyncEngineBackend::DoFinishConfigureDataTypes] Failed to download types:  and succeeded types: 
2025-12-02 12:23:14.068: [INFO][Sync] ConfigurationDone, failed: , succeeded: , remaining count: 4
2025-12-02 12:23:14.068: [INFO][Sync] Prepare to configure types: Passwords, Encryption Keys
2025-12-02 12:23:14.068: [INFO][SyncManagerImpl::ConfigureSyncer] Types to download: Passwords, Encryption Keys with reason: 5
2025-12-02 12:23:14.069: [INFO][SyncSchedulerImpl::DoConfigurationSyncCycleJob] Blocked types:  and types to download: Passwords, Encryption Keys
2025-12-02 12:23:14.915: [INFO][SyncEngineBackend::DoFinishConfigureDataTypes] Failed to download types:  and succeeded types: Passwords, Encryption Keys
2025-12-02 12:23:14.918: [INFO][Sync] ConfigurationDone, failed: , succeeded: Passwords, Encryption Keys, remaining count: 3
2025-12-02 12:23:14.918: [INFO][SyncManagerImpl::ConfigureSyncer] Types to download:  with reason: 5
2025-12-02 12:23:14.919: [INFO][SyncEngineBackend::DoFinishConfigureDataTypes] Failed to download types:  and succeeded types: 
2025-12-02 12:23:14.919: [INFO][Sync] ConfigurationDone, failed: , succeeded: , remaining count: 2
2025-12-02 12:23:14.919: [INFO][SyncManagerImpl::ConfigureSyncer] Types to download:  with reason: 5
2025-12-02 12:23:14.919: [INFO][SyncEngineBackend::DoFinishConfigureDataTypes] Failed to download types:  and succeeded types: 
2025-12-02 12:23:14.919: [INFO][Sync] ConfigurationDone, failed: , succeeded: , remaining count: 1
2025-12-02 12:23:14.924: [INFO][SyncManagerImpl::ConfigureSyncer] Types to download:  with reason: 5
2025-12-02 12:23:14.924: [INFO][SyncEngineBackend::DoFinishConfigureDataTypes] Failed to download types:  and succeeded types: 
2025-12-02 12:23:14.924: [INFO][Sync] ConfigurationDone, failed: , succeeded: , remaining count: 0
2025-12-02 12:23:14.928: [INFO][Sync]     Configuration completed, state: 7
2025-12-02 12:23:14.929: [INFO][Sync] Configured DataTypeManager: Ok
2025-12-02 12:23:14.935: [INFO][SyncEngineBackend::DoStartSyncing] Start syncing
2025-12-02 12:26:55.183: [INFO][Sync] Reset engine, reason: 0
2025-12-02 12:26:55.183: [INFO][Sync] Reset engine with reason: 0
2025-12-02 12:30:38.293: [INFO][Sync] SyncState after authenticated was: FeatureCanStart
2025-12-02 12:30:40.241: [INFO][SyncAuthManager::SetLastAuthError] Current auth error: None
2025-12-02 12:30:40.241: [INFO][SyncAuthManager::EdgeLogTokenErrorState] Token error with: None for account type: MSA
2025-12-02 12:30:40.241: [INFO][Sync] Credentials changed for: EdgeSyncKeyDataScope
2025-12-02 12:30:48.464: [INFO][Sync] Try to start sync engine
2025-12-02 12:30:48.465: [INFO][SyncManagerImpl::NudgeForInitialDownload] Initial download nudge for Encryption Keys
2025-12-02 12:30:48.465: [INFO][SyncEngineBackend::LoadAndConnectNigoriController] Load and connect Nigori controller
2025-12-02 12:30:48.465: [INFO][SyncEngineBackend::DoInitialize] Control Types added: Encryption Keys
2025-12-02 12:30:48.465: [INFO][SyncManagerImpl::ConfigureSyncer] Types to download: Encryption Keys with reason: 3
2025-12-02 12:30:48.466: [INFO][SyncEngineBackend::DoUpdateKeyDataCredentials] Update key data credentials
2025-12-02 12:30:48.466: [INFO][SyncSchedulerImpl::DoConfigurationSyncCycleJob] Configure job was blocked
2025-12-02 12:30:48.516: [INFO][SyncAuthManager::SetLastAuthError] Current auth error: None
2025-12-02 12:30:48.516: [INFO][SyncAuthManager::EdgeLogTokenErrorState] Token error with: None for account type: MSA
2025-12-02 12:30:48.516: [INFO][Sync] Credentials changed for: EdgeSyncScopeNew
2025-12-02 12:30:48.516: [INFO][SyncEngineBackend::DoUpdateCredentials] Update credentials
2025-12-02 12:30:48.516: [INFO][SyncSchedulerImpl::DoConfigurationSyncCycleJob] Blocked types:  and types to download: Encryption Keys
2025-12-02 12:30:49.098: [INFO][SyncEngineBackend::DoUpdateKeyDataCredentials] Update key data credentials
2025-12-02 12:30:49.118: [INFO][Sync] Started DataTypeManager configuration, reason: 4
2025-12-02 12:30:49.119: [INFO][Sync] Configuring for: Bookmarks, Preferences, Passwords, Autofill Profiles, Autofill, Extensions, Sessions, Extension settings, History Delete Directives, Device Info, User Consents, Send Tab To Self, Web Apps, History, Saved Tab Group, WebAuthn Credentials, Collection, Edge E Drop, Edge Hub App Usage, Edge Wallet, Encryption Keys, reason: 4, current state: 0
2025-12-02 12:30:49.119: [WARN][Sync] Crypto error data types: Passwords, Autofill Profiles, Autofill
2025-12-02 12:30:49.122: [INFO][Sync] Configure, desired: Bookmarks, Preferences, Extensions, Sessions, Extension settings, History Delete Directives, Device Info, User Consents, Send Tab To Self, Web Apps, History, Saved Tab Group, WebAuthn Credentials, Collection, Edge E Drop, Edge Hub App Usage, Edge Wallet, Encryption Keys; Allow fail: Passwords, Autofill Profiles, Autofill
2025-12-02 12:30:49.122: [INFO][Sync] Loading: Bookmarks
2025-12-02 12:30:49.122: [INFO][Sync] Loading: Preferences
2025-12-02 12:30:49.122: [INFO][Sync] Loading: Extensions
2025-12-02 12:30:49.122: [INFO][Sync] Loading: Sessions
2025-12-02 12:30:49.122: [INFO][Sync] Loading: Extension settings
2025-12-02 12:30:49.122: [INFO][Sync] Loading: History Delete Directives
2025-12-02 12:30:49.122: [INFO][Sync] Loading: Device Info
2025-12-02 12:30:49.122: [INFO][Sync] Loading: User Consents
2025-12-02 12:30:49.122: [INFO][Sync] Loading: Send Tab To Self
2025-12-02 12:30:49.122: [INFO][Sync] Loading: Web Apps
2025-12-02 12:30:49.122: [INFO][Sync] Loading: History
2025-12-02 12:30:49.122: [INFO][Sync] Loading: Saved Tab Group
2025-12-02 12:30:49.122: [INFO][Sync] Loading: WebAuthn Credentials
2025-12-02 12:30:49.122: [INFO][Sync] Loading: Collection
2025-12-02 12:30:49.122: [INFO][Sync] Loading: Edge E Drop
2025-12-02 12:30:49.122: [INFO][Sync] Loading: Edge Hub App Usage
2025-12-02 12:30:49.122: [INFO][Sync] Loading: Edge Wallet
2025-12-02 12:30:49.137: [INFO][Sync] All data types are ready for configure.
2025-12-02 12:30:49.666: [INFO][Sync] Started DataTypeManager configuration, reason: 5
2025-12-02 12:30:49.666: [INFO][Sync] Configuring for: Bookmarks, Preferences, Passwords, Autofill Profiles, Autofill, Extensions, Sessions, Extension settings, History Delete Directives, Device Info, User Consents, Send Tab To Self, Web Apps, History, Saved Tab Group, WebAuthn Credentials, Collection, Edge E Drop, Edge Hub App Usage, Edge Wallet, Encryption Keys, reason: 5, current state: 1
2025-12-02 12:30:49.681: [INFO][SyncEngineBackend::DoStartConfiguration] Start configuration
2025-12-02 12:30:49.681: [INFO][SyncManagerImpl::ConfigureSyncer] Types to download:  with reason: 4
2025-12-02 12:30:49.681: [INFO][SyncEngineBackend::DoFinishConfigureDataTypes] Failed to download types:  and succeeded types: 
2025-12-02 12:30:49.684: [INFO][Sync] ConfigurationDone, failed: , succeeded: , remaining count: 4
2025-12-02 12:30:49.684: [WARN][Sync]     Reconfigure requested while configuration ongoing.
2025-12-02 12:30:49.684: [INFO][Sync] Configuring for: Bookmarks, Preferences, Passwords, Autofill Profiles, Autofill, Extensions, Sessions, Extension settings, History Delete Directives, Device Info, User Consents, Send Tab To Self, Web Apps, History, Saved Tab Group, WebAuthn Credentials, Collection, Edge E Drop, Edge Hub App Usage, Edge Wallet, Encryption Keys, reason: 5, current state: 2
2025-12-02 12:30:49.684: [INFO][Sync] Configure, desired: Bookmarks, Preferences, Passwords, Autofill Profiles, Autofill, Extensions, Sessions, Extension settings, History Delete Directives, Device Info, User Consents, Send Tab To Self, Web Apps, History, Saved Tab Group, WebAuthn Credentials, Collection, Edge E Drop, Edge Hub App Usage, Edge Wallet, Encryption Keys; Allow fail: 
2025-12-02 12:30:49.684: [INFO][Sync] Loading: Passwords
2025-12-02 12:30:49.684: [INFO][Sync] Loading: Autofill Profiles
2025-12-02 12:30:49.684: [INFO][Sync] Loading: Autofill
2025-12-02 12:30:49.685: [INFO][Sync] All data types are ready for configure.
2025-12-02 12:30:49.685: [INFO][SyncManagerImpl::NudgeForInitialDownload] Initial download nudge for Passwords
2025-12-02 12:30:49.685: [INFO][SyncManagerImpl::ConfigureSyncer] Types to download:  with reason: 5
2025-12-02 12:30:49.685: [INFO][SyncEngineBackend::DoFinishConfigureDataTypes] Failed to download types:  and succeeded types: 
2025-12-02 12:30:49.686: [INFO][Sync] ConfigurationDone, failed: , succeeded: , remaining count: 4
2025-12-02 12:30:49.686: [INFO][Sync] Prepare to configure types: Passwords, Encryption Keys
2025-12-02 12:30:49.686: [INFO][SyncManagerImpl::ConfigureSyncer] Types to download: Passwords, Encryption Keys with reason: 5
2025-12-02 12:30:49.686: [INFO][SyncSchedulerImpl::DoConfigurationSyncCycleJob] Blocked types:  and types to download: Passwords, Encryption Keys
2025-12-02 12:30:50.091: [INFO][SyncEngineBackend::DoFinishConfigureDataTypes] Failed to download types:  and succeeded types: Passwords, Encryption Keys
2025-12-02 12:30:50.093: [INFO][Sync] ConfigurationDone, failed: , succeeded: Passwords, Encryption Keys, remaining count: 3
2025-12-02 12:30:50.093: [INFO][SyncManagerImpl::ConfigureSyncer] Types to download:  with reason: 5
2025-12-02 12:30:50.093: [INFO][SyncEngineBackend::DoFinishConfigureDataTypes] Failed to download types:  and succeeded types: 
2025-12-02 12:30:50.104: [INFO][Sync] ConfigurationDone, failed: , succeeded: , remaining count: 2
2025-12-02 12:30:50.104: [INFO][SyncManagerImpl::ConfigureSyncer] Types to download:  with reason: 5
2025-12-02 12:30:50.104: [INFO][SyncEngineBackend::DoFinishConfigureDataTypes] Failed to download types:  and succeeded types: 
2025-12-02 12:30:50.106: [INFO][Sync] ConfigurationDone, failed: , succeeded: , remaining count: 1
2025-12-02 12:30:50.108: [INFO][SyncManagerImpl::ConfigureSyncer] Types to download:  with reason: 5
2025-12-02 12:30:50.108: [INFO][SyncEngineBackend::DoFinishConfigureDataTypes] Failed to download types:  and succeeded types: 
2025-12-02 12:30:50.110: [INFO][Sync] ConfigurationDone, failed: , succeeded: , remaining count: 0
2025-12-02 12:30:50.113: [INFO][Sync]     Configuration completed, state: 7
2025-12-02 12:30:50.113: [INFO][Sync] Configured DataTypeManager: Ok
2025-12-02 12:30:50.117: [INFO][SyncEngineBackend::DoStartSyncing] Start syncing
2025-12-02 12:35:53.128: [INFO][Sync] SyncState after authenticated was: FeatureCanStart
2025-12-02 12:35:55.389: [INFO][SyncAuthManager::SetLastAuthError] Current auth error: None
2025-12-02 12:35:55.389: [INFO][SyncAuthManager::EdgeLogTokenErrorState] Token error with: None for account type: MSA
2025-12-02 12:35:55.389: [INFO][Sync] Credentials changed for: EdgeSyncKeyDataScope
2025-12-02 12:36:03.309: [INFO][Sync] Try to start sync engine
2025-12-02 12:36:03.312: [INFO][SyncManagerImpl::NudgeForInitialDownload] Initial download nudge for Encryption Keys
2025-12-02 12:36:03.312: [INFO][SyncEngineBackend::LoadAndConnectNigoriController] Load and connect Nigori controller
2025-12-02 12:36:03.312: [INFO][SyncEngineBackend::DoInitialize] Control Types added: Encryption Keys
2025-12-02 12:36:03.312: [INFO][SyncManagerImpl::ConfigureSyncer] Types to download: Encryption Keys with reason: 3
2025-12-02 12:36:03.312: [INFO][SyncEngineBackend::DoUpdateKeyDataCredentials] Update key data credentials
2025-12-02 12:36:03.312: [INFO][SyncSchedulerImpl::DoConfigurationSyncCycleJob] Configure job was blocked
2025-12-02 12:36:03.385: [INFO][SyncAuthManager::SetLastAuthError] Current auth error: None
2025-12-02 12:36:03.385: [INFO][SyncAuthManager::EdgeLogTokenErrorState] Token error with: None for account type: MSA
2025-12-02 12:36:03.386: [INFO][Sync] Credentials changed for: EdgeSyncScopeNew
2025-12-02 12:36:03.386: [INFO][SyncEngineBackend::DoUpdateCredentials] Update credentials
2025-12-02 12:36:03.386: [INFO][SyncSchedulerImpl::DoConfigurationSyncCycleJob] Blocked types:  and types to download: Encryption Keys
2025-12-02 12:36:04.038: [INFO][SyncEngineBackend::DoUpdateKeyDataCredentials] Update key data credentials
2025-12-02 12:36:04.052: [INFO][Sync] Started DataTypeManager configuration, reason: 4
2025-12-02 12:36:04.052: [INFO][Sync] Configuring for: Bookmarks, Preferences, Passwords, Autofill Profiles, Autofill, Extensions, Sessions, Extension settings, History Delete Directives, Device Info, User Consents, Send Tab To Self, Web Apps, History, Saved Tab Group, WebAuthn Credentials, Collection, Edge E Drop, Edge Hub App Usage, Edge Wallet, Encryption Keys, reason: 4, current state: 0
2025-12-02 12:36:04.052: [WARN][Sync] Crypto error data types: Passwords, Autofill Profiles, Autofill
2025-12-02 12:36:04.054: [INFO][Sync] Configure, desired: Bookmarks, Preferences, Extensions, Sessions, Extension settings, History Delete Directives, Device Info, User Consents, Send Tab To Self, Web Apps, History, Saved Tab Group, WebAuthn Credentials, Collection, Edge E Drop, Edge Hub App Usage, Edge Wallet, Encryption Keys; Allow fail: Passwords, Autofill Profiles, Autofill
2025-12-02 12:36:04.054: [INFO][Sync] Loading: Bookmarks
2025-12-02 12:36:04.054: [INFO][Sync] Loading: Preferences
2025-12-02 12:36:04.054: [INFO][Sync] Loading: Extensions
2025-12-02 12:36:04.054: [INFO][Sync] Loading: Sessions
2025-12-02 12:36:04.054: [INFO][Sync] Loading: Extension settings
2025-12-02 12:36:04.054: [INFO][Sync] Loading: History Delete Directives
2025-12-02 12:36:04.055: [INFO][Sync] Loading: Device Info
2025-12-02 12:36:04.055: [INFO][Sync] Loading: User Consents
2025-12-02 12:36:04.055: [INFO][Sync] Loading: Send Tab To Self
2025-12-02 12:36:04.055: [INFO][Sync] Loading: Web Apps
2025-12-02 12:36:04.055: [INFO][Sync] Loading: History
2025-12-02 12:36:04.055: [INFO][Sync] Loading: Saved Tab Group
2025-12-02 12:36:04.055: [INFO][Sync] Loading: WebAuthn Credentials
2025-12-02 12:36:04.055: [INFO][Sync] Loading: Collection
2025-12-02 12:36:04.055: [INFO][Sync] Loading: Edge E Drop
2025-12-02 12:36:04.055: [INFO][Sync] Loading: Edge Hub App Usage
2025-12-02 12:36:04.055: [INFO][Sync] Loading: Edge Wallet
2025-12-02 12:36:04.061: [INFO][Sync] All data types are ready for configure.
2025-12-02 12:36:04.565: [INFO][Sync] Started DataTypeManager configuration, reason: 5
2025-12-02 12:36:04.565: [INFO][Sync] Configuring for: Bookmarks, Preferences, Passwords, Autofill Profiles, Autofill, Extensions, Sessions, Extension settings, History Delete Directives, Device Info, User Consents, Send Tab To Self, Web Apps, History, Saved Tab Group, WebAuthn Credentials, Collection, Edge E Drop, Edge Hub App Usage, Edge Wallet, Encryption Keys, reason: 5, current state: 1
2025-12-02 12:36:04.585: [INFO][SyncEngineBackend::DoStartConfiguration] Start configuration
2025-12-02 12:36:04.585: [INFO][SyncManagerImpl::ConfigureSyncer] Types to download:  with reason: 4
2025-12-02 12:36:04.586: [INFO][SyncEngineBackend::DoFinishConfigureDataTypes] Failed to download types:  and succeeded types: 
2025-12-02 12:36:04.586: [INFO][Sync] ConfigurationDone, failed: , succeeded: , remaining count: 4
2025-12-02 12:36:04.586: [WARN][Sync]     Reconfigure requested while configuration ongoing.
2025-12-02 12:36:04.586: [INFO][Sync] Configuring for: Bookmarks, Preferences, Passwords, Autofill Profiles, Autofill, Extensions, Sessions, Extension settings, History Delete Directives, Device Info, User Consents, Send Tab To Self, Web Apps, History, Saved Tab Group, WebAuthn Credentials, Collection, Edge E Drop, Edge Hub App Usage, Edge Wallet, Encryption Keys, reason: 5, current state: 2
2025-12-02 12:36:04.586: [INFO][Sync] Configure, desired: Bookmarks, Preferences, Passwords, Autofill Profiles, Autofill, Extensions, Sessions, Extension settings, History Delete Directives, Device Info, User Consents, Send Tab To Self, Web Apps, History, Saved Tab Group, WebAuthn Credentials, Collection, Edge E Drop, Edge Hub App Usage, Edge Wallet, Encryption Keys; Allow fail: 
2025-12-02 12:36:04.586: [INFO][Sync] Loading: Passwords
2025-12-02 12:36:04.586: [INFO][Sync] Loading: Autofill Profiles
2025-12-02 12:36:04.586: [INFO][Sync] Loading: Autofill
2025-12-02 12:36:04.586: [INFO][Sync] All data types are ready for configure.
2025-12-02 12:36:04.586: [INFO][SyncManagerImpl::NudgeForInitialDownload] Initial download nudge for Passwords
2025-12-02 12:36:04.586: [INFO][SyncManagerImpl::ConfigureSyncer] Types to download:  with reason: 5
2025-12-02 12:36:04.586: [INFO][SyncEngineBackend::DoFinishConfigureDataTypes] Failed to download types:  and succeeded types: 
2025-12-02 12:36:04.586: [INFO][Sync] ConfigurationDone, failed: , succeeded: , remaining count: 4
2025-12-02 12:36:04.586: [INFO][Sync] Prepare to configure types: Passwords, Encryption Keys
2025-12-02 12:36:04.586: [INFO][SyncManagerImpl::ConfigureSyncer] Types to download: Passwords, Encryption Keys with reason: 5
2025-12-02 12:36:04.586: [INFO][SyncSchedulerImpl::DoConfigurationSyncCycleJob] Blocked types:  and types to download: Passwords, Encryption Keys
2025-12-02 12:36:05.057: [INFO][SyncEngineBackend::DoFinishConfigureDataTypes] Failed to download types:  and succeeded types: Passwords, Encryption Keys
2025-12-02 12:36:05.060: [INFO][Sync] ConfigurationDone, failed: , succeeded: Passwords, Encryption Keys, remaining count: 3
2025-12-02 12:36:05.060: [INFO][SyncManagerImpl::ConfigureSyncer] Types to download:  with reason: 5
2025-12-02 12:36:05.060: [INFO][SyncEngineBackend::DoFinishConfigureDataTypes] Failed to download types:  and succeeded types: 
2025-12-02 12:36:05.060: [INFO][Sync] ConfigurationDone, failed: , succeeded: , remaining count: 2
2025-12-02 12:36:05.061: [INFO][SyncManagerImpl::ConfigureSyncer] Types to download:  with reason: 5
2025-12-02 12:36:05.061: [INFO][SyncEngineBackend::DoFinishConfigureDataTypes] Failed to download types:  and succeeded types: 
2025-12-02 12:36:05.061: [INFO][Sync] ConfigurationDone, failed: , succeeded: , remaining count: 1
2025-12-02 12:36:05.066: [INFO][SyncManagerImpl::ConfigureSyncer] Types to download:  with reason: 5
2025-12-02 12:36:05.066: [INFO][SyncEngineBackend::DoFinishConfigureDataTypes] Failed to download types:  and succeeded types: 
2025-12-02 12:36:05.067: [INFO][Sync] ConfigurationDone, failed: , succeeded: , remaining count: 0
2025-12-02 12:36:05.072: [INFO][Sync]     Configuration completed, state: 7
2025-12-02 12:36:05.072: [INFO][Sync] Configured DataTypeManager: Ok
2025-12-02 12:36:05.078: [INFO][SyncEngineBackend::DoStartSyncing] Start syncing
2025-12-02 12:39:53.537: [INFO][Sync] Reset engine, reason: 0
2025-12-02 12:39:53.537: [INFO][Sync] Reset engine with reason: 0
2025-12-02 12:45:51.043: [INFO][Sync] SyncState after authenticated was: FeatureCanStart
2025-12-02 12:45:53.854: [INFO][SyncAuthManager::SetLastAuthError] Current auth error: None
2025-12-02 12:45:53.855: [INFO][SyncAuthManager::EdgeLogTokenErrorState] Token error with: None for account type: MSA
2025-12-02 12:45:53.855: [INFO][Sync] Credentials changed for: EdgeSyncKeyDataScope
2025-12-02 12:46:01.281: [INFO][Sync] Try to start sync engine
2025-12-02 12:46:01.284: [INFO][SyncManagerImpl::NudgeForInitialDownload] Initial download nudge for Encryption Keys
2025-12-02 12:46:01.284: [INFO][SyncEngineBackend::LoadAndConnectNigoriController] Load and connect Nigori controller
2025-12-02 12:46:01.284: [INFO][SyncEngineBackend::DoInitialize] Control Types added: Encryption Keys
2025-12-02 12:46:01.285: [INFO][SyncManagerImpl::ConfigureSyncer] Types to download: Encryption Keys with reason: 3
2025-12-02 12:46:01.285: [INFO][SyncEngineBackend::DoUpdateKeyDataCredentials] Update key data credentials
2025-12-02 12:46:01.285: [INFO][SyncSchedulerImpl::DoConfigurationSyncCycleJob] Configure job was blocked
2025-12-02 12:46:01.408: [INFO][SyncAuthManager::SetLastAuthError] Current auth error: None
2025-12-02 12:46:01.408: [INFO][SyncAuthManager::EdgeLogTokenErrorState] Token error with: None for account type: MSA
2025-12-02 12:46:01.408: [INFO][Sync] Credentials changed for: EdgeSyncScopeNew
2025-12-02 12:46:01.408: [INFO][SyncEngineBackend::DoUpdateCredentials] Update credentials
2025-12-02 12:46:01.408: [INFO][SyncSchedulerImpl::DoConfigurationSyncCycleJob] Blocked types:  and types to download: Encryption Keys
2025-12-02 12:46:02.083: [INFO][SyncEngineBackend::DoUpdateKeyDataCredentials] Update key data credentials
2025-12-02 12:46:02.112: [INFO][Sync] Started DataTypeManager configuration, reason: 4
2025-12-02 12:46:02.112: [INFO][Sync] Configuring for: Bookmarks, Preferences, Passwords, Autofill Profiles, Autofill, Extensions, Sessions, Extension settings, History Delete Directives, Device Info, User Consents, Send Tab To Self, Web Apps, History, Saved Tab Group, WebAuthn Credentials, Collection, Edge E Drop, Edge Hub App Usage, Edge Wallet, Encryption Keys, reason: 4, current state: 0
2025-12-02 12:46:02.113: [WARN][Sync] Crypto error data types: Passwords, Autofill Profiles, Autofill
2025-12-02 12:46:02.118: [INFO][Sync] Configure, desired: Bookmarks, Preferences, Extensions, Sessions, Extension settings, History Delete Directives, Device Info, User Consents, Send Tab To Self, Web Apps, History, Saved Tab Group, WebAuthn Credentials, Collection, Edge E Drop, Edge Hub App Usage, Edge Wallet, Encryption Keys; Allow fail: Passwords, Autofill Profiles, Autofill
2025-12-02 12:46:02.119: [INFO][Sync] Loading: Bookmarks
2025-12-02 12:46:02.119: [INFO][Sync] Loading: Preferences
2025-12-02 12:46:02.119: [INFO][Sync] Loading: Extensions
2025-12-02 12:46:02.119: [INFO][Sync] Loading: Sessions
2025-12-02 12:46:02.119: [INFO][Sync] Loading: Extension settings
2025-12-02 12:46:02.119: [INFO][Sync] Loading: History Delete Directives
2025-12-02 12:46:02.119: [INFO][Sync] Loading: Device Info
2025-12-02 12:46:02.119: [INFO][Sync] Loading: User Consents
2025-12-02 12:46:02.119: [INFO][Sync] Loading: Send Tab To Self
2025-12-02 12:46:02.119: [INFO][Sync] Loading: Web Apps
2025-12-02 12:46:02.119: [INFO][Sync] Loading: History
2025-12-02 12:46:02.119: [INFO][Sync] Loading: Saved Tab Group
2025-12-02 12:46:02.119: [INFO][Sync] Loading: WebAuthn Credentials
2025-12-02 12:46:02.119: [INFO][Sync] Loading: Collection
2025-12-02 12:46:02.119: [INFO][Sync] Loading: Edge E Drop
2025-12-02 12:46:02.119: [INFO][Sync] Loading: Edge Hub App Usage
2025-12-02 12:46:02.119: [INFO][Sync] Loading: Edge Wallet
2025-12-02 12:46:02.134: [INFO][Sync] All data types are ready for configure.
2025-12-02 12:46:02.685: [INFO][Sync] Started DataTypeManager configuration, reason: 5
2025-12-02 12:46:02.686: [INFO][Sync] Configuring for: Bookmarks, Preferences, Passwords, Autofill Profiles, Autofill, Extensions, Sessions, Extension settings, History Delete Directives, Device Info, User Consents, Send Tab To Self, Web Apps, History, Saved Tab Group, WebAuthn Credentials, Collection, Edge E Drop, Edge Hub App Usage, Edge Wallet, Encryption Keys, reason: 5, current state: 1
2025-12-02 12:46:02.709: [INFO][SyncEngineBackend::DoStartConfiguration] Start configuration
2025-12-02 12:46:02.709: [INFO][SyncManagerImpl::ConfigureSyncer] Types to download:  with reason: 4
2025-12-02 12:46:02.709: [INFO][SyncEngineBackend::DoFinishConfigureDataTypes] Failed to download types:  and succeeded types: 
2025-12-02 12:46:02.724: [INFO][Sync] ConfigurationDone, failed: , succeeded: , remaining count: 4
2025-12-02 12:46:02.724: [WARN][Sync]     Reconfigure requested while configuration ongoing.
2025-12-02 12:46:02.724: [INFO][Sync] Configuring for: Bookmarks, Preferences, Passwords, Autofill Profiles, Autofill, Extensions, Sessions, Extension settings, History Delete Directives, Device Info, User Consents, Send Tab To Self, Web Apps, History, Saved Tab Group, WebAuthn Credentials, Collection, Edge E Drop, Edge Hub App Usage, Edge Wallet, Encryption Keys, reason: 5, current state: 2
2025-12-02 12:46:02.724: [INFO][Sync] Configure, desired: Bookmarks, Preferences, Passwords, Autofill Profiles, Autofill, Extensions, Sessions, Extension settings, History Delete Directives, Device Info, User Consents, Send Tab To Self, Web Apps, History, Saved Tab Group, WebAuthn Credentials, Collection, Edge E Drop, Edge Hub App Usage, Edge Wallet, Encryption Keys; Allow fail: 
2025-12-02 12:46:02.724: [INFO][Sync] Loading: Passwords
2025-12-02 12:46:02.724: [INFO][Sync] Loading: Autofill Profiles
2025-12-02 12:46:02.724: [INFO][Sync] Loading: Autofill
2025-12-02 12:46:02.726: [INFO][Sync] All data types are ready for configure.
2025-12-02 12:46:02.726: [INFO][SyncManagerImpl::NudgeForInitialDownload] Initial download nudge for Passwords
2025-12-02 12:46:02.726: [INFO][SyncManagerImpl::ConfigureSyncer] Types to download:  with reason: 5
2025-12-02 12:46:02.727: [INFO][SyncEngineBackend::DoFinishConfigureDataTypes] Failed to download types:  and succeeded types: 
2025-12-02 12:46:02.728: [INFO][Sync] ConfigurationDone, failed: , succeeded: , remaining count: 4
2025-12-02 12:46:02.728: [INFO][Sync] Prepare to configure types: Passwords, Encryption Keys
2025-12-02 12:46:02.728: [INFO][SyncManagerImpl::ConfigureSyncer] Types to download: Passwords, Encryption Keys with reason: 5
2025-12-02 12:46:02.728: [INFO][SyncSchedulerImpl::DoConfigurationSyncCycleJob] Blocked types:  and types to download: Passwords, Encryption Keys
2025-12-02 12:46:03.208: [INFO][SyncEngineBackend::DoFinishConfigureDataTypes] Failed to download types:  and succeeded types: Passwords, Encryption Keys
2025-12-02 12:46:03.211: [INFO][Sync] ConfigurationDone, failed: , succeeded: Passwords, Encryption Keys, remaining count: 3
2025-12-02 12:46:03.211: [INFO][SyncManagerImpl::ConfigureSyncer] Types to download:  with reason: 5
2025-12-02 12:46:03.211: [INFO][SyncEngineBackend::DoFinishConfigureDataTypes] Failed to download types:  and succeeded types: 
2025-12-02 12:46:03.211: [INFO][Sync] ConfigurationDone, failed: , succeeded: , remaining count: 2
2025-12-02 12:46:03.212: [INFO][SyncManagerImpl::ConfigureSyncer] Types to download:  with reason: 5
2025-12-02 12:46:03.212: [INFO][SyncEngineBackend::DoFinishConfigureDataTypes] Failed to download types:  and succeeded types: 
2025-12-02 12:46:03.212: [INFO][Sync] ConfigurationDone, failed: , succeeded: , remaining count: 1
2025-12-02 12:46:03.217: [INFO][SyncManagerImpl::ConfigureSyncer] Types to download:  with reason: 5
2025-12-02 12:46:03.217: [INFO][SyncEngineBackend::DoFinishConfigureDataTypes] Failed to download types:  and succeeded types: 
2025-12-02 12:46:03.241: [INFO][Sync] ConfigurationDone, failed: , succeeded: , remaining count: 0
2025-12-02 12:46:03.243: [INFO][Sync]     Configuration completed, state: 7
2025-12-02 12:46:03.244: [INFO][Sync] Configured DataTypeManager: Ok
2025-12-02 12:46:03.250: [INFO][SyncEngineBackend::DoStartSyncing] Start syncing
2025-12-02 12:48:56.072: [INFO][Sync] Reset engine, reason: 0
2025-12-02 12:48:56.072: [INFO][Sync] Reset engine with reason: 0
2025-12-02 12:50:19.799: [INFO][Sync] SyncState after authenticated was: FeatureCanStart
2025-12-02 12:50:22.179: [INFO][SyncAuthManager::SetLastAuthError] Current auth error: None
2025-12-02 12:50:22.179: [INFO][SyncAuthManager::EdgeLogTokenErrorState] Token error with: None for account type: MSA
2025-12-02 12:50:22.179: [INFO][Sync] Credentials changed for: EdgeSyncKeyDataScope
2025-12-02 12:50:29.992: [INFO][Sync] Try to start sync engine
2025-12-02 12:50:29.993: [INFO][SyncManagerImpl::NudgeForInitialDownload] Initial download nudge for Encryption Keys
2025-12-02 12:50:29.993: [INFO][SyncEngineBackend::LoadAndConnectNigoriController] Load and connect Nigori controller
2025-12-02 12:50:29.993: [INFO][SyncEngineBackend::DoInitialize] Control Types added: Encryption Keys
2025-12-02 12:50:29.994: [INFO][SyncManagerImpl::ConfigureSyncer] Types to download: Encryption Keys with reason: 3
2025-12-02 12:50:29.994: [INFO][SyncEngineBackend::DoUpdateKeyDataCredentials] Update key data credentials
2025-12-02 12:50:29.994: [INFO][SyncSchedulerImpl::DoConfigurationSyncCycleJob] Configure job was blocked
2025-12-02 12:50:30.048: [INFO][SyncAuthManager::SetLastAuthError] Current auth error: None
2025-12-02 12:50:30.048: [INFO][SyncAuthManager::EdgeLogTokenErrorState] Token error with: None for account type: MSA
2025-12-02 12:50:30.048: [INFO][Sync] Credentials changed for: EdgeSyncScopeNew
2025-12-02 12:50:30.048: [INFO][SyncEngineBackend::DoUpdateCredentials] Update credentials
2025-12-02 12:50:30.048: [INFO][SyncSchedulerImpl::DoConfigurationSyncCycleJob] Blocked types:  and types to download: Encryption Keys
2025-12-02 12:50:30.673: [INFO][SyncEngineBackend::DoUpdateKeyDataCredentials] Update key data credentials
2025-12-02 12:50:30.679: [INFO][Sync] Started DataTypeManager configuration, reason: 4
2025-12-02 12:50:30.680: [INFO][Sync] Configuring for: Bookmarks, Preferences, Passwords, Autofill Profiles, Autofill, Extensions, Sessions, Extension settings, History Delete Directives, Device Info, User Consents, Send Tab To Self, Web Apps, History, Saved Tab Group, WebAuthn Credentials, Collection, Edge E Drop, Edge Hub App Usage, Edge Wallet, Encryption Keys, reason: 4, current state: 0
2025-12-02 12:50:30.680: [WARN][Sync] Crypto error data types: Passwords, Autofill Profiles, Autofill
2025-12-02 12:50:30.682: [INFO][Sync] Configure, desired: Bookmarks, Preferences, Extensions, Sessions, Extension settings, History Delete Directives, Device Info, User Consents, Send Tab To Self, Web Apps, History, Saved Tab Group, WebAuthn Credentials, Collection, Edge E Drop, Edge Hub App Usage, Edge Wallet, Encryption Keys; Allow fail: Passwords, Autofill Profiles, Autofill
2025-12-02 12:50:30.682: [INFO][Sync] Loading: Bookmarks
2025-12-02 12:50:30.682: [INFO][Sync] Loading: Preferences
2025-12-02 12:50:30.682: [INFO][Sync] Loading: Extensions
2025-12-02 12:50:30.682: [INFO][Sync] Loading: Sessions
2025-12-02 12:50:30.682: [INFO][Sync] Loading: Extension settings
2025-12-02 12:50:30.682: [INFO][Sync] Loading: History Delete Directives
2025-12-02 12:50:30.682: [INFO][Sync] Loading: Device Info
2025-12-02 12:50:30.682: [INFO][Sync] Loading: User Consents
2025-12-02 12:50:30.682: [INFO][Sync] Loading: Send Tab To Self
2025-12-02 12:50:30.682: [INFO][Sync] Loading: Web Apps
2025-12-02 12:50:30.682: [INFO][Sync] Loading: History
2025-12-02 12:50:30.682: [INFO][Sync] Loading: Saved Tab Group
2025-12-02 12:50:30.682: [INFO][Sync] Loading: WebAuthn Credentials
2025-12-02 12:50:30.682: [INFO][Sync] Loading: Collection
2025-12-02 12:50:30.682: [INFO][Sync] Loading: Edge E Drop
2025-12-02 12:50:30.682: [INFO][Sync] Loading: Edge Hub App Usage
2025-12-02 12:50:30.682: [INFO][Sync] Loading: Edge Wallet
2025-12-02 12:50:30.697: [INFO][Sync] All data types are ready for configure.
2025-12-02 12:50:31.222: [INFO][Sync] Started DataTypeManager configuration, reason: 5
2025-12-02 12:50:31.223: [INFO][Sync] Configuring for: Bookmarks, Preferences, Passwords, Autofill Profiles, Autofill, Extensions, Sessions, Extension settings, History Delete Directives, Device Info, User Consents, Send Tab To Self, Web Apps, History, Saved Tab Group, WebAuthn Credentials, Collection, Edge E Drop, Edge Hub App Usage, Edge Wallet, Encryption Keys, reason: 5, current state: 1
2025-12-02 12:50:31.235: [INFO][SyncEngineBackend::DoStartConfiguration] Start configuration
2025-12-02 12:50:31.235: [INFO][SyncManagerImpl::ConfigureSyncer] Types to download:  with reason: 4
2025-12-02 12:50:31.235: [INFO][SyncEngineBackend::DoFinishConfigureDataTypes] Failed to download types:  and succeeded types: 
2025-12-02 12:50:31.236: [INFO][Sync] ConfigurationDone, failed: , succeeded: , remaining count: 4
2025-12-02 12:50:31.236: [WARN][Sync]     Reconfigure requested while configuration ongoing.
2025-12-02 12:50:31.236: [INFO][Sync] Configuring for: Bookmarks, Preferences, Passwords, Autofill Profiles, Autofill, Extensions, Sessions, Extension settings, History Delete Directives, Device Info, User Consents, Send Tab To Self, Web Apps, History, Saved Tab Group, WebAuthn Credentials, Collection, Edge E Drop, Edge Hub App Usage, Edge Wallet, Encryption Keys, reason: 5, current state: 2
2025-12-02 12:50:31.236: [INFO][Sync] Configure, desired: Bookmarks, Preferences, Passwords, Autofill Profiles, Autofill, Extensions, Sessions, Extension settings, History Delete Directives, Device Info, User Consents, Send Tab To Self, Web Apps, History, Saved Tab Group, WebAuthn Credentials, Collection, Edge E Drop, Edge Hub App Usage, Edge Wallet, Encryption Keys; Allow fail: 
2025-12-02 12:50:31.236: [INFO][Sync] Loading: Passwords
2025-12-02 12:50:31.236: [INFO][Sync] Loading: Autofill Profiles
2025-12-02 12:50:31.236: [INFO][Sync] Loading: Autofill
2025-12-02 12:50:31.237: [INFO][Sync] All data types are ready for configure.
2025-12-02 12:50:31.237: [INFO][SyncManagerImpl::NudgeForInitialDownload] Initial download nudge for Passwords
2025-12-02 12:50:31.237: [INFO][SyncManagerImpl::ConfigureSyncer] Types to download:  with reason: 5
2025-12-02 12:50:31.237: [INFO][SyncEngineBackend::DoFinishConfigureDataTypes] Failed to download types:  and succeeded types: 
2025-12-02 12:50:31.238: [INFO][Sync] ConfigurationDone, failed: , succeeded: , remaining count: 4
2025-12-02 12:50:31.238: [INFO][Sync] Prepare to configure types: Passwords, Encryption Keys
2025-12-02 12:50:31.239: [INFO][SyncManagerImpl::ConfigureSyncer] Types to download: Passwords, Encryption Keys with reason: 5
2025-12-02 12:50:31.239: [INFO][SyncSchedulerImpl::DoConfigurationSyncCycleJob] Blocked types:  and types to download: Passwords, Encryption Keys
2025-12-02 12:50:31.698: [INFO][SyncEngineBackend::DoFinishConfigureDataTypes] Failed to download types:  and succeeded types: Passwords, Encryption Keys
2025-12-02 12:50:31.701: [INFO][Sync] ConfigurationDone, failed: , succeeded: Passwords, Encryption Keys, remaining count: 3
2025-12-02 12:50:31.701: [INFO][SyncManagerImpl::ConfigureSyncer] Types to download:  with reason: 5
2025-12-02 12:50:31.701: [INFO][SyncEngineBackend::DoFinishConfigureDataTypes] Failed to download types:  and succeeded types: 
2025-12-02 12:50:31.701: [INFO][Sync] ConfigurationDone, failed: , succeeded: , remaining count: 2
2025-12-02 12:50:31.701: [INFO][SyncManagerImpl::ConfigureSyncer] Types to download:  with reason: 5
2025-12-02 12:50:31.701: [INFO][SyncEngineBackend::DoFinishConfigureDataTypes] Failed to download types:  and succeeded types: 
2025-12-02 12:50:31.701: [INFO][Sync] ConfigurationDone, failed: , succeeded: , remaining count: 1
2025-12-02 12:50:31.705: [INFO][SyncManagerImpl::ConfigureSyncer] Types to download:  with reason: 5
2025-12-02 12:50:31.705: [INFO][SyncEngineBackend::DoFinishConfigureDataTypes] Failed to download types:  and succeeded types: 
2025-12-02 12:50:31.706: [INFO][Sync] ConfigurationDone, failed: , succeeded: , remaining count: 0
2025-12-02 12:50:31.710: [INFO][Sync]     Configuration completed, state: 7
2025-12-02 12:50:31.711: [INFO][Sync] Configured DataTypeManager: Ok
2025-12-02 12:50:31.715: [INFO][SyncEngineBackend::DoStartSyncing] Start syncing
2025-12-02 13:01:04.127: [INFO][Sync] SyncState after authenticated was: FeatureCanStart
2025-12-02 13:01:06.146: [INFO][SyncAuthManager::SetLastAuthError] Current auth error: None
2025-12-02 13:01:06.146: [INFO][SyncAuthManager::EdgeLogTokenErrorState] Token error with: None for account type: MSA
2025-12-02 13:01:06.146: [INFO][Sync] Credentials changed for: EdgeSyncKeyDataScope
2025-12-02 13:01:14.313: [INFO][Sync] Try to start sync engine
2025-12-02 13:01:14.315: [INFO][SyncManagerImpl::NudgeForInitialDownload] Initial download nudge for Encryption Keys
2025-12-02 13:01:14.315: [INFO][SyncEngineBackend::LoadAndConnectNigoriController] Load and connect Nigori controller
2025-12-02 13:01:14.315: [INFO][SyncEngineBackend::DoInitialize] Control Types added: Encryption Keys
2025-12-02 13:01:14.315: [INFO][SyncManagerImpl::ConfigureSyncer] Types to download: Encryption Keys with reason: 3
2025-12-02 13:01:14.315: [INFO][SyncEngineBackend::DoUpdateKeyDataCredentials] Update key data credentials
2025-12-02 13:01:14.315: [INFO][SyncSchedulerImpl::DoConfigurationSyncCycleJob] Configure job was blocked
2025-12-02 13:01:14.383: [INFO][SyncAuthManager::SetLastAuthError] Current auth error: None
2025-12-02 13:01:14.383: [INFO][SyncAuthManager::EdgeLogTokenErrorState] Token error with: None for account type: MSA
2025-12-02 13:01:14.383: [INFO][Sync] Credentials changed for: EdgeSyncScopeNew
2025-12-02 13:01:14.383: [INFO][SyncEngineBackend::DoUpdateCredentials] Update credentials
2025-12-02 13:01:14.383: [INFO][SyncSchedulerImpl::DoConfigurationSyncCycleJob] Blocked types:  and types to download: Encryption Keys
2025-12-02 13:01:15.202: [INFO][SyncEngineBackend::DoUpdateKeyDataCredentials] Update key data credentials
2025-12-02 13:01:15.222: [INFO][Sync] Started DataTypeManager configuration, reason: 4
2025-12-02 13:01:15.222: [INFO][Sync] Configuring for: Bookmarks, Preferences, Passwords, Autofill Profiles, Autofill, Extensions, Sessions, Extension settings, History Delete Directives, Device Info, User Consents, Send Tab To Self, Web Apps, History, Saved Tab Group, WebAuthn Credentials, Collection, Edge E Drop, Edge Hub App Usage, Edge Wallet, Encryption Keys, reason: 4, current state: 0
2025-12-02 13:01:15.222: [WARN][Sync] Crypto error data types: Passwords, Autofill Profiles, Autofill
2025-12-02 13:01:15.226: [INFO][Sync] Configure, desired: Bookmarks, Preferences, Extensions, Sessions, Extension settings, History Delete Directives, Device Info, User Consents, Send Tab To Self, Web Apps, History, Saved Tab Group, WebAuthn Credentials, Collection, Edge E Drop, Edge Hub App Usage, Edge Wallet, Encryption Keys; Allow fail: Passwords, Autofill Profiles, Autofill
2025-12-02 13:01:15.226: [INFO][Sync] Loading: Bookmarks
2025-12-02 13:01:15.226: [INFO][Sync] Loading: Preferences
2025-12-02 13:01:15.226: [INFO][Sync] Loading: Extensions
2025-12-02 13:01:15.226: [INFO][Sync] Loading: Sessions
2025-12-02 13:01:15.226: [INFO][Sync] Loading: Extension settings
2025-12-02 13:01:15.226: [INFO][Sync] Loading: History Delete Directives
2025-12-02 13:01:15.226: [INFO][Sync] Loading: Device Info
2025-12-02 13:01:15.226: [INFO][Sync] Loading: User Consents
2025-12-02 13:01:15.226: [INFO][Sync] Loading: Send Tab To Self
2025-12-02 13:01:15.226: [INFO][Sync] Loading: Web Apps
2025-12-02 13:01:15.226: [INFO][Sync] Loading: History
2025-12-02 13:01:15.226: [INFO][Sync] Loading: Saved Tab Group
2025-12-02 13:01:15.227: [INFO][Sync] Loading: WebAuthn Credentials
2025-12-02 13:01:15.227: [INFO][Sync] Loading: Collection
2025-12-02 13:01:15.227: [INFO][Sync] Loading: Edge E Drop
2025-12-02 13:01:15.227: [INFO][Sync] Loading: Edge Hub App Usage
2025-12-02 13:01:15.227: [INFO][Sync] Loading: Edge Wallet
2025-12-02 13:01:15.252: [INFO][Sync] All data types are ready for configure.
2025-12-02 13:01:15.737: [INFO][Sync] Started DataTypeManager configuration, reason: 5
2025-12-02 13:01:15.737: [INFO][Sync] Configuring for: Bookmarks, Preferences, Passwords, Autofill Profiles, Autofill, Extensions, Sessions, Extension settings, History Delete Directives, Device Info, User Consents, Send Tab To Self, Web Apps, History, Saved Tab Group, WebAuthn Credentials, Collection, Edge E Drop, Edge Hub App Usage, Edge Wallet, Encryption Keys, reason: 5, current state: 1
2025-12-02 13:01:15.753: [INFO][SyncEngineBackend::DoStartConfiguration] Start configuration
2025-12-02 13:01:15.754: [INFO][SyncManagerImpl::ConfigureSyncer] Types to download:  with reason: 4
2025-12-02 13:01:15.754: [INFO][SyncEngineBackend::DoFinishConfigureDataTypes] Failed to download types:  and succeeded types: 
2025-12-02 13:01:15.755: [INFO][Sync] ConfigurationDone, failed: , succeeded: , remaining count: 4
2025-12-02 13:01:15.755: [WARN][Sync]     Reconfigure requested while configuration ongoing.
2025-12-02 13:01:15.755: [INFO][Sync] Configuring for: Bookmarks, Preferences, Passwords, Autofill Profiles, Autofill, Extensions, Sessions, Extension settings, History Delete Directives, Device Info, User Consents, Send Tab To Self, Web Apps, History, Saved Tab Group, WebAuthn Credentials, Collection, Edge E Drop, Edge Hub App Usage, Edge Wallet, Encryption Keys, reason: 5, current state: 2
2025-12-02 13:01:15.755: [INFO][Sync] Configure, desired: Bookmarks, Preferences, Passwords, Autofill Profiles, Autofill, Extensions, Sessions, Extension settings, History Delete Directives, Device Info, User Consents, Send Tab To Self, Web Apps, History, Saved Tab Group, WebAuthn Credentials, Collection, Edge E Drop, Edge Hub App Usage, Edge Wallet, Encryption Keys; Allow fail: 
2025-12-02 13:01:15.755: [INFO][Sync] Loading: Passwords
2025-12-02 13:01:15.755: [INFO][Sync] Loading: Autofill Profiles
2025-12-02 13:01:15.755: [INFO][Sync] Loading: Autofill
2025-12-02 13:01:15.755: [INFO][Sync] All data types are ready for configure.
2025-12-02 13:01:15.755: [INFO][SyncManagerImpl::NudgeForInitialDownload] Initial download nudge for Passwords
2025-12-02 13:01:15.755: [INFO][SyncManagerImpl::ConfigureSyncer] Types to download:  with reason: 5
2025-12-02 13:01:15.755: [INFO][SyncEngineBackend::DoFinishConfigureDataTypes] Failed to download types:  and succeeded types: 
2025-12-02 13:01:15.755: [INFO][Sync] ConfigurationDone, failed: , succeeded: , remaining count: 4
2025-12-02 13:01:15.755: [INFO][Sync] Prepare to configure types: Passwords, Encryption Keys
2025-12-02 13:01:15.756: [INFO][SyncManagerImpl::ConfigureSyncer] Types to download: Passwords, Encryption Keys with reason: 5
2025-12-02 13:01:15.756: [INFO][SyncSchedulerImpl::DoConfigurationSyncCycleJob] Blocked types:  and types to download: Passwords, Encryption Keys
2025-12-02 13:01:17.440: [INFO][SyncEngineBackend::DoFinishConfigureDataTypes] Failed to download types:  and succeeded types: Passwords, Encryption Keys
2025-12-02 13:01:17.443: [INFO][Sync] ConfigurationDone, failed: , succeeded: Passwords, Encryption Keys, remaining count: 3
2025-12-02 13:01:17.443: [INFO][SyncManagerImpl::ConfigureSyncer] Types to download:  with reason: 5
2025-12-02 13:01:17.443: [INFO][SyncEngineBackend::DoFinishConfigureDataTypes] Failed to download types:  and succeeded types: 
2025-12-02 13:01:17.459: [INFO][Sync] ConfigurationDone, failed: , succeeded: , remaining count: 2
2025-12-02 13:01:17.459: [INFO][SyncManagerImpl::ConfigureSyncer] Types to download:  with reason: 5
2025-12-02 13:01:17.459: [INFO][SyncEngineBackend::DoFinishConfigureDataTypes] Failed to download types:  and succeeded types: 
2025-12-02 13:01:17.471: [INFO][Sync] ConfigurationDone, failed: , succeeded: , remaining count: 1
2025-12-02 13:01:17.474: [INFO][SyncManagerImpl::ConfigureSyncer] Types to download:  with reason: 5
2025-12-02 13:01:17.474: [INFO][SyncEngineBackend::DoFinishConfigureDataTypes] Failed to download types:  and succeeded types: 
2025-12-02 13:01:17.482: [INFO][Sync] ConfigurationDone, failed: , succeeded: , remaining count: 0
2025-12-02 13:01:17.486: [INFO][Sync]     Configuration completed, state: 7
2025-12-02 13:01:17.486: [INFO][Sync] Configured DataTypeManager: Ok
2025-12-02 13:01:17.492: [INFO][SyncEngineBackend::DoStartSyncing] Start syncing
2025-12-02 13:02:58.438: [INFO][Sync] Reset engine, reason: 0
2025-12-02 13:02:58.438: [INFO][Sync] Reset engine with reason: 0
2025-12-02 13:06:58.202: [INFO][Sync] SyncState after authenticated was: FeatureCanStart
2025-12-02 13:07:00.501: [INFO][SyncAuthManager::SetLastAuthError] Current auth error: None
2025-12-02 13:07:00.501: [INFO][SyncAuthManager::EdgeLogTokenErrorState] Token error with: None for account type: MSA
2025-12-02 13:07:00.501: [INFO][Sync] Credentials changed for: EdgeSyncKeyDataScope
2025-12-02 13:07:08.362: [INFO][Sync] Try to start sync engine
2025-12-02 13:07:08.364: [INFO][SyncManagerImpl::NudgeForInitialDownload] Initial download nudge for Encryption Keys
2025-12-02 13:07:08.364: [INFO][SyncEngineBackend::LoadAndConnectNigoriController] Load and connect Nigori controller
2025-12-02 13:07:08.364: [INFO][SyncEngineBackend::DoInitialize] Control Types added: Encryption Keys
2025-12-02 13:07:08.364: [INFO][SyncManagerImpl::ConfigureSyncer] Types to download: Encryption Keys with reason: 3
2025-12-02 13:07:08.365: [INFO][SyncEngineBackend::DoUpdateKeyDataCredentials] Update key data credentials
2025-12-02 13:07:08.365: [INFO][SyncSchedulerImpl::DoConfigurationSyncCycleJob] Configure job was blocked
2025-12-02 13:07:08.435: [INFO][SyncAuthManager::SetLastAuthError] Current auth error: None
2025-12-02 13:07:08.435: [INFO][SyncAuthManager::EdgeLogTokenErrorState] Token error with: None for account type: MSA
2025-12-02 13:07:08.435: [INFO][Sync] Credentials changed for: EdgeSyncScopeNew
2025-12-02 13:07:08.435: [INFO][SyncEngineBackend::DoUpdateCredentials] Update credentials
2025-12-02 13:07:08.435: [INFO][SyncSchedulerImpl::DoConfigurationSyncCycleJob] Blocked types:  and types to download: Encryption Keys
2025-12-02 13:07:08.887: [INFO][SyncEngineBackend::DoUpdateKeyDataCredentials] Update key data credentials
2025-12-02 13:07:08.907: [INFO][Sync] Started DataTypeManager configuration, reason: 4
2025-12-02 13:07:08.907: [INFO][Sync] Configuring for: Bookmarks, Preferences, Passwords, Autofill Profiles, Autofill, Extensions, Sessions, Extension settings, History Delete Directives, Device Info, User Consents, Send Tab To Self, Web Apps, History, Saved Tab Group, WebAuthn Credentials, Collection, Edge E Drop, Edge Hub App Usage, Edge Wallet, Encryption Keys, reason: 4, current state: 0
2025-12-02 13:07:08.907: [WARN][Sync] Crypto error data types: Passwords, Autofill Profiles, Autofill
2025-12-02 13:07:08.910: [INFO][Sync] Configure, desired: Bookmarks, Preferences, Extensions, Sessions, Extension settings, History Delete Directives, Device Info, User Consents, Send Tab To Self, Web Apps, History, Saved Tab Group, WebAuthn Credentials, Collection, Edge E Drop, Edge Hub App Usage, Edge Wallet, Encryption Keys; Allow fail: Passwords, Autofill Profiles, Autofill
2025-12-02 13:07:08.910: [INFO][Sync] Loading: Bookmarks
2025-12-02 13:07:08.910: [INFO][Sync] Loading: Preferences
2025-12-02 13:07:08.910: [INFO][Sync] Loading: Extensions
2025-12-02 13:07:08.910: [INFO][Sync] Loading: Sessions
2025-12-02 13:07:08.910: [INFO][Sync] Loading: Extension settings
2025-12-02 13:07:08.910: [INFO][Sync] Loading: History Delete Directives
2025-12-02 13:07:08.910: [INFO][Sync] Loading: Device Info
2025-12-02 13:07:08.910: [INFO][Sync] Loading: User Consents
2025-12-02 13:07:08.911: [INFO][Sync] Loading: Send Tab To Self
2025-12-02 13:07:08.911: [INFO][Sync] Loading: Web Apps
2025-12-02 13:07:08.911: [INFO][Sync] Loading: History
2025-12-02 13:07:08.911: [INFO][Sync] Loading: Saved Tab Group
2025-12-02 13:07:08.911: [INFO][Sync] Loading: WebAuthn Credentials
2025-12-02 13:07:08.911: [INFO][Sync] Loading: Collection
2025-12-02 13:07:08.911: [INFO][Sync] Loading: Edge E Drop
2025-12-02 13:07:08.911: [INFO][Sync] Loading: Edge Hub App Usage
2025-12-02 13:07:08.911: [INFO][Sync] Loading: Edge Wallet
2025-12-02 13:07:08.933: [INFO][Sync] All data types are ready for configure.
2025-12-02 13:07:09.436: [INFO][Sync] Started DataTypeManager configuration, reason: 5
2025-12-02 13:07:09.436: [INFO][Sync] Configuring for: Bookmarks, Preferences, Passwords, Autofill Profiles, Autofill, Extensions, Sessions, Extension settings, History Delete Directives, Device Info, User Consents, Send Tab To Self, Web Apps, History, Saved Tab Group, WebAuthn Credentials, Collection, Edge E Drop, Edge Hub App Usage, Edge Wallet, Encryption Keys, reason: 5, current state: 1
2025-12-02 13:07:09.447: [INFO][SyncEngineBackend::DoStartConfiguration] Start configuration
2025-12-02 13:07:09.447: [INFO][SyncManagerImpl::ConfigureSyncer] Types to download:  with reason: 4
2025-12-02 13:07:09.447: [INFO][SyncEngineBackend::DoFinishConfigureDataTypes] Failed to download types:  and succeeded types: 
2025-12-02 13:07:09.455: [INFO][Sync] ConfigurationDone, failed: , succeeded: , remaining count: 4
2025-12-02 13:07:09.455: [WARN][Sync]     Reconfigure requested while configuration ongoing.
2025-12-02 13:07:09.455: [INFO][Sync] Configuring for: Bookmarks, Preferences, Passwords, Autofill Profiles, Autofill, Extensions, Sessions, Extension settings, History Delete Directives, Device Info, User Consents, Send Tab To Self, Web Apps, History, Saved Tab Group, WebAuthn Credentials, Collection, Edge E Drop, Edge Hub App Usage, Edge Wallet, Encryption Keys, reason: 5, current state: 2
2025-12-02 13:07:09.455: [INFO][Sync] Configure, desired: Bookmarks, Preferences, Passwords, Autofill Profiles, Autofill, Extensions, Sessions, Extension settings, History Delete Directives, Device Info, User Consents, Send Tab To Self, Web Apps, History, Saved Tab Group, WebAuthn Credentials, Collection, Edge E Drop, Edge Hub App Usage, Edge Wallet, Encryption Keys; Allow fail: 
2025-12-02 13:07:09.455: [INFO][Sync] Loading: Passwords
2025-12-02 13:07:09.455: [INFO][Sync] Loading: Autofill Profiles
2025-12-02 13:07:09.455: [INFO][Sync] Loading: Autofill
2025-12-02 13:07:09.456: [INFO][Sync] All data types are ready for configure.
2025-12-02 13:07:09.456: [INFO][SyncManagerImpl::NudgeForInitialDownload] Initial download nudge for Passwords
2025-12-02 13:07:09.456: [INFO][SyncManagerImpl::ConfigureSyncer] Types to download:  with reason: 5
2025-12-02 13:07:09.456: [INFO][SyncEngineBackend::DoFinishConfigureDataTypes] Failed to download types:  and succeeded types: 
2025-12-02 13:07:09.462: [INFO][Sync] ConfigurationDone, failed: , succeeded: , remaining count: 4
2025-12-02 13:07:09.462: [INFO][Sync] Prepare to configure types: Passwords, Encryption Keys
2025-12-02 13:07:09.462: [INFO][SyncManagerImpl::ConfigureSyncer] Types to download: Passwords, Encryption Keys with reason: 5
2025-12-02 13:07:09.462: [INFO][SyncSchedulerImpl::DoConfigurationSyncCycleJob] Blocked types:  and types to download: Passwords, Encryption Keys
2025-12-02 13:07:10.415: [INFO][SyncEngineBackend::DoFinishConfigureDataTypes] Failed to download types:  and succeeded types: Passwords, Encryption Keys
2025-12-02 13:07:10.426: [INFO][Sync] ConfigurationDone, failed: , succeeded: Passwords, Encryption Keys, remaining count: 3
2025-12-02 13:07:10.427: [INFO][SyncManagerImpl::ConfigureSyncer] Types to download:  with reason: 5
2025-12-02 13:07:10.427: [INFO][SyncEngineBackend::DoFinishConfigureDataTypes] Failed to download types:  and succeeded types: 
2025-12-02 13:07:10.428: [INFO][Sync] ConfigurationDone, failed: , succeeded: , remaining count: 2
2025-12-02 13:07:10.428: [INFO][SyncManagerImpl::ConfigureSyncer] Types to download:  with reason: 5
2025-12-02 13:07:10.428: [INFO][SyncEngineBackend::DoFinishConfigureDataTypes] Failed to download types:  and succeeded types: 
2025-12-02 13:07:10.429: [INFO][Sync] ConfigurationDone, failed: , succeeded: , remaining count: 1
2025-12-02 13:07:10.436: [INFO][SyncManagerImpl::ConfigureSyncer] Types to download:  with reason: 5
2025-12-02 13:07:10.436: [INFO][SyncEngineBackend::DoFinishConfigureDataTypes] Failed to download types:  and succeeded types: 
2025-12-02 13:07:10.437: [INFO][Sync] ConfigurationDone, failed: , succeeded: , remaining count: 0
2025-12-02 13:07:10.441: [INFO][Sync]     Configuration completed, state: 7
2025-12-02 13:07:10.442: [INFO][Sync] Configured DataTypeManager: Ok
2025-12-02 13:07:10.448: [INFO][SyncEngineBackend::DoStartSyncing] Start syncing
2025-12-02 13:13:48.204: [INFO][Sync] Reset engine, reason: 0
2025-12-02 13:13:48.204: [INFO][Sync] Reset engine with reason: 0
